INFO - 2024-10-23 02:19:24 --> Session: Class initialized using 'CodeIgniter\Session\Handlers\FileHandler' driver.
INFO - 2024-10-23 02:19:31 --> Session: Class initialized using 'CodeIgniter\Session\Handlers\FileHandler' driver.
INFO - 2024-10-23 02:20:02 --> Session: Class initialized using 'CodeIgniter\Session\Handlers\FileHandler' driver.
CRITICAL - 2024-10-23 02:20:26 --> Undefined array key "department"
in APPPATH\Views\SurveyPage\survey_results.php on line 70.
 1 APPPATH\Views\SurveyPage\survey_results.php(70): CodeIgniter\Debug\Exceptions->errorHandler(2, 'Undefined array key "department"', 'C:\\Users\\user 1\\Desktop\\Starter\\app\\Views\\SurveyPage\\survey_results.php', 70)
 2 SYSTEMPATH\View\View.php(224): include('C:\\Users\\user 1\\Desktop\\Starter\\app\\Views\\SurveyPage\\survey_results.php')
 3 SYSTEMPATH\View\View.php(227): CodeIgniter\View\View->CodeIgniter\View\{closure}()
 4 SYSTEMPATH\Common.php(1180): CodeIgniter\View\View->render('/SurveyPage/survey_results', [], true)
 5 APPPATH\Controllers\Survey.php(82): view('/SurveyPage/survey_results', [...])
 6 SYSTEMPATH\CodeIgniter.php(932): App\Controllers\Survey->results()
 7 SYSTEMPATH\CodeIgniter.php(497): CodeIgniter\CodeIgniter->runController(Object(App\Controllers\Survey))
 8 SYSTEMPATH\CodeIgniter.php(366): CodeIgniter\CodeIgniter->handleRequest(null, Object(Config\Cache), false)
 9 FCPATH\index.php(67): CodeIgniter\CodeIgniter->run()
10 SYSTEMPATH\Commands\Server\rewrite.php(47): require_once('C:\\Users\\user 1\\Desktop\\Starter\\public\\index.php')
CRITICAL - 2024-10-23 02:20:31 --> Undefined array key "department"
in APPPATH\Views\SurveyPage\survey_results.php on line 70.
 1 APPPATH\Views\SurveyPage\survey_results.php(70): CodeIgniter\Debug\Exceptions->errorHandler(2, 'Undefined array key "department"', 'C:\\Users\\user 1\\Desktop\\Starter\\app\\Views\\SurveyPage\\survey_results.php', 70)
 2 SYSTEMPATH\View\View.php(224): include('C:\\Users\\user 1\\Desktop\\Starter\\app\\Views\\SurveyPage\\survey_results.php')
 3 SYSTEMPATH\View\View.php(227): CodeIgniter\View\View->CodeIgniter\View\{closure}()
 4 SYSTEMPATH\Common.php(1180): CodeIgniter\View\View->render('/SurveyPage/survey_results', [], true)
 5 APPPATH\Controllers\Survey.php(82): view('/SurveyPage/survey_results', [...])
 6 SYSTEMPATH\CodeIgniter.php(932): App\Controllers\Survey->results()
 7 SYSTEMPATH\CodeIgniter.php(497): CodeIgniter\CodeIgniter->runController(Object(App\Controllers\Survey))
 8 SYSTEMPATH\CodeIgniter.php(366): CodeIgniter\CodeIgniter->handleRequest(null, Object(Config\Cache), false)
 9 FCPATH\index.php(67): CodeIgniter\CodeIgniter->run()
10 SYSTEMPATH\Commands\Server\rewrite.php(47): require_once('C:\\Users\\user 1\\Desktop\\Starter\\public\\index.php')
INFO - 2024-10-23 02:20:40 --> Session: Class initialized using 'CodeIgniter\Session\Handlers\FileHandler' driver.
INFO - 2024-10-23 02:22:35 --> Session: Class initialized using 'CodeIgniter\Session\Handlers\FileHandler' driver.
INFO - 2024-10-23 02:22:40 --> Session: Class initialized using 'CodeIgniter\Session\Handlers\FileHandler' driver.
INFO - 2024-10-23 02:22:50 --> Session: Class initialized using 'CodeIgniter\Session\Handlers\FileHandler' driver.
INFO - 2024-10-23 03:08:29 --> Session: Class initialized using 'CodeIgniter\Session\Handlers\FileHandler' driver.
INFO - 2024-10-23 03:08:31 --> Session: Class initialized using 'CodeIgniter\Session\Handlers\FileHandler' driver.
INFO - 2024-10-23 03:08:34 --> Session: Class initialized using 'CodeIgniter\Session\Handlers\FileHandler' driver.
INFO - 2024-10-23 03:08:41 --> Session: Class initialized using 'CodeIgniter\Session\Handlers\FileHandler' driver.
INFO - 2024-10-23 03:08:45 --> Session: Class initialized using 'CodeIgniter\Session\Handlers\FileHandler' driver.
INFO - 2024-10-23 03:08:48 --> Session: Class initialized using 'CodeIgniter\Session\Handlers\FileHandler' driver.
INFO - 2024-10-23 03:09:24 --> Session: Class initialized using 'CodeIgniter\Session\Handlers\FileHandler' driver.
INFO - 2024-10-23 03:09:26 --> Session: Class initialized using 'CodeIgniter\Session\Handlers\FileHandler' driver.
INFO - 2024-10-23 03:09:31 --> Session: Class initialized using 'CodeIgniter\Session\Handlers\FileHandler' driver.
INFO - 2024-10-23 03:09:42 --> Session: Class initialized using 'CodeIgniter\Session\Handlers\FileHandler' driver.
INFO - 2024-10-23 03:09:47 --> Session: Class initialized using 'CodeIgniter\Session\Handlers\FileHandler' driver.
INFO - 2024-10-23 03:09:51 --> Session: Class initialized using 'CodeIgniter\Session\Handlers\FileHandler' driver.
INFO - 2024-10-23 03:10:20 --> Session: Class initialized using 'CodeIgniter\Session\Handlers\FileHandler' driver.
INFO - 2024-10-23 03:10:22 --> Session: Class initialized using 'CodeIgniter\Session\Handlers\FileHandler' driver.
INFO - 2024-10-23 03:10:51 --> Session: Class initialized using 'CodeIgniter\Session\Handlers\FileHandler' driver.
INFO - 2024-10-23 03:11:22 --> Session: Class initialized using 'CodeIgniter\Session\Handlers\FileHandler' driver.
INFO - 2024-10-23 03:11:26 --> Session: Class initialized using 'CodeIgniter\Session\Handlers\FileHandler' driver.
INFO - 2024-10-23 03:11:33 --> Session: Class initialized using 'CodeIgniter\Session\Handlers\FileHandler' driver.
INFO - 2024-10-23 03:12:02 --> Session: Class initialized using 'CodeIgniter\Session\Handlers\FileHandler' driver.
INFO - 2024-10-23 03:12:13 --> Session: Class initialized using 'CodeIgniter\Session\Handlers\FileHandler' driver.
INFO - 2024-10-23 03:12:17 --> Session: Class initialized using 'CodeIgniter\Session\Handlers\FileHandler' driver.
INFO - 2024-10-23 03:12:31 --> Session: Class initialized using 'CodeIgniter\Session\Handlers\FileHandler' driver.
INFO - 2024-10-23 03:12:48 --> Session: Class initialized using 'CodeIgniter\Session\Handlers\FileHandler' driver.
INFO - 2024-10-23 03:12:56 --> Session: Class initialized using 'CodeIgniter\Session\Handlers\FileHandler' driver.
INFO - 2024-10-23 03:13:36 --> Session: Class initialized using 'CodeIgniter\Session\Handlers\FileHandler' driver.
INFO - 2024-10-23 03:13:39 --> Session: Class initialized using 'CodeIgniter\Session\Handlers\FileHandler' driver.
INFO - 2024-10-23 03:13:46 --> Session: Class initialized using 'CodeIgniter\Session\Handlers\FileHandler' driver.
INFO - 2024-10-23 03:14:26 --> Session: Class initialized using 'CodeIgniter\Session\Handlers\FileHandler' driver.
INFO - 2024-10-23 03:14:47 --> Session: Class initialized using 'CodeIgniter\Session\Handlers\FileHandler' driver.
INFO - 2024-10-23 03:15:31 --> Session: Class initialized using 'CodeIgniter\Session\Handlers\FileHandler' driver.
INFO - 2024-10-23 03:17:08 --> Session: Class initialized using 'CodeIgniter\Session\Handlers\FileHandler' driver.
INFO - 2024-10-23 03:17:09 --> Session: Class initialized using 'CodeIgniter\Session\Handlers\FileHandler' driver.
INFO - 2024-10-23 03:28:20 --> Session: Class initialized using 'CodeIgniter\Session\Handlers\FileHandler' driver.
INFO - 2024-10-23 03:28:41 --> Session: Class initialized using 'CodeIgniter\Session\Handlers\FileHandler' driver.
INFO - 2024-10-23 03:28:42 --> Session: Class initialized using 'CodeIgniter\Session\Handlers\FileHandler' driver.
INFO - 2024-10-23 03:28:50 --> Session: Class initialized using 'CodeIgniter\Session\Handlers\FileHandler' driver.
INFO - 2024-10-23 03:29:25 --> Session: Class initialized using 'CodeIgniter\Session\Handlers\FileHandler' driver.
INFO - 2024-10-23 03:29:48 --> Session: Class initialized using 'CodeIgniter\Session\Handlers\FileHandler' driver.
INFO - 2024-10-23 03:29:50 --> Session: Class initialized using 'CodeIgniter\Session\Handlers\FileHandler' driver.
INFO - 2024-10-23 03:30:53 --> Session: Class initialized using 'CodeIgniter\Session\Handlers\FileHandler' driver.
INFO - 2024-10-23 03:30:57 --> Session: Class initialized using 'CodeIgniter\Session\Handlers\FileHandler' driver.
INFO - 2024-10-23 03:31:01 --> Session: Class initialized using 'CodeIgniter\Session\Handlers\FileHandler' driver.
INFO - 2024-10-23 03:31:03 --> Session: Class initialized using 'CodeIgniter\Session\Handlers\FileHandler' driver.
INFO - 2024-10-23 03:31:05 --> Session: Class initialized using 'CodeIgniter\Session\Handlers\FileHandler' driver.
INFO - 2024-10-23 03:31:08 --> Session: Class initialized using 'CodeIgniter\Session\Handlers\FileHandler' driver.
INFO - 2024-10-23 03:31:16 --> Session: Class initialized using 'CodeIgniter\Session\Handlers\FileHandler' driver.
INFO - 2024-10-23 03:31:18 --> Session: Class initialized using 'CodeIgniter\Session\Handlers\FileHandler' driver.
INFO - 2024-10-23 03:31:39 --> Session: Class initialized using 'CodeIgniter\Session\Handlers\FileHandler' driver.
INFO - 2024-10-23 03:32:07 --> Session: Class initialized using 'CodeIgniter\Session\Handlers\FileHandler' driver.
INFO - 2024-10-23 03:32:45 --> Session: Class initialized using 'CodeIgniter\Session\Handlers\FileHandler' driver.
INFO - 2024-10-23 03:32:49 --> Session: Class initialized using 'CodeIgniter\Session\Handlers\FileHandler' driver.
INFO - 2024-10-23 03:32:53 --> Session: Class initialized using 'CodeIgniter\Session\Handlers\FileHandler' driver.
INFO - 2024-10-23 03:33:03 --> Session: Class initialized using 'CodeIgniter\Session\Handlers\FileHandler' driver.
INFO - 2024-10-23 03:33:54 --> Session: Class initialized using 'CodeIgniter\Session\Handlers\FileHandler' driver.
INFO - 2024-10-23 03:33:58 --> Session: Class initialized using 'CodeIgniter\Session\Handlers\FileHandler' driver.
INFO - 2024-10-23 05:34:15 --> Session: Class initialized using 'CodeIgniter\Session\Handlers\FileHandler' driver.
INFO - 2024-10-23 05:45:25 --> Session: Class initialized using 'CodeIgniter\Session\Handlers\FileHandler' driver.
INFO - 2024-10-23 05:54:03 --> Session: Class initialized using 'CodeIgniter\Session\Handlers\FileHandler' driver.
INFO - 2024-10-23 06:01:11 --> Session: Class initialized using 'CodeIgniter\Session\Handlers\FileHandler' driver.
INFO - 2024-10-23 06:19:05 --> Session: Class initialized using 'CodeIgniter\Session\Handlers\FileHandler' driver.
INFO - 2024-10-23 06:26:45 --> Session: Class initialized using 'CodeIgniter\Session\Handlers\FileHandler' driver.
INFO - 2024-10-23 06:27:11 --> Session: Class initialized using 'CodeIgniter\Session\Handlers\FileHandler' driver.
INFO - 2024-10-23 06:28:14 --> Session: Class initialized using 'CodeIgniter\Session\Handlers\FileHandler' driver.
ERROR - 2024-10-23 06:28:58 --> mysqli_sql_exception: You have an error in your SQL syntax; check the manual that corresponds to your MariaDB server version for the right syntax to use near 'SUM(CASE WHEN satisfaction = "Strongly_Agree" THEN 1 ELSE 0 END)/count(*)*100...' at line 2 in C:\Users\user 1\Desktop\Starter\system\Database\MySQLi\Connection.php:295
Stack trace:
#0 C:\Users\user 1\Desktop\Starter\system\Database\MySQLi\Connection.php(295): mysqli->query('SELECT `departm...', 0)
#1 C:\Users\user 1\Desktop\Starter\system\Database\BaseConnection.php(692): CodeIgniter\Database\MySQLi\Connection->execute('SELECT `departm...')
#2 C:\Users\user 1\Desktop\Starter\system\Database\BaseConnection.php(606): CodeIgniter\Database\BaseConnection->simpleQuery('SELECT `departm...')
#3 C:\Users\user 1\Desktop\Starter\system\Database\BaseBuilder.php(1616): CodeIgniter\Database\BaseConnection->query('SELECT `departm...', Array, false)
#4 C:\Users\user 1\Desktop\Starter\system\Model.php(241): CodeIgniter\Database\BaseBuilder->get()
#5 C:\Users\user 1\Desktop\Starter\system\BaseModel.php(618): CodeIgniter\Model->doFindAll(0, 0)
#6 C:\Users\user 1\Desktop\Starter\app\Models\SurveyModel.php(150): CodeIgniter\BaseModel->findAll()
#7 C:\Users\user 1\Desktop\Starter\app\Controllers\Home.php(24): App\Models\SurveyModel->getMonthlyCounts()
#8 C:\Users\user 1\Desktop\Starter\system\CodeIgniter.php(932): App\Controllers\Home->index()
#9 C:\Users\user 1\Desktop\Starter\system\CodeIgniter.php(497): CodeIgniter\CodeIgniter->runController(Object(App\Controllers\Home))
#10 C:\Users\user 1\Desktop\Starter\system\CodeIgniter.php(366): CodeIgniter\CodeIgniter->handleRequest(NULL, Object(Config\Cache), false)
#11 C:\Users\user 1\Desktop\Starter\public\index.php(67): CodeIgniter\CodeIgniter->run()
#12 C:\Users\user 1\Desktop\Starter\system\Commands\Server\rewrite.php(47): require_once('C:\\Users\\user 1...')
#13 {main}
CRITICAL - 2024-10-23 06:28:58 --> You have an error in your SQL syntax; check the manual that corresponds to your MariaDB server version for the right syntax to use near 'SUM(CASE WHEN satisfaction = "Strongly_Agree" THEN 1 ELSE 0 END)/count(*)*100...' at line 2
in SYSTEMPATH\Database\MySQLi\Connection.php on line 295.
 1 SYSTEMPATH\Database\MySQLi\Connection.php(295): mysqli->query('SELECT `department_tbl`.`department` AS `department`, COUNT(*) AS total_responses, SUM(CASE WHEN satisfaction = "Strongly_Agree" THEN 1 ELSE 0 END) AS satisfaction_strongly_agree_count, SUM(CASE WHEN satisfaction = "Agree" THEN 1 ELSE 0 END) AS satisfaction_agree_count, SUM(CASE WHEN satisfaction = "Neither_agree_nor_dissatisfied" THEN 1 ELSE 0 END) AS satisfaction_neither_count, SUM(CASE WHEN satisfaction = "Disagree" THEN 1 ELSE 0 END) AS satisfaction_disagree_count, SUM(CASE WHEN satisfaction = "Strongly_Disagree" THEN 1 ELSE 0 END) AS satisfaction_strongly_disagree_count
            SUM(CASE WHEN satisfaction = "Strongly_Agree" THEN 1 ELSE 0 END)/count(*)*100 AS satisfaction_strongly_agree_count
FROM `survey_responses`
JOIN `department_tbl` ON `survey_responses`.`department_id` = `department_tbl`.`department_id`
WHERE `survey_responses`.`created_at` >= \'2024-09-23 06:28:58\'
GROUP BY `survey_responses`.`department_id`', 0)
 2 SYSTEMPATH\Database\BaseConnection.php(692): CodeIgniter\Database\MySQLi\Connection->execute('SELECT `department_tbl`.`department` AS `department`, COUNT(*) AS total_responses, SUM(CASE WHEN satisfaction = "Strongly_Agree" THEN 1 ELSE 0 END) AS satisfaction_strongly_agree_count, SUM(CASE WHEN satisfaction = "Agree" THEN 1 ELSE 0 END) AS satisfaction_agree_count, SUM(CASE WHEN satisfaction = "Neither_agree_nor_dissatisfied" THEN 1 ELSE 0 END) AS satisfaction_neither_count, SUM(CASE WHEN satisfaction = "Disagree" THEN 1 ELSE 0 END) AS satisfaction_disagree_count, SUM(CASE WHEN satisfaction = "Strongly_Disagree" THEN 1 ELSE 0 END) AS satisfaction_strongly_disagree_count
            SUM(CASE WHEN satisfaction = "Strongly_Agree" THEN 1 ELSE 0 END)/count(*)*100 AS satisfaction_strongly_agree_count
FROM `survey_responses`
JOIN `department_tbl` ON `survey_responses`.`department_id` = `department_tbl`.`department_id`
WHERE `survey_responses`.`created_at` >= \'2024-09-23 06:28:58\'
GROUP BY `survey_responses`.`department_id`')
 3 SYSTEMPATH\Database\BaseConnection.php(606): CodeIgniter\Database\BaseConnection->simpleQuery('SELECT `department_tbl`.`department` AS `department`, COUNT(*) AS total_responses, SUM(CASE WHEN satisfaction = "Strongly_Agree" THEN 1 ELSE 0 END) AS satisfaction_strongly_agree_count, SUM(CASE WHEN satisfaction = "Agree" THEN 1 ELSE 0 END) AS satisfaction_agree_count, SUM(CASE WHEN satisfaction = "Neither_agree_nor_dissatisfied" THEN 1 ELSE 0 END) AS satisfaction_neither_count, SUM(CASE WHEN satisfaction = "Disagree" THEN 1 ELSE 0 END) AS satisfaction_disagree_count, SUM(CASE WHEN satisfaction = "Strongly_Disagree" THEN 1 ELSE 0 END) AS satisfaction_strongly_disagree_count
            SUM(CASE WHEN satisfaction = "Strongly_Agree" THEN 1 ELSE 0 END)/count(*)*100 AS satisfaction_strongly_agree_count
FROM `survey_responses`
JOIN `department_tbl` ON `survey_responses`.`department_id` = `department_tbl`.`department_id`
WHERE `survey_responses`.`created_at` >= \'2024-09-23 06:28:58\'
GROUP BY `survey_responses`.`department_id`')
 4 SYSTEMPATH\Database\BaseBuilder.php(1616): CodeIgniter\Database\BaseConnection->query('SELECT `department_tbl`.`department` AS `department`, COUNT(*) AS total_responses, SUM(CASE WHEN satisfaction = "Strongly_Agree" THEN 1 ELSE 0 END) AS satisfaction_strongly_agree_count, SUM(CASE WHEN satisfaction = "Agree" THEN 1 ELSE 0 END) AS satisfaction_agree_count, SUM(CASE WHEN satisfaction = "Neither_agree_nor_dissatisfied" THEN 1 ELSE 0 END) AS satisfaction_neither_count, SUM(CASE WHEN satisfaction = "Disagree" THEN 1 ELSE 0 END) AS satisfaction_disagree_count, SUM(CASE WHEN satisfaction = "Strongly_Disagree" THEN 1 ELSE 0 END) AS satisfaction_strongly_disagree_count
            SUM(CASE WHEN satisfaction = "Strongly_Agree" THEN 1 ELSE 0 END)/count(*)*100 AS satisfaction_strongly_agree_count
FROM `survey_responses`
JOIN `department_tbl` ON `survey_responses`.`department_id` = `department_tbl`.`department_id`
WHERE `survey_responses`.`created_at` >= :survey_responses.created_at:
GROUP BY `survey_responses`.`department_id`', [...], false)
 5 SYSTEMPATH\Model.php(241): CodeIgniter\Database\BaseBuilder->get()
 6 SYSTEMPATH\BaseModel.php(618): CodeIgniter\Model->doFindAll(0, 0)
 7 APPPATH\Models\SurveyModel.php(150): CodeIgniter\BaseModel->findAll()
 8 APPPATH\Controllers\Home.php(24): App\Models\SurveyModel->getMonthlyCounts()
 9 SYSTEMPATH\CodeIgniter.php(932): App\Controllers\Home->index()
10 SYSTEMPATH\CodeIgniter.php(497): CodeIgniter\CodeIgniter->runController(Object(App\Controllers\Home))
11 SYSTEMPATH\CodeIgniter.php(366): CodeIgniter\CodeIgniter->handleRequest(null, Object(Config\Cache), false)
12 FCPATH\index.php(67): CodeIgniter\CodeIgniter->run()
13 SYSTEMPATH\Commands\Server\rewrite.php(47): require_once('C:\\Users\\user 1\\Desktop\\Starter\\public\\index.php')
INFO - 2024-10-23 06:30:05 --> Session: Class initialized using 'CodeIgniter\Session\Handlers\FileHandler' driver.
INFO - 2024-10-23 06:30:31 --> Session: Class initialized using 'CodeIgniter\Session\Handlers\FileHandler' driver.
ERROR - 2024-10-23 06:30:45 --> mysqli_sql_exception: You have an error in your SQL syntax; check the manual that corresponds to your MariaDB server version for the right syntax to use near '// SUM(CASE WHEN satisfaction = "Strongly_Agree" THEN 1 ELSE 0 END)/count(*)*...' at line 1 in C:\Users\user 1\Desktop\Starter\system\Database\MySQLi\Connection.php:295
Stack trace:
#0 C:\Users\user 1\Desktop\Starter\system\Database\MySQLi\Connection.php(295): mysqli->query('SELECT `departm...', 0)
#1 C:\Users\user 1\Desktop\Starter\system\Database\BaseConnection.php(692): CodeIgniter\Database\MySQLi\Connection->execute('SELECT `departm...')
#2 C:\Users\user 1\Desktop\Starter\system\Database\BaseConnection.php(606): CodeIgniter\Database\BaseConnection->simpleQuery('SELECT `departm...')
#3 C:\Users\user 1\Desktop\Starter\system\Database\BaseBuilder.php(1616): CodeIgniter\Database\BaseConnection->query('SELECT `departm...', Array, false)
#4 C:\Users\user 1\Desktop\Starter\system\Model.php(241): CodeIgniter\Database\BaseBuilder->get()
#5 C:\Users\user 1\Desktop\Starter\system\BaseModel.php(618): CodeIgniter\Model->doFindAll(0, 0)
#6 C:\Users\user 1\Desktop\Starter\app\Models\SurveyModel.php(150): CodeIgniter\BaseModel->findAll()
#7 C:\Users\user 1\Desktop\Starter\app\Controllers\Home.php(24): App\Models\SurveyModel->getMonthlyCounts()
#8 C:\Users\user 1\Desktop\Starter\system\CodeIgniter.php(932): App\Controllers\Home->index()
#9 C:\Users\user 1\Desktop\Starter\system\CodeIgniter.php(497): CodeIgniter\CodeIgniter->runController(Object(App\Controllers\Home))
#10 C:\Users\user 1\Desktop\Starter\system\CodeIgniter.php(366): CodeIgniter\CodeIgniter->handleRequest(NULL, Object(Config\Cache), false)
#11 C:\Users\user 1\Desktop\Starter\public\index.php(67): CodeIgniter\CodeIgniter->run()
#12 C:\Users\user 1\Desktop\Starter\system\Commands\Server\rewrite.php(47): require_once('C:\\Users\\user 1...')
#13 {main}
CRITICAL - 2024-10-23 06:30:45 --> You have an error in your SQL syntax; check the manual that corresponds to your MariaDB server version for the right syntax to use near '// SUM(CASE WHEN satisfaction = "Strongly_Agree" THEN 1 ELSE 0 END)/count(*)*...' at line 1
in SYSTEMPATH\Database\MySQLi\Connection.php on line 295.
 1 SYSTEMPATH\Database\MySQLi\Connection.php(295): mysqli->query('SELECT `department_tbl`.`department` AS `department`, COUNT(*) AS total_responses, SUM(CASE WHEN satisfaction = "Strongly_Agree" THEN 1 ELSE 0 END) AS satisfaction_strongly_agree_count, SUM(CASE WHEN satisfaction = "Agree" THEN 1 ELSE 0 END) AS satisfaction_agree_count, SUM(CASE WHEN satisfaction = "Neither_agree_nor_dissatisfied" THEN 1 ELSE 0 END) AS satisfaction_neither_count, SUM(CASE WHEN satisfaction = "Disagree" THEN 1 ELSE 0 END) AS satisfaction_disagree_count, SUM(CASE WHEN satisfaction = "Strongly_Disagree" THEN 1 ELSE 0 END) AS satisfaction_strongly_disagree_count, // SUM(CASE WHEN satisfaction = "Strongly_Agree" THEN 1 ELSE 0 END)/count(*)*100 AS satisfaction_strongly_agree_count
FROM `survey_responses`
JOIN `department_tbl` ON `survey_responses`.`department_id` = `department_tbl`.`department_id`
WHERE `survey_responses`.`created_at` >= \'2024-09-23 06:30:45\'
GROUP BY `survey_responses`.`department_id`', 0)
 2 SYSTEMPATH\Database\BaseConnection.php(692): CodeIgniter\Database\MySQLi\Connection->execute('SELECT `department_tbl`.`department` AS `department`, COUNT(*) AS total_responses, SUM(CASE WHEN satisfaction = "Strongly_Agree" THEN 1 ELSE 0 END) AS satisfaction_strongly_agree_count, SUM(CASE WHEN satisfaction = "Agree" THEN 1 ELSE 0 END) AS satisfaction_agree_count, SUM(CASE WHEN satisfaction = "Neither_agree_nor_dissatisfied" THEN 1 ELSE 0 END) AS satisfaction_neither_count, SUM(CASE WHEN satisfaction = "Disagree" THEN 1 ELSE 0 END) AS satisfaction_disagree_count, SUM(CASE WHEN satisfaction = "Strongly_Disagree" THEN 1 ELSE 0 END) AS satisfaction_strongly_disagree_count, // SUM(CASE WHEN satisfaction = "Strongly_Agree" THEN 1 ELSE 0 END)/count(*)*100 AS satisfaction_strongly_agree_count
FROM `survey_responses`
JOIN `department_tbl` ON `survey_responses`.`department_id` = `department_tbl`.`department_id`
WHERE `survey_responses`.`created_at` >= \'2024-09-23 06:30:45\'
GROUP BY `survey_responses`.`department_id`')
 3 SYSTEMPATH\Database\BaseConnection.php(606): CodeIgniter\Database\BaseConnection->simpleQuery('SELECT `department_tbl`.`department` AS `department`, COUNT(*) AS total_responses, SUM(CASE WHEN satisfaction = "Strongly_Agree" THEN 1 ELSE 0 END) AS satisfaction_strongly_agree_count, SUM(CASE WHEN satisfaction = "Agree" THEN 1 ELSE 0 END) AS satisfaction_agree_count, SUM(CASE WHEN satisfaction = "Neither_agree_nor_dissatisfied" THEN 1 ELSE 0 END) AS satisfaction_neither_count, SUM(CASE WHEN satisfaction = "Disagree" THEN 1 ELSE 0 END) AS satisfaction_disagree_count, SUM(CASE WHEN satisfaction = "Strongly_Disagree" THEN 1 ELSE 0 END) AS satisfaction_strongly_disagree_count, // SUM(CASE WHEN satisfaction = "Strongly_Agree" THEN 1 ELSE 0 END)/count(*)*100 AS satisfaction_strongly_agree_count
FROM `survey_responses`
JOIN `department_tbl` ON `survey_responses`.`department_id` = `department_tbl`.`department_id`
WHERE `survey_responses`.`created_at` >= \'2024-09-23 06:30:45\'
GROUP BY `survey_responses`.`department_id`')
 4 SYSTEMPATH\Database\BaseBuilder.php(1616): CodeIgniter\Database\BaseConnection->query('SELECT `department_tbl`.`department` AS `department`, COUNT(*) AS total_responses, SUM(CASE WHEN satisfaction = "Strongly_Agree" THEN 1 ELSE 0 END) AS satisfaction_strongly_agree_count, SUM(CASE WHEN satisfaction = "Agree" THEN 1 ELSE 0 END) AS satisfaction_agree_count, SUM(CASE WHEN satisfaction = "Neither_agree_nor_dissatisfied" THEN 1 ELSE 0 END) AS satisfaction_neither_count, SUM(CASE WHEN satisfaction = "Disagree" THEN 1 ELSE 0 END) AS satisfaction_disagree_count, SUM(CASE WHEN satisfaction = "Strongly_Disagree" THEN 1 ELSE 0 END) AS satisfaction_strongly_disagree_count, // SUM(CASE WHEN satisfaction = "Strongly_Agree" THEN 1 ELSE 0 END)/count(*)*100 AS satisfaction_strongly_agree_count
FROM `survey_responses`
JOIN `department_tbl` ON `survey_responses`.`department_id` = `department_tbl`.`department_id`
WHERE `survey_responses`.`created_at` >= :survey_responses.created_at:
GROUP BY `survey_responses`.`department_id`', [...], false)
 5 SYSTEMPATH\Model.php(241): CodeIgniter\Database\BaseBuilder->get()
 6 SYSTEMPATH\BaseModel.php(618): CodeIgniter\Model->doFindAll(0, 0)
 7 APPPATH\Models\SurveyModel.php(150): CodeIgniter\BaseModel->findAll()
 8 APPPATH\Controllers\Home.php(24): App\Models\SurveyModel->getMonthlyCounts()
 9 SYSTEMPATH\CodeIgniter.php(932): App\Controllers\Home->index()
10 SYSTEMPATH\CodeIgniter.php(497): CodeIgniter\CodeIgniter->runController(Object(App\Controllers\Home))
11 SYSTEMPATH\CodeIgniter.php(366): CodeIgniter\CodeIgniter->handleRequest(null, Object(Config\Cache), false)
12 FCPATH\index.php(67): CodeIgniter\CodeIgniter->run()
13 SYSTEMPATH\Commands\Server\rewrite.php(47): require_once('C:\\Users\\user 1\\Desktop\\Starter\\public\\index.php')
INFO - 2024-10-23 06:30:55 --> Session: Class initialized using 'CodeIgniter\Session\Handlers\FileHandler' driver.
INFO - 2024-10-23 06:51:35 --> Session: Class initialized using 'CodeIgniter\Session\Handlers\FileHandler' driver.
INFO - 2024-10-23 06:51:39 --> Session: Class initialized using 'CodeIgniter\Session\Handlers\FileHandler' driver.
INFO - 2024-10-23 07:10:27 --> Session: Class initialized using 'CodeIgniter\Session\Handlers\FileHandler' driver.
CRITICAL - 2024-10-23 07:10:34 --> Undefined property: App\Controllers\Survey::$db
in APPPATH\Controllers\Survey.php on line 97.
 1 APPPATH\Controllers\Survey.php(97): CodeIgniter\Debug\Exceptions->errorHandler(2, 'Undefined property: App\\Controllers\\Survey::$db', 'C:\\Users\\user 1\\Desktop\\Starter\\app\\Controllers\\Survey.php', 97)
 2 SYSTEMPATH\CodeIgniter.php(932): App\Controllers\Survey->loadQuestions()
 3 SYSTEMPATH\CodeIgniter.php(497): CodeIgniter\CodeIgniter->runController(Object(App\Controllers\Survey))
 4 SYSTEMPATH\CodeIgniter.php(366): CodeIgniter\CodeIgniter->handleRequest(null, Object(Config\Cache), false)
 5 FCPATH\index.php(67): CodeIgniter\CodeIgniter->run()
 6 SYSTEMPATH\Commands\Server\rewrite.php(47): require_once('C:\\Users\\user 1\\Desktop\\Starter\\public\\index.php')
ERROR - 2024-10-23 07:14:24 --> mysqli_sql_exception: Table 'cssdbase.question_tbl' doesn't exist in C:\Users\user 1\Desktop\Starter\system\Database\MySQLi\Connection.php:295
Stack trace:
#0 C:\Users\user 1\Desktop\Starter\system\Database\MySQLi\Connection.php(295): mysqli->query('SELECT * FROM q...', 0)
#1 C:\Users\user 1\Desktop\Starter\system\Database\BaseConnection.php(692): CodeIgniter\Database\MySQLi\Connection->execute('SELECT * FROM q...')
#2 C:\Users\user 1\Desktop\Starter\system\Database\BaseConnection.php(606): CodeIgniter\Database\BaseConnection->simpleQuery('SELECT * FROM q...')
#3 C:\Users\user 1\Desktop\Starter\app\Controllers\Survey.php(98): CodeIgniter\Database\BaseConnection->query('SELECT * FROM q...')
#4 C:\Users\user 1\Desktop\Starter\system\CodeIgniter.php(932): App\Controllers\Survey->loadQuestions()
#5 C:\Users\user 1\Desktop\Starter\system\CodeIgniter.php(497): CodeIgniter\CodeIgniter->runController(Object(App\Controllers\Survey))
#6 C:\Users\user 1\Desktop\Starter\system\CodeIgniter.php(366): CodeIgniter\CodeIgniter->handleRequest(NULL, Object(Config\Cache), false)
#7 C:\Users\user 1\Desktop\Starter\public\index.php(67): CodeIgniter\CodeIgniter->run()
#8 C:\Users\user 1\Desktop\Starter\system\Commands\Server\rewrite.php(47): require_once('C:\\Users\\user 1...')
#9 {main}
CRITICAL - 2024-10-23 07:14:24 --> Table 'cssdbase.question_tbl' doesn't exist
in SYSTEMPATH\Database\MySQLi\Connection.php on line 295.
 1 SYSTEMPATH\Database\MySQLi\Connection.php(295): mysqli->query('SELECT * FROM question_tbl', 0)
 2 SYSTEMPATH\Database\BaseConnection.php(692): CodeIgniter\Database\MySQLi\Connection->execute('SELECT * FROM question_tbl')
 3 SYSTEMPATH\Database\BaseConnection.php(606): CodeIgniter\Database\BaseConnection->simpleQuery('SELECT * FROM question_tbl')
 4 APPPATH\Controllers\Survey.php(98): CodeIgniter\Database\BaseConnection->query('SELECT * FROM question_tbl')
 5 SYSTEMPATH\CodeIgniter.php(932): App\Controllers\Survey->loadQuestions()
 6 SYSTEMPATH\CodeIgniter.php(497): CodeIgniter\CodeIgniter->runController(Object(App\Controllers\Survey))
 7 SYSTEMPATH\CodeIgniter.php(366): CodeIgniter\CodeIgniter->handleRequest(null, Object(Config\Cache), false)
 8 FCPATH\index.php(67): CodeIgniter\CodeIgniter->run()
 9 SYSTEMPATH\Commands\Server\rewrite.php(47): require_once('C:\\Users\\user 1\\Desktop\\Starter\\public\\index.php')
CRITICAL - 2024-10-23 07:31:32 --> Undefined array key "question"
in APPPATH\Views\SurveyPage\Question.php on line 32.
 1 APPPATH\Views\SurveyPage\Question.php(32): CodeIgniter\Debug\Exceptions->errorHandler(2, 'Undefined array key "question"', 'C:\\Users\\user 1\\Desktop\\Starter\\app\\Views\\SurveyPage\\Question.php', 32)
 2 SYSTEMPATH\View\View.php(224): include('C:\\Users\\user 1\\Desktop\\Starter\\app\\Views\\SurveyPage\\Question.php')
 3 SYSTEMPATH\View\View.php(227): CodeIgniter\View\View->CodeIgniter\View\{closure}()
 4 SYSTEMPATH\Common.php(1180): CodeIgniter\View\View->render('SurveyPage/Question', [], true)
 5 APPPATH\Controllers\Survey.php(101): view('SurveyPage/Question', [...])
 6 SYSTEMPATH\CodeIgniter.php(932): App\Controllers\Survey->loadQuestions()
 7 SYSTEMPATH\CodeIgniter.php(497): CodeIgniter\CodeIgniter->runController(Object(App\Controllers\Survey))
 8 SYSTEMPATH\CodeIgniter.php(366): CodeIgniter\CodeIgniter->handleRequest(null, Object(Config\Cache), false)
 9 FCPATH\index.php(67): CodeIgniter\CodeIgniter->run()
10 SYSTEMPATH\Commands\Server\rewrite.php(47): require_once('C:\\Users\\user 1\\Desktop\\Starter\\public\\index.php')
CRITICAL - 2024-10-23 07:32:35 --> Undefined array key "question"
in APPPATH\Views\SurveyPage\Question.php on line 32.
 1 APPPATH\Views\SurveyPage\Question.php(32): CodeIgniter\Debug\Exceptions->errorHandler(2, 'Undefined array key "question"', 'C:\\Users\\user 1\\Desktop\\Starter\\app\\Views\\SurveyPage\\Question.php', 32)
 2 SYSTEMPATH\View\View.php(224): include('C:\\Users\\user 1\\Desktop\\Starter\\app\\Views\\SurveyPage\\Question.php')
 3 SYSTEMPATH\View\View.php(227): CodeIgniter\View\View->CodeIgniter\View\{closure}()
 4 SYSTEMPATH\Common.php(1180): CodeIgniter\View\View->render('SurveyPage/Question', [], true)
 5 APPPATH\Controllers\Survey.php(101): view('SurveyPage/Question', [...])
 6 SYSTEMPATH\CodeIgniter.php(932): App\Controllers\Survey->loadQuestions()
 7 SYSTEMPATH\CodeIgniter.php(497): CodeIgniter\CodeIgniter->runController(Object(App\Controllers\Survey))
 8 SYSTEMPATH\CodeIgniter.php(366): CodeIgniter\CodeIgniter->handleRequest(null, Object(Config\Cache), false)
 9 FCPATH\index.php(67): CodeIgniter\CodeIgniter->run()
10 SYSTEMPATH\Commands\Server\rewrite.php(47): require_once('C:\\Users\\user 1\\Desktop\\Starter\\public\\index.php')
CRITICAL - 2024-10-23 07:34:08 --> Undefined array key "question"
in APPPATH\Views\SurveyPage\Question.php on line 32.
 1 APPPATH\Views\SurveyPage\Question.php(32): CodeIgniter\Debug\Exceptions->errorHandler(2, 'Undefined array key "question"', 'C:\\Users\\user 1\\Desktop\\Starter\\app\\Views\\SurveyPage\\Question.php', 32)
 2 SYSTEMPATH\View\View.php(224): include('C:\\Users\\user 1\\Desktop\\Starter\\app\\Views\\SurveyPage\\Question.php')
 3 SYSTEMPATH\View\View.php(227): CodeIgniter\View\View->CodeIgniter\View\{closure}()
 4 SYSTEMPATH\Common.php(1180): CodeIgniter\View\View->render('SurveyPage/Question', [], true)
 5 APPPATH\Controllers\Survey.php(101): view('SurveyPage/Question', [...])
 6 SYSTEMPATH\CodeIgniter.php(932): App\Controllers\Survey->loadQuestions()
 7 SYSTEMPATH\CodeIgniter.php(497): CodeIgniter\CodeIgniter->runController(Object(App\Controllers\Survey))
 8 SYSTEMPATH\CodeIgniter.php(366): CodeIgniter\CodeIgniter->handleRequest(null, Object(Config\Cache), false)
 9 FCPATH\index.php(67): CodeIgniter\CodeIgniter->run()
10 SYSTEMPATH\Commands\Server\rewrite.php(47): require_once('C:\\Users\\user 1\\Desktop\\Starter\\public\\index.php')
CRITICAL - 2024-10-23 07:37:38 --> Undefined array key "question"
in APPPATH\Views\SurveyPage\Question.php on line 32.
 1 APPPATH\Views\SurveyPage\Question.php(32): CodeIgniter\Debug\Exceptions->errorHandler(2, 'Undefined array key "question"', 'C:\\Users\\user 1\\Desktop\\Starter\\app\\Views\\SurveyPage\\Question.php', 32)
 2 SYSTEMPATH\View\View.php(224): include('C:\\Users\\user 1\\Desktop\\Starter\\app\\Views\\SurveyPage\\Question.php')
 3 SYSTEMPATH\View\View.php(227): CodeIgniter\View\View->CodeIgniter\View\{closure}()
 4 SYSTEMPATH\Common.php(1180): CodeIgniter\View\View->render('SurveyPage/Question', [], true)
 5 APPPATH\Controllers\Survey.php(101): view('SurveyPage/Question', [...])
 6 SYSTEMPATH\CodeIgniter.php(932): App\Controllers\Survey->loadQuestions()
 7 SYSTEMPATH\CodeIgniter.php(497): CodeIgniter\CodeIgniter->runController(Object(App\Controllers\Survey))
 8 SYSTEMPATH\CodeIgniter.php(366): CodeIgniter\CodeIgniter->handleRequest(null, Object(Config\Cache), false)
 9 FCPATH\index.php(67): CodeIgniter\CodeIgniter->run()
10 SYSTEMPATH\Commands\Server\rewrite.php(47): require_once('C:\\Users\\user 1\\Desktop\\Starter\\public\\index.php')
CRITICAL - 2024-10-23 07:37:40 --> Undefined array key "question"
in APPPATH\Views\SurveyPage\Question.php on line 32.
 1 APPPATH\Views\SurveyPage\Question.php(32): CodeIgniter\Debug\Exceptions->errorHandler(2, 'Undefined array key "question"', 'C:\\Users\\user 1\\Desktop\\Starter\\app\\Views\\SurveyPage\\Question.php', 32)
 2 SYSTEMPATH\View\View.php(224): include('C:\\Users\\user 1\\Desktop\\Starter\\app\\Views\\SurveyPage\\Question.php')
 3 SYSTEMPATH\View\View.php(227): CodeIgniter\View\View->CodeIgniter\View\{closure}()
 4 SYSTEMPATH\Common.php(1180): CodeIgniter\View\View->render('SurveyPage/Question', [], true)
 5 APPPATH\Controllers\Survey.php(101): view('SurveyPage/Question', [...])
 6 SYSTEMPATH\CodeIgniter.php(932): App\Controllers\Survey->loadQuestions()
 7 SYSTEMPATH\CodeIgniter.php(497): CodeIgniter\CodeIgniter->runController(Object(App\Controllers\Survey))
 8 SYSTEMPATH\CodeIgniter.php(366): CodeIgniter\CodeIgniter->handleRequest(null, Object(Config\Cache), false)
 9 FCPATH\index.php(67): CodeIgniter\CodeIgniter->run()
10 SYSTEMPATH\Commands\Server\rewrite.php(47): require_once('C:\\Users\\user 1\\Desktop\\Starter\\public\\index.php')
INFO - 2024-10-23 07:48:20 --> Session: Class initialized using 'CodeIgniter\Session\Handlers\FileHandler' driver.
INFO - 2024-10-23 08:30:21 --> Session: Class initialized using 'CodeIgniter\Session\Handlers\FileHandler' driver.
CRITICAL - 2024-10-23 08:30:36 --> Undefined array key "id"
in APPPATH\Controllers\Survey.php on line 114.
 1 APPPATH\Controllers\Survey.php(114): CodeIgniter\Debug\Exceptions->errorHandler(2, 'Undefined array key "id"', 'C:\\Users\\user 1\\Desktop\\Starter\\app\\Controllers\\Survey.php', 114)
 2 SYSTEMPATH\CodeIgniter.php(932): App\Controllers\Survey->submitResponse()
 3 SYSTEMPATH\CodeIgniter.php(497): CodeIgniter\CodeIgniter->runController(Object(App\Controllers\Survey))
 4 SYSTEMPATH\CodeIgniter.php(366): CodeIgniter\CodeIgniter->handleRequest(null, Object(Config\Cache), false)
 5 FCPATH\index.php(67): CodeIgniter\CodeIgniter->run()
 6 SYSTEMPATH\Commands\Server\rewrite.php(47): require_once('C:\\Users\\user 1\\Desktop\\Starter\\public\\index.php')
INFO - 2024-10-23 08:46:50 --> Session: Class initialized using 'CodeIgniter\Session\Handlers\FileHandler' driver.
