INFO - 2024-10-25 00:47:44 --> Session: Class initialized using 'CodeIgniter\Session\Handlers\FileHandler' driver.
INFO - 2024-10-25 00:52:16 --> Session: Class initialized using 'CodeIgniter\Session\Handlers\FileHandler' driver.
INFO - 2024-10-25 00:52:17 --> Session: Class initialized using 'CodeIgniter\Session\Handlers\FileHandler' driver.
INFO - 2024-10-25 01:02:24 --> Session: Class initialized using 'CodeIgniter\Session\Handlers\FileHandler' driver.
CRITICAL - 2024-10-25 01:59:06 --> Undefined array key "id"
in APPPATH\Controllers\Survey.php on line 116.
 1 APPPATH\Controllers\Survey.php(116): CodeIgniter\Debug\Exceptions->errorHandler(2, 'Undefined array key "id"', 'C:\\Users\\user 1\\Desktop\\Starter\\app\\Controllers\\Survey.php', 116)
 2 SYSTEMPATH\CodeIgniter.php(932): App\Controllers\Survey->submitResponse()
 3 SYSTEMPATH\CodeIgniter.php(497): CodeIgniter\CodeIgniter->runController(Object(App\Controllers\Survey))
 4 SYSTEMPATH\CodeIgniter.php(366): CodeIgniter\CodeIgniter->handleRequest(null, Object(Config\Cache), false)
 5 FCPATH\index.php(67): CodeIgniter\CodeIgniter->run()
 6 SYSTEMPATH\Commands\Server\rewrite.php(47): require_once('C:\\Users\\user 1\\Desktop\\Starter\\public\\index.php')
CRITICAL - 2024-10-25 02:00:55 --> Undefined array key "id"
in APPPATH\Controllers\Survey.php on line 116.
 1 APPPATH\Controllers\Survey.php(116): CodeIgniter\Debug\Exceptions->errorHandler(2, 'Undefined array key "id"', 'C:\\Users\\user 1\\Desktop\\Starter\\app\\Controllers\\Survey.php', 116)
 2 SYSTEMPATH\CodeIgniter.php(932): App\Controllers\Survey->submitResponse()
 3 SYSTEMPATH\CodeIgniter.php(497): CodeIgniter\CodeIgniter->runController(Object(App\Controllers\Survey))
 4 SYSTEMPATH\CodeIgniter.php(366): CodeIgniter\CodeIgniter->handleRequest(null, Object(Config\Cache), false)
 5 FCPATH\index.php(67): CodeIgniter\CodeIgniter->run()
 6 SYSTEMPATH\Commands\Server\rewrite.php(47): require_once('C:\\Users\\user 1\\Desktop\\Starter\\public\\index.php')
INFO - 2024-10-25 02:48:37 --> Session: Class initialized using 'CodeIgniter\Session\Handlers\FileHandler' driver.
INFO - 2024-10-25 02:51:07 --> Session: Class initialized using 'CodeIgniter\Session\Handlers\FileHandler' driver.
CRITICAL - 2024-10-25 03:11:54 --> Undefined variable $departments
in APPPATH\Views\SurveyPage\Question.php on line 114.
 1 APPPATH\Views\SurveyPage\Question.php(114): CodeIgniter\Debug\Exceptions->errorHandler(2, 'Undefined variable $departments', 'C:\\Users\\user 1\\Desktop\\Starter\\app\\Views\\SurveyPage\\Question.php', 114)
 2 SYSTEMPATH\View\View.php(224): include('C:\\Users\\user 1\\Desktop\\Starter\\app\\Views\\SurveyPage\\Question.php')
 3 SYSTEMPATH\View\View.php(227): CodeIgniter\View\View->CodeIgniter\View\{closure}()
 4 SYSTEMPATH\Common.php(1180): CodeIgniter\View\View->render('SurveyPage/Question', [], true)
 5 APPPATH\Controllers\Survey.php(101): view('SurveyPage/Question', [...])
 6 SYSTEMPATH\CodeIgniter.php(932): App\Controllers\Survey->loadQuestions()
 7 SYSTEMPATH\CodeIgniter.php(497): CodeIgniter\CodeIgniter->runController(Object(App\Controllers\Survey))
 8 SYSTEMPATH\CodeIgniter.php(366): CodeIgniter\CodeIgniter->handleRequest(null, Object(Config\Cache), false)
 9 FCPATH\index.php(67): CodeIgniter\CodeIgniter->run()
10 SYSTEMPATH\Commands\Server\rewrite.php(47): require_once('C:\\Users\\user 1\\Desktop\\Starter\\public\\index.php')
CRITICAL - 2024-10-25 03:12:13 --> Undefined variable $dept
in APPPATH\Views\SurveyPage\Question.php on line 115.
 1 APPPATH\Views\SurveyPage\Question.php(115): CodeIgniter\Debug\Exceptions->errorHandler(2, 'Undefined variable $dept', 'C:\\Users\\user 1\\Desktop\\Starter\\app\\Views\\SurveyPage\\Question.php', 115)
 2 SYSTEMPATH\View\View.php(224): include('C:\\Users\\user 1\\Desktop\\Starter\\app\\Views\\SurveyPage\\Question.php')
 3 SYSTEMPATH\View\View.php(227): CodeIgniter\View\View->CodeIgniter\View\{closure}()
 4 SYSTEMPATH\Common.php(1180): CodeIgniter\View\View->render('SurveyPage/Question', [], true)
 5 APPPATH\Controllers\Survey.php(101): view('SurveyPage/Question', [...])
 6 SYSTEMPATH\CodeIgniter.php(932): App\Controllers\Survey->loadQuestions()
 7 SYSTEMPATH\CodeIgniter.php(497): CodeIgniter\CodeIgniter->runController(Object(App\Controllers\Survey))
 8 SYSTEMPATH\CodeIgniter.php(366): CodeIgniter\CodeIgniter->handleRequest(null, Object(Config\Cache), false)
 9 FCPATH\index.php(67): CodeIgniter\CodeIgniter->run()
10 SYSTEMPATH\Commands\Server\rewrite.php(47): require_once('C:\\Users\\user 1\\Desktop\\Starter\\public\\index.php')
CRITICAL - 2024-10-25 06:18:13 --> Undefined variable $index
in APPPATH\Views\SurveyPage\Question.php on line 105.
 1 APPPATH\Views\SurveyPage\Question.php(105): CodeIgniter\Debug\Exceptions->errorHandler(2, 'Undefined variable $index', 'C:\\Users\\user 1\\Desktop\\Starter\\app\\Views\\SurveyPage\\Question.php', 105)
 2 SYSTEMPATH\View\View.php(224): include('C:\\Users\\user 1\\Desktop\\Starter\\app\\Views\\SurveyPage\\Question.php')
 3 SYSTEMPATH\View\View.php(227): CodeIgniter\View\View->CodeIgniter\View\{closure}()
 4 SYSTEMPATH\Common.php(1180): CodeIgniter\View\View->render('SurveyPage/Question', [], true)
 5 APPPATH\Controllers\Survey.php(101): view('SurveyPage/Question', [...])
 6 SYSTEMPATH\CodeIgniter.php(932): App\Controllers\Survey->loadQuestions()
 7 SYSTEMPATH\CodeIgniter.php(497): CodeIgniter\CodeIgniter->runController(Object(App\Controllers\Survey))
 8 SYSTEMPATH\CodeIgniter.php(366): CodeIgniter\CodeIgniter->handleRequest(null, Object(Config\Cache), false)
 9 FCPATH\index.php(67): CodeIgniter\CodeIgniter->run()
10 SYSTEMPATH\Commands\Server\rewrite.php(47): require_once('C:\\Users\\user 1\\Desktop\\Starter\\public\\index.php')
CRITICAL - 2024-10-25 06:18:32 --> Undefined variable $index
in APPPATH\Views\SurveyPage\Question.php on line 105.
 1 APPPATH\Views\SurveyPage\Question.php(105): CodeIgniter\Debug\Exceptions->errorHandler(2, 'Undefined variable $index', 'C:\\Users\\user 1\\Desktop\\Starter\\app\\Views\\SurveyPage\\Question.php', 105)
 2 SYSTEMPATH\View\View.php(224): include('C:\\Users\\user 1\\Desktop\\Starter\\app\\Views\\SurveyPage\\Question.php')
 3 SYSTEMPATH\View\View.php(227): CodeIgniter\View\View->CodeIgniter\View\{closure}()
 4 SYSTEMPATH\Common.php(1180): CodeIgniter\View\View->render('SurveyPage/Question', [], true)
 5 APPPATH\Controllers\Survey.php(101): view('SurveyPage/Question', [...])
 6 SYSTEMPATH\CodeIgniter.php(932): App\Controllers\Survey->loadQuestions()
 7 SYSTEMPATH\CodeIgniter.php(497): CodeIgniter\CodeIgniter->runController(Object(App\Controllers\Survey))
 8 SYSTEMPATH\CodeIgniter.php(366): CodeIgniter\CodeIgniter->handleRequest(null, Object(Config\Cache), false)
 9 FCPATH\index.php(67): CodeIgniter\CodeIgniter->run()
10 SYSTEMPATH\Commands\Server\rewrite.php(47): require_once('C:\\Users\\user 1\\Desktop\\Starter\\public\\index.php')
CRITICAL - 2024-10-25 06:18:59 --> Undefined variable $index
in APPPATH\Views\SurveyPage\Question.php on line 103.
 1 APPPATH\Views\SurveyPage\Question.php(103): CodeIgniter\Debug\Exceptions->errorHandler(2, 'Undefined variable $index', 'C:\\Users\\user 1\\Desktop\\Starter\\app\\Views\\SurveyPage\\Question.php', 103)
 2 SYSTEMPATH\View\View.php(224): include('C:\\Users\\user 1\\Desktop\\Starter\\app\\Views\\SurveyPage\\Question.php')
 3 SYSTEMPATH\View\View.php(227): CodeIgniter\View\View->CodeIgniter\View\{closure}()
 4 SYSTEMPATH\Common.php(1180): CodeIgniter\View\View->render('SurveyPage/Question', [], true)
 5 APPPATH\Controllers\Survey.php(101): view('SurveyPage/Question', [...])
 6 SYSTEMPATH\CodeIgniter.php(932): App\Controllers\Survey->loadQuestions()
 7 SYSTEMPATH\CodeIgniter.php(497): CodeIgniter\CodeIgniter->runController(Object(App\Controllers\Survey))
 8 SYSTEMPATH\CodeIgniter.php(366): CodeIgniter\CodeIgniter->handleRequest(null, Object(Config\Cache), false)
 9 FCPATH\index.php(67): CodeIgniter\CodeIgniter->run()
10 SYSTEMPATH\Commands\Server\rewrite.php(47): require_once('C:\\Users\\user 1\\Desktop\\Starter\\public\\index.php')
CRITICAL - 2024-10-25 06:19:36 --> Undefined variable $index
in APPPATH\Views\SurveyPage\Question.php on line 103.
 1 APPPATH\Views\SurveyPage\Question.php(103): CodeIgniter\Debug\Exceptions->errorHandler(2, 'Undefined variable $index', 'C:\\Users\\user 1\\Desktop\\Starter\\app\\Views\\SurveyPage\\Question.php', 103)
 2 SYSTEMPATH\View\View.php(224): include('C:\\Users\\user 1\\Desktop\\Starter\\app\\Views\\SurveyPage\\Question.php')
 3 SYSTEMPATH\View\View.php(227): CodeIgniter\View\View->CodeIgniter\View\{closure}()
 4 SYSTEMPATH\Common.php(1180): CodeIgniter\View\View->render('SurveyPage/Question', [], true)
 5 APPPATH\Controllers\Survey.php(101): view('SurveyPage/Question', [...])
 6 SYSTEMPATH\CodeIgniter.php(932): App\Controllers\Survey->loadQuestions()
 7 SYSTEMPATH\CodeIgniter.php(497): CodeIgniter\CodeIgniter->runController(Object(App\Controllers\Survey))
 8 SYSTEMPATH\CodeIgniter.php(366): CodeIgniter\CodeIgniter->handleRequest(null, Object(Config\Cache), false)
 9 FCPATH\index.php(67): CodeIgniter\CodeIgniter->run()
10 SYSTEMPATH\Commands\Server\rewrite.php(47): require_once('C:\\Users\\user 1\\Desktop\\Starter\\public\\index.php')
CRITICAL - 2024-10-25 06:23:41 --> Undefined variable $departments
in APPPATH\Views\SurveyPage\Question.php on line 146.
 1 APPPATH\Views\SurveyPage\Question.php(146): CodeIgniter\Debug\Exceptions->errorHandler(2, 'Undefined variable $departments', 'C:\\Users\\user 1\\Desktop\\Starter\\app\\Views\\SurveyPage\\Question.php', 146)
 2 SYSTEMPATH\View\View.php(224): include('C:\\Users\\user 1\\Desktop\\Starter\\app\\Views\\SurveyPage\\Question.php')
 3 SYSTEMPATH\View\View.php(227): CodeIgniter\View\View->CodeIgniter\View\{closure}()
 4 SYSTEMPATH\Common.php(1180): CodeIgniter\View\View->render('SurveyPage/Question', [], true)
 5 APPPATH\Controllers\Survey.php(101): view('SurveyPage/Question', [...])
 6 SYSTEMPATH\CodeIgniter.php(932): App\Controllers\Survey->loadQuestions()
 7 SYSTEMPATH\CodeIgniter.php(497): CodeIgniter\CodeIgniter->runController(Object(App\Controllers\Survey))
 8 SYSTEMPATH\CodeIgniter.php(366): CodeIgniter\CodeIgniter->handleRequest(null, Object(Config\Cache), false)
 9 FCPATH\index.php(67): CodeIgniter\CodeIgniter->run()
10 SYSTEMPATH\Commands\Server\rewrite.php(47): require_once('C:\\Users\\user 1\\Desktop\\Starter\\public\\index.php')
CRITICAL - 2024-10-25 06:26:38 --> Undefined variable $departments
in APPPATH\Views\SurveyPage\Question.php on line 152.
 1 APPPATH\Views\SurveyPage\Question.php(152): CodeIgniter\Debug\Exceptions->errorHandler(2, 'Undefined variable $departments', 'C:\\Users\\user 1\\Desktop\\Starter\\app\\Views\\SurveyPage\\Question.php', 152)
 2 SYSTEMPATH\View\View.php(224): include('C:\\Users\\user 1\\Desktop\\Starter\\app\\Views\\SurveyPage\\Question.php')
 3 SYSTEMPATH\View\View.php(227): CodeIgniter\View\View->CodeIgniter\View\{closure}()
 4 SYSTEMPATH\Common.php(1180): CodeIgniter\View\View->render('SurveyPage/Question', [], true)
 5 APPPATH\Controllers\Survey.php(101): view('SurveyPage/Question', [...])
 6 SYSTEMPATH\CodeIgniter.php(932): App\Controllers\Survey->loadQuestions()
 7 SYSTEMPATH\CodeIgniter.php(497): CodeIgniter\CodeIgniter->runController(Object(App\Controllers\Survey))
 8 SYSTEMPATH\CodeIgniter.php(366): CodeIgniter\CodeIgniter->handleRequest(null, Object(Config\Cache), false)
 9 FCPATH\index.php(67): CodeIgniter\CodeIgniter->run()
10 SYSTEMPATH\Commands\Server\rewrite.php(47): require_once('C:\\Users\\user 1\\Desktop\\Starter\\public\\index.php')
CRITICAL - 2024-10-25 07:37:37 --> Undefined variable $index
in APPPATH\Views\SurveyPage\Question.php on line 140.
 1 APPPATH\Views\SurveyPage\Question.php(140): CodeIgniter\Debug\Exceptions->errorHandler(2, 'Undefined variable $index', 'C:\\Users\\user 1\\Desktop\\Starter\\app\\Views\\SurveyPage\\Question.php', 140)
 2 SYSTEMPATH\View\View.php(224): include('C:\\Users\\user 1\\Desktop\\Starter\\app\\Views\\SurveyPage\\Question.php')
 3 SYSTEMPATH\View\View.php(227): CodeIgniter\View\View->CodeIgniter\View\{closure}()
 4 SYSTEMPATH\Common.php(1180): CodeIgniter\View\View->render('SurveyPage/Question', [], true)
 5 APPPATH\Controllers\Survey.php(101): view('SurveyPage/Question', [...])
 6 SYSTEMPATH\CodeIgniter.php(932): App\Controllers\Survey->loadQuestions()
 7 SYSTEMPATH\CodeIgniter.php(497): CodeIgniter\CodeIgniter->runController(Object(App\Controllers\Survey))
 8 SYSTEMPATH\CodeIgniter.php(366): CodeIgniter\CodeIgniter->handleRequest(null, Object(Config\Cache), false)
 9 FCPATH\index.php(67): CodeIgniter\CodeIgniter->run()
10 SYSTEMPATH\Commands\Server\rewrite.php(47): require_once('C:\\Users\\user 1\\Desktop\\Starter\\public\\index.php')
CRITICAL - 2024-10-25 07:43:30 --> Undefined variable $departments
in APPPATH\Views\SurveyPage\Question.php on line 148.
 1 APPPATH\Views\SurveyPage\Question.php(148): CodeIgniter\Debug\Exceptions->errorHandler(2, 'Undefined variable $departments', 'C:\\Users\\user 1\\Desktop\\Starter\\app\\Views\\SurveyPage\\Question.php', 148)
 2 SYSTEMPATH\View\View.php(224): include('C:\\Users\\user 1\\Desktop\\Starter\\app\\Views\\SurveyPage\\Question.php')
 3 SYSTEMPATH\View\View.php(227): CodeIgniter\View\View->CodeIgniter\View\{closure}()
 4 SYSTEMPATH\Common.php(1180): CodeIgniter\View\View->render('SurveyPage/Question', [], true)
 5 APPPATH\Controllers\Survey.php(101): view('SurveyPage/Question', [...])
 6 SYSTEMPATH\CodeIgniter.php(932): App\Controllers\Survey->loadQuestions()
 7 SYSTEMPATH\CodeIgniter.php(497): CodeIgniter\CodeIgniter->runController(Object(App\Controllers\Survey))
 8 SYSTEMPATH\CodeIgniter.php(366): CodeIgniter\CodeIgniter->handleRequest(null, Object(Config\Cache), false)
 9 FCPATH\index.php(67): CodeIgniter\CodeIgniter->run()
10 SYSTEMPATH\Commands\Server\rewrite.php(47): require_once('C:\\Users\\user 1\\Desktop\\Starter\\public\\index.php')
CRITICAL - 2024-10-25 07:48:28 --> Undefined variable $departments
in APPPATH\Views\SurveyPage\Question.php on line 148.
 1 APPPATH\Views\SurveyPage\Question.php(148): CodeIgniter\Debug\Exceptions->errorHandler(2, 'Undefined variable $departments', 'C:\\Users\\user 1\\Desktop\\Starter\\app\\Views\\SurveyPage\\Question.php', 148)
 2 SYSTEMPATH\View\View.php(224): include('C:\\Users\\user 1\\Desktop\\Starter\\app\\Views\\SurveyPage\\Question.php')
 3 SYSTEMPATH\View\View.php(227): CodeIgniter\View\View->CodeIgniter\View\{closure}()
 4 SYSTEMPATH\Common.php(1180): CodeIgniter\View\View->render('SurveyPage/Question', [], true)
 5 APPPATH\Controllers\Survey.php(101): view('SurveyPage/Question', [...])
 6 SYSTEMPATH\CodeIgniter.php(932): App\Controllers\Survey->loadQuestions()
 7 SYSTEMPATH\CodeIgniter.php(497): CodeIgniter\CodeIgniter->runController(Object(App\Controllers\Survey))
 8 SYSTEMPATH\CodeIgniter.php(366): CodeIgniter\CodeIgniter->handleRequest(null, Object(Config\Cache), false)
 9 FCPATH\index.php(67): CodeIgniter\CodeIgniter->run()
10 SYSTEMPATH\Commands\Server\rewrite.php(47): require_once('C:\\Users\\user 1\\Desktop\\Starter\\public\\index.php')
CRITICAL - 2024-10-25 07:51:48 --> Undefined variable $departments
in APPPATH\Views\SurveyPage\Question.php on line 148.
 1 APPPATH\Views\SurveyPage\Question.php(148): CodeIgniter\Debug\Exceptions->errorHandler(2, 'Undefined variable $departments', 'C:\\Users\\user 1\\Desktop\\Starter\\app\\Views\\SurveyPage\\Question.php', 148)
 2 SYSTEMPATH\View\View.php(224): include('C:\\Users\\user 1\\Desktop\\Starter\\app\\Views\\SurveyPage\\Question.php')
 3 SYSTEMPATH\View\View.php(227): CodeIgniter\View\View->CodeIgniter\View\{closure}()
 4 SYSTEMPATH\Common.php(1180): CodeIgniter\View\View->render('SurveyPage/Question', [], true)
 5 APPPATH\Controllers\Survey.php(101): view('SurveyPage/Question', [...])
 6 SYSTEMPATH\CodeIgniter.php(932): App\Controllers\Survey->loadQuestions()
 7 SYSTEMPATH\CodeIgniter.php(497): CodeIgniter\CodeIgniter->runController(Object(App\Controllers\Survey))
 8 SYSTEMPATH\CodeIgniter.php(366): CodeIgniter\CodeIgniter->handleRequest(null, Object(Config\Cache), false)
 9 FCPATH\index.php(67): CodeIgniter\CodeIgniter->run()
10 SYSTEMPATH\Commands\Server\rewrite.php(47): require_once('C:\\Users\\user 1\\Desktop\\Starter\\public\\index.php')
CRITICAL - 2024-10-25 07:51:49 --> Undefined variable $departments
in APPPATH\Views\SurveyPage\Question.php on line 148.
 1 APPPATH\Views\SurveyPage\Question.php(148): CodeIgniter\Debug\Exceptions->errorHandler(2, 'Undefined variable $departments', 'C:\\Users\\user 1\\Desktop\\Starter\\app\\Views\\SurveyPage\\Question.php', 148)
 2 SYSTEMPATH\View\View.php(224): include('C:\\Users\\user 1\\Desktop\\Starter\\app\\Views\\SurveyPage\\Question.php')
 3 SYSTEMPATH\View\View.php(227): CodeIgniter\View\View->CodeIgniter\View\{closure}()
 4 SYSTEMPATH\Common.php(1180): CodeIgniter\View\View->render('SurveyPage/Question', [], true)
 5 APPPATH\Controllers\Survey.php(101): view('SurveyPage/Question', [...])
 6 SYSTEMPATH\CodeIgniter.php(932): App\Controllers\Survey->loadQuestions()
 7 SYSTEMPATH\CodeIgniter.php(497): CodeIgniter\CodeIgniter->runController(Object(App\Controllers\Survey))
 8 SYSTEMPATH\CodeIgniter.php(366): CodeIgniter\CodeIgniter->handleRequest(null, Object(Config\Cache), false)
 9 FCPATH\index.php(67): CodeIgniter\CodeIgniter->run()
10 SYSTEMPATH\Commands\Server\rewrite.php(47): require_once('C:\\Users\\user 1\\Desktop\\Starter\\public\\index.php')
CRITICAL - 2024-10-25 07:53:09 --> Undefined variable $departments
in APPPATH\Views\SurveyPage\Question.php on line 148.
 1 APPPATH\Views\SurveyPage\Question.php(148): CodeIgniter\Debug\Exceptions->errorHandler(2, 'Undefined variable $departments', 'C:\\Users\\user 1\\Desktop\\Starter\\app\\Views\\SurveyPage\\Question.php', 148)
 2 SYSTEMPATH\View\View.php(224): include('C:\\Users\\user 1\\Desktop\\Starter\\app\\Views\\SurveyPage\\Question.php')
 3 SYSTEMPATH\View\View.php(227): CodeIgniter\View\View->CodeIgniter\View\{closure}()
 4 SYSTEMPATH\Common.php(1180): CodeIgniter\View\View->render('SurveyPage/Question', [], true)
 5 APPPATH\Controllers\Survey.php(101): view('SurveyPage/Question', [...])
 6 SYSTEMPATH\CodeIgniter.php(932): App\Controllers\Survey->loadQuestions()
 7 SYSTEMPATH\CodeIgniter.php(497): CodeIgniter\CodeIgniter->runController(Object(App\Controllers\Survey))
 8 SYSTEMPATH\CodeIgniter.php(366): CodeIgniter\CodeIgniter->handleRequest(null, Object(Config\Cache), false)
 9 FCPATH\index.php(67): CodeIgniter\CodeIgniter->run()
10 SYSTEMPATH\Commands\Server\rewrite.php(47): require_once('C:\\Users\\user 1\\Desktop\\Starter\\public\\index.php')
CRITICAL - 2024-10-25 07:53:43 --> Undefined variable $departments
in APPPATH\Views\SurveyPage\Question.php on line 148.
 1 APPPATH\Views\SurveyPage\Question.php(148): CodeIgniter\Debug\Exceptions->errorHandler(2, 'Undefined variable $departments', 'C:\\Users\\user 1\\Desktop\\Starter\\app\\Views\\SurveyPage\\Question.php', 148)
 2 SYSTEMPATH\View\View.php(224): include('C:\\Users\\user 1\\Desktop\\Starter\\app\\Views\\SurveyPage\\Question.php')
 3 SYSTEMPATH\View\View.php(227): CodeIgniter\View\View->CodeIgniter\View\{closure}()
 4 SYSTEMPATH\Common.php(1180): CodeIgniter\View\View->render('SurveyPage/Question', [], true)
 5 APPPATH\Controllers\Survey.php(101): view('SurveyPage/Question', [...])
 6 SYSTEMPATH\CodeIgniter.php(932): App\Controllers\Survey->loadQuestions()
 7 SYSTEMPATH\CodeIgniter.php(497): CodeIgniter\CodeIgniter->runController(Object(App\Controllers\Survey))
 8 SYSTEMPATH\CodeIgniter.php(366): CodeIgniter\CodeIgniter->handleRequest(null, Object(Config\Cache), false)
 9 FCPATH\index.php(67): CodeIgniter\CodeIgniter->run()
10 SYSTEMPATH\Commands\Server\rewrite.php(47): require_once('C:\\Users\\user 1\\Desktop\\Starter\\public\\index.php')
CRITICAL - 2024-10-25 07:53:45 --> Undefined variable $departments
in APPPATH\Views\SurveyPage\Question.php on line 148.
 1 APPPATH\Views\SurveyPage\Question.php(148): CodeIgniter\Debug\Exceptions->errorHandler(2, 'Undefined variable $departments', 'C:\\Users\\user 1\\Desktop\\Starter\\app\\Views\\SurveyPage\\Question.php', 148)
 2 SYSTEMPATH\View\View.php(224): include('C:\\Users\\user 1\\Desktop\\Starter\\app\\Views\\SurveyPage\\Question.php')
 3 SYSTEMPATH\View\View.php(227): CodeIgniter\View\View->CodeIgniter\View\{closure}()
 4 SYSTEMPATH\Common.php(1180): CodeIgniter\View\View->render('SurveyPage/Question', [], true)
 5 APPPATH\Controllers\Survey.php(101): view('SurveyPage/Question', [...])
 6 SYSTEMPATH\CodeIgniter.php(932): App\Controllers\Survey->loadQuestions()
 7 SYSTEMPATH\CodeIgniter.php(497): CodeIgniter\CodeIgniter->runController(Object(App\Controllers\Survey))
 8 SYSTEMPATH\CodeIgniter.php(366): CodeIgniter\CodeIgniter->handleRequest(null, Object(Config\Cache), false)
 9 FCPATH\index.php(67): CodeIgniter\CodeIgniter->run()
10 SYSTEMPATH\Commands\Server\rewrite.php(47): require_once('C:\\Users\\user 1\\Desktop\\Starter\\public\\index.php')
CRITICAL - 2024-10-25 07:54:40 --> Undefined variable $departments
in APPPATH\Views\SurveyPage\Question.php on line 148.
 1 APPPATH\Views\SurveyPage\Question.php(148): CodeIgniter\Debug\Exceptions->errorHandler(2, 'Undefined variable $departments', 'C:\\Users\\user 1\\Desktop\\Starter\\app\\Views\\SurveyPage\\Question.php', 148)
 2 SYSTEMPATH\View\View.php(224): include('C:\\Users\\user 1\\Desktop\\Starter\\app\\Views\\SurveyPage\\Question.php')
 3 SYSTEMPATH\View\View.php(227): CodeIgniter\View\View->CodeIgniter\View\{closure}()
 4 SYSTEMPATH\Common.php(1180): CodeIgniter\View\View->render('SurveyPage/Question', [], true)
 5 APPPATH\Controllers\Survey.php(101): view('SurveyPage/Question', [...])
 6 SYSTEMPATH\CodeIgniter.php(932): App\Controllers\Survey->loadQuestions()
 7 SYSTEMPATH\CodeIgniter.php(497): CodeIgniter\CodeIgniter->runController(Object(App\Controllers\Survey))
 8 SYSTEMPATH\CodeIgniter.php(366): CodeIgniter\CodeIgniter->handleRequest(null, Object(Config\Cache), false)
 9 FCPATH\index.php(67): CodeIgniter\CodeIgniter->run()
10 SYSTEMPATH\Commands\Server\rewrite.php(47): require_once('C:\\Users\\user 1\\Desktop\\Starter\\public\\index.php')
CRITICAL - 2024-10-25 07:54:41 --> Undefined variable $departments
in APPPATH\Views\SurveyPage\Question.php on line 148.
 1 APPPATH\Views\SurveyPage\Question.php(148): CodeIgniter\Debug\Exceptions->errorHandler(2, 'Undefined variable $departments', 'C:\\Users\\user 1\\Desktop\\Starter\\app\\Views\\SurveyPage\\Question.php', 148)
 2 SYSTEMPATH\View\View.php(224): include('C:\\Users\\user 1\\Desktop\\Starter\\app\\Views\\SurveyPage\\Question.php')
 3 SYSTEMPATH\View\View.php(227): CodeIgniter\View\View->CodeIgniter\View\{closure}()
 4 SYSTEMPATH\Common.php(1180): CodeIgniter\View\View->render('SurveyPage/Question', [], true)
 5 APPPATH\Controllers\Survey.php(101): view('SurveyPage/Question', [...])
 6 SYSTEMPATH\CodeIgniter.php(932): App\Controllers\Survey->loadQuestions()
 7 SYSTEMPATH\CodeIgniter.php(497): CodeIgniter\CodeIgniter->runController(Object(App\Controllers\Survey))
 8 SYSTEMPATH\CodeIgniter.php(366): CodeIgniter\CodeIgniter->handleRequest(null, Object(Config\Cache), false)
 9 FCPATH\index.php(67): CodeIgniter\CodeIgniter->run()
10 SYSTEMPATH\Commands\Server\rewrite.php(47): require_once('C:\\Users\\user 1\\Desktop\\Starter\\public\\index.php')
CRITICAL - 2024-10-25 07:56:02 --> Undefined variable $departments
in APPPATH\Views\SurveyPage\Question.php on line 148.
 1 APPPATH\Views\SurveyPage\Question.php(148): CodeIgniter\Debug\Exceptions->errorHandler(2, 'Undefined variable $departments', 'C:\\Users\\user 1\\Desktop\\Starter\\app\\Views\\SurveyPage\\Question.php', 148)
 2 SYSTEMPATH\View\View.php(224): include('C:\\Users\\user 1\\Desktop\\Starter\\app\\Views\\SurveyPage\\Question.php')
 3 SYSTEMPATH\View\View.php(227): CodeIgniter\View\View->CodeIgniter\View\{closure}()
 4 SYSTEMPATH\Common.php(1180): CodeIgniter\View\View->render('SurveyPage/Question', [], true)
 5 APPPATH\Controllers\Survey.php(102): view('SurveyPage/Question', [...])
 6 SYSTEMPATH\CodeIgniter.php(932): App\Controllers\Survey->loadQuestions()
 7 SYSTEMPATH\CodeIgniter.php(497): CodeIgniter\CodeIgniter->runController(Object(App\Controllers\Survey))
 8 SYSTEMPATH\CodeIgniter.php(366): CodeIgniter\CodeIgniter->handleRequest(null, Object(Config\Cache), false)
 9 FCPATH\index.php(67): CodeIgniter\CodeIgniter->run()
10 SYSTEMPATH\Commands\Server\rewrite.php(47): require_once('C:\\Users\\user 1\\Desktop\\Starter\\public\\index.php')
CRITICAL - 2024-10-25 08:05:38 --> Undefined variable $departments
in APPPATH\Views\SurveyPage\Question.php on line 149.
 1 APPPATH\Views\SurveyPage\Question.php(149): CodeIgniter\Debug\Exceptions->errorHandler(2, 'Undefined variable $departments', 'C:\\Users\\user 1\\Desktop\\Starter\\app\\Views\\SurveyPage\\Question.php', 149)
 2 SYSTEMPATH\View\View.php(224): include('C:\\Users\\user 1\\Desktop\\Starter\\app\\Views\\SurveyPage\\Question.php')
 3 SYSTEMPATH\View\View.php(227): CodeIgniter\View\View->CodeIgniter\View\{closure}()
 4 SYSTEMPATH\Common.php(1180): CodeIgniter\View\View->render('SurveyPage/Question', [], true)
 5 APPPATH\Controllers\Survey.php(103): view('SurveyPage/Question', [...])
 6 SYSTEMPATH\CodeIgniter.php(932): App\Controllers\Survey->loadQuestions()
 7 SYSTEMPATH\CodeIgniter.php(497): CodeIgniter\CodeIgniter->runController(Object(App\Controllers\Survey))
 8 SYSTEMPATH\CodeIgniter.php(366): CodeIgniter\CodeIgniter->handleRequest(null, Object(Config\Cache), false)
 9 FCPATH\index.php(67): CodeIgniter\CodeIgniter->run()
10 SYSTEMPATH\Commands\Server\rewrite.php(47): require_once('C:\\Users\\user 1\\Desktop\\Starter\\public\\index.php')
CRITICAL - 2024-10-25 08:06:04 --> Undefined variable $dept
in APPPATH\Views\SurveyPage\Question.php on line 149.
 1 APPPATH\Views\SurveyPage\Question.php(149): CodeIgniter\Debug\Exceptions->errorHandler(2, 'Undefined variable $dept', 'C:\\Users\\user 1\\Desktop\\Starter\\app\\Views\\SurveyPage\\Question.php', 149)
 2 SYSTEMPATH\View\View.php(224): include('C:\\Users\\user 1\\Desktop\\Starter\\app\\Views\\SurveyPage\\Question.php')
 3 SYSTEMPATH\View\View.php(227): CodeIgniter\View\View->CodeIgniter\View\{closure}()
 4 SYSTEMPATH\Common.php(1180): CodeIgniter\View\View->render('SurveyPage/Question', [], true)
 5 APPPATH\Controllers\Survey.php(103): view('SurveyPage/Question', [...])
 6 SYSTEMPATH\CodeIgniter.php(932): App\Controllers\Survey->loadQuestions()
 7 SYSTEMPATH\CodeIgniter.php(497): CodeIgniter\CodeIgniter->runController(Object(App\Controllers\Survey))
 8 SYSTEMPATH\CodeIgniter.php(366): CodeIgniter\CodeIgniter->handleRequest(null, Object(Config\Cache), false)
 9 FCPATH\index.php(67): CodeIgniter\CodeIgniter->run()
10 SYSTEMPATH\Commands\Server\rewrite.php(47): require_once('C:\\Users\\user 1\\Desktop\\Starter\\public\\index.php')
CRITICAL - 2024-10-25 08:06:32 --> Undefined variable $depts
in APPPATH\Views\SurveyPage\Question.php on line 149.
 1 APPPATH\Views\SurveyPage\Question.php(149): CodeIgniter\Debug\Exceptions->errorHandler(2, 'Undefined variable $depts', 'C:\\Users\\user 1\\Desktop\\Starter\\app\\Views\\SurveyPage\\Question.php', 149)
 2 SYSTEMPATH\View\View.php(224): include('C:\\Users\\user 1\\Desktop\\Starter\\app\\Views\\SurveyPage\\Question.php')
 3 SYSTEMPATH\View\View.php(227): CodeIgniter\View\View->CodeIgniter\View\{closure}()
 4 SYSTEMPATH\Common.php(1180): CodeIgniter\View\View->render('SurveyPage/Question', [], true)
 5 APPPATH\Controllers\Survey.php(103): view('SurveyPage/Question', [...])
 6 SYSTEMPATH\CodeIgniter.php(932): App\Controllers\Survey->loadQuestions()
 7 SYSTEMPATH\CodeIgniter.php(497): CodeIgniter\CodeIgniter->runController(Object(App\Controllers\Survey))
 8 SYSTEMPATH\CodeIgniter.php(366): CodeIgniter\CodeIgniter->handleRequest(null, Object(Config\Cache), false)
 9 FCPATH\index.php(67): CodeIgniter\CodeIgniter->run()
10 SYSTEMPATH\Commands\Server\rewrite.php(47): require_once('C:\\Users\\user 1\\Desktop\\Starter\\public\\index.php')
CRITICAL - 2024-10-25 08:08:40 --> Undefined variable $depts
in APPPATH\Views\SurveyPage\Question.php on line 149.
 1 APPPATH\Views\SurveyPage\Question.php(149): CodeIgniter\Debug\Exceptions->errorHandler(2, 'Undefined variable $depts', 'C:\\Users\\user 1\\Desktop\\Starter\\app\\Views\\SurveyPage\\Question.php', 149)
 2 SYSTEMPATH\View\View.php(224): include('C:\\Users\\user 1\\Desktop\\Starter\\app\\Views\\SurveyPage\\Question.php')
 3 SYSTEMPATH\View\View.php(227): CodeIgniter\View\View->CodeIgniter\View\{closure}()
 4 SYSTEMPATH\Common.php(1180): CodeIgniter\View\View->render('SurveyPage/Question', [], true)
 5 APPPATH\Controllers\Survey.php(103): view('SurveyPage/Question', [...])
 6 SYSTEMPATH\CodeIgniter.php(932): App\Controllers\Survey->loadQuestions()
 7 SYSTEMPATH\CodeIgniter.php(497): CodeIgniter\CodeIgniter->runController(Object(App\Controllers\Survey))
 8 SYSTEMPATH\CodeIgniter.php(366): CodeIgniter\CodeIgniter->handleRequest(null, Object(Config\Cache), false)
 9 FCPATH\index.php(67): CodeIgniter\CodeIgniter->run()
10 SYSTEMPATH\Commands\Server\rewrite.php(47): require_once('C:\\Users\\user 1\\Desktop\\Starter\\public\\index.php')
CRITICAL - 2024-10-25 08:09:18 --> Undefined variable $depts
in APPPATH\Views\SurveyPage\Question.php on line 149.
 1 APPPATH\Views\SurveyPage\Question.php(149): CodeIgniter\Debug\Exceptions->errorHandler(2, 'Undefined variable $depts', 'C:\\Users\\user 1\\Desktop\\Starter\\app\\Views\\SurveyPage\\Question.php', 149)
 2 SYSTEMPATH\View\View.php(224): include('C:\\Users\\user 1\\Desktop\\Starter\\app\\Views\\SurveyPage\\Question.php')
 3 SYSTEMPATH\View\View.php(227): CodeIgniter\View\View->CodeIgniter\View\{closure}()
 4 SYSTEMPATH\Common.php(1180): CodeIgniter\View\View->render('SurveyPage/Question', [], true)
 5 APPPATH\Controllers\Survey.php(100): view('SurveyPage/Question', [...])
 6 SYSTEMPATH\CodeIgniter.php(932): App\Controllers\Survey->loadQuestions()
 7 SYSTEMPATH\CodeIgniter.php(497): CodeIgniter\CodeIgniter->runController(Object(App\Controllers\Survey))
 8 SYSTEMPATH\CodeIgniter.php(366): CodeIgniter\CodeIgniter->handleRequest(null, Object(Config\Cache), false)
 9 FCPATH\index.php(67): CodeIgniter\CodeIgniter->run()
10 SYSTEMPATH\Commands\Server\rewrite.php(47): require_once('C:\\Users\\user 1\\Desktop\\Starter\\public\\index.php')
CRITICAL - 2024-10-25 08:09:21 --> Undefined variable $depts
in APPPATH\Views\SurveyPage\Question.php on line 149.
 1 APPPATH\Views\SurveyPage\Question.php(149): CodeIgniter\Debug\Exceptions->errorHandler(2, 'Undefined variable $depts', 'C:\\Users\\user 1\\Desktop\\Starter\\app\\Views\\SurveyPage\\Question.php', 149)
 2 SYSTEMPATH\View\View.php(224): include('C:\\Users\\user 1\\Desktop\\Starter\\app\\Views\\SurveyPage\\Question.php')
 3 SYSTEMPATH\View\View.php(227): CodeIgniter\View\View->CodeIgniter\View\{closure}()
 4 SYSTEMPATH\Common.php(1180): CodeIgniter\View\View->render('SurveyPage/Question', [], true)
 5 APPPATH\Controllers\Survey.php(100): view('SurveyPage/Question', [...])
 6 SYSTEMPATH\CodeIgniter.php(932): App\Controllers\Survey->loadQuestions()
 7 SYSTEMPATH\CodeIgniter.php(497): CodeIgniter\CodeIgniter->runController(Object(App\Controllers\Survey))
 8 SYSTEMPATH\CodeIgniter.php(366): CodeIgniter\CodeIgniter->handleRequest(null, Object(Config\Cache), false)
 9 FCPATH\index.php(67): CodeIgniter\CodeIgniter->run()
10 SYSTEMPATH\Commands\Server\rewrite.php(47): require_once('C:\\Users\\user 1\\Desktop\\Starter\\public\\index.php')
CRITICAL - 2024-10-25 08:09:27 --> Undefined variable $depts
in APPPATH\Views\SurveyPage\Question.php on line 149.
 1 APPPATH\Views\SurveyPage\Question.php(149): CodeIgniter\Debug\Exceptions->errorHandler(2, 'Undefined variable $depts', 'C:\\Users\\user 1\\Desktop\\Starter\\app\\Views\\SurveyPage\\Question.php', 149)
 2 SYSTEMPATH\View\View.php(224): include('C:\\Users\\user 1\\Desktop\\Starter\\app\\Views\\SurveyPage\\Question.php')
 3 SYSTEMPATH\View\View.php(227): CodeIgniter\View\View->CodeIgniter\View\{closure}()
 4 SYSTEMPATH\Common.php(1180): CodeIgniter\View\View->render('SurveyPage/Question', [], true)
 5 APPPATH\Controllers\Survey.php(102): view('SurveyPage/Question', [...])
 6 SYSTEMPATH\CodeIgniter.php(932): App\Controllers\Survey->loadQuestions()
 7 SYSTEMPATH\CodeIgniter.php(497): CodeIgniter\CodeIgniter->runController(Object(App\Controllers\Survey))
 8 SYSTEMPATH\CodeIgniter.php(366): CodeIgniter\CodeIgniter->handleRequest(null, Object(Config\Cache), false)
 9 FCPATH\index.php(67): CodeIgniter\CodeIgniter->run()
10 SYSTEMPATH\Commands\Server\rewrite.php(47): require_once('C:\\Users\\user 1\\Desktop\\Starter\\public\\index.php')
CRITICAL - 2024-10-25 08:10:07 --> Undefined variable $depts
in APPPATH\Views\SurveyPage\Question.php on line 149.
 1 APPPATH\Views\SurveyPage\Question.php(149): CodeIgniter\Debug\Exceptions->errorHandler(2, 'Undefined variable $depts', 'C:\\Users\\user 1\\Desktop\\Starter\\app\\Views\\SurveyPage\\Question.php', 149)
 2 SYSTEMPATH\View\View.php(224): include('C:\\Users\\user 1\\Desktop\\Starter\\app\\Views\\SurveyPage\\Question.php')
 3 SYSTEMPATH\View\View.php(227): CodeIgniter\View\View->CodeIgniter\View\{closure}()
 4 SYSTEMPATH\Common.php(1180): CodeIgniter\View\View->render('SurveyPage/Question', [], true)
 5 APPPATH\Controllers\Survey.php(100): view('SurveyPage/Question', [...])
 6 SYSTEMPATH\CodeIgniter.php(932): App\Controllers\Survey->loadQuestions()
 7 SYSTEMPATH\CodeIgniter.php(497): CodeIgniter\CodeIgniter->runController(Object(App\Controllers\Survey))
 8 SYSTEMPATH\CodeIgniter.php(366): CodeIgniter\CodeIgniter->handleRequest(null, Object(Config\Cache), false)
 9 FCPATH\index.php(67): CodeIgniter\CodeIgniter->run()
10 SYSTEMPATH\Commands\Server\rewrite.php(47): require_once('C:\\Users\\user 1\\Desktop\\Starter\\public\\index.php')
CRITICAL - 2024-10-25 08:10:41 --> Undefined variable $depts
in APPPATH\Views\SurveyPage\Question.php on line 149.
 1 APPPATH\Views\SurveyPage\Question.php(149): CodeIgniter\Debug\Exceptions->errorHandler(2, 'Undefined variable $depts', 'C:\\Users\\user 1\\Desktop\\Starter\\app\\Views\\SurveyPage\\Question.php', 149)
 2 SYSTEMPATH\View\View.php(224): include('C:\\Users\\user 1\\Desktop\\Starter\\app\\Views\\SurveyPage\\Question.php')
 3 SYSTEMPATH\View\View.php(227): CodeIgniter\View\View->CodeIgniter\View\{closure}()
 4 SYSTEMPATH\Common.php(1180): CodeIgniter\View\View->render('SurveyPage/Question', [], true)
 5 APPPATH\Controllers\Survey.php(100): view('SurveyPage/Question', [...])
 6 SYSTEMPATH\CodeIgniter.php(932): App\Controllers\Survey->loadQuestions()
 7 SYSTEMPATH\CodeIgniter.php(497): CodeIgniter\CodeIgniter->runController(Object(App\Controllers\Survey))
 8 SYSTEMPATH\CodeIgniter.php(366): CodeIgniter\CodeIgniter->handleRequest(null, Object(Config\Cache), false)
 9 FCPATH\index.php(67): CodeIgniter\CodeIgniter->run()
10 SYSTEMPATH\Commands\Server\rewrite.php(47): require_once('C:\\Users\\user 1\\Desktop\\Starter\\public\\index.php')
CRITICAL - 2024-10-25 08:11:10 --> syntax error, unexpected token "}", expecting ";"
in APPPATH\Controllers\Survey.php on line 127.
 1 SYSTEMPATH\Autoloader\Autoloader.php(289): CodeIgniter\Autoloader\Autoloader->includeFile('C:\\Users\\user 1\\Desktop\\Starter\\app\\Controllers\\Survey.php')
 2 SYSTEMPATH\Autoloader\Autoloader.php(267): CodeIgniter\Autoloader\Autoloader->loadInNamespace('App\\Controllers\\Survey')
 3 [internal function]: CodeIgniter\Autoloader\Autoloader->loadClass('App\\Controllers\\Survey')
 4 SYSTEMPATH\CodeIgniter.php(890): class_exists('\\App\\Controllers\\Survey', true)
 5 SYSTEMPATH\CodeIgniter.php(484): CodeIgniter\CodeIgniter->startController()
 6 SYSTEMPATH\CodeIgniter.php(366): CodeIgniter\CodeIgniter->handleRequest(null, Object(Config\Cache), false)
 7 FCPATH\index.php(67): CodeIgniter\CodeIgniter->run()
 8 SYSTEMPATH\Commands\Server\rewrite.php(47): require_once('C:\\Users\\user 1\\Desktop\\Starter\\public\\index.php')
CRITICAL - 2024-10-25 08:11:20 --> Undefined variable $depts
in APPPATH\Views\SurveyPage\Question.php on line 149.
 1 APPPATH\Views\SurveyPage\Question.php(149): CodeIgniter\Debug\Exceptions->errorHandler(2, 'Undefined variable $depts', 'C:\\Users\\user 1\\Desktop\\Starter\\app\\Views\\SurveyPage\\Question.php', 149)
 2 SYSTEMPATH\View\View.php(224): include('C:\\Users\\user 1\\Desktop\\Starter\\app\\Views\\SurveyPage\\Question.php')
 3 SYSTEMPATH\View\View.php(227): CodeIgniter\View\View->CodeIgniter\View\{closure}()
 4 SYSTEMPATH\Common.php(1180): CodeIgniter\View\View->render('SurveyPage/Question', [], true)
 5 APPPATH\Controllers\Survey.php(100): view('SurveyPage/Question', [...])
 6 SYSTEMPATH\CodeIgniter.php(932): App\Controllers\Survey->loadQuestions()
 7 SYSTEMPATH\CodeIgniter.php(497): CodeIgniter\CodeIgniter->runController(Object(App\Controllers\Survey))
 8 SYSTEMPATH\CodeIgniter.php(366): CodeIgniter\CodeIgniter->handleRequest(null, Object(Config\Cache), false)
 9 FCPATH\index.php(67): CodeIgniter\CodeIgniter->run()
10 SYSTEMPATH\Commands\Server\rewrite.php(47): require_once('C:\\Users\\user 1\\Desktop\\Starter\\public\\index.php')
CRITICAL - 2024-10-25 08:14:37 --> Unmatched '}'
in APPPATH\Controllers\Survey.php on line 133.
 1 SYSTEMPATH\Autoloader\Autoloader.php(289): CodeIgniter\Autoloader\Autoloader->includeFile('C:\\Users\\user 1\\Desktop\\Starter\\app\\Controllers\\Survey.php')
 2 SYSTEMPATH\Autoloader\Autoloader.php(267): CodeIgniter\Autoloader\Autoloader->loadInNamespace('App\\Controllers\\Survey')
 3 [internal function]: CodeIgniter\Autoloader\Autoloader->loadClass('App\\Controllers\\Survey')
 4 SYSTEMPATH\CodeIgniter.php(890): class_exists('\\App\\Controllers\\Survey', true)
 5 SYSTEMPATH\CodeIgniter.php(484): CodeIgniter\CodeIgniter->startController()
 6 SYSTEMPATH\CodeIgniter.php(366): CodeIgniter\CodeIgniter->handleRequest(null, Object(Config\Cache), false)
 7 FCPATH\index.php(67): CodeIgniter\CodeIgniter->run()
 8 SYSTEMPATH\Commands\Server\rewrite.php(47): require_once('C:\\Users\\user 1\\Desktop\\Starter\\public\\index.php')
CRITICAL - 2024-10-25 08:14:55 --> Undefined variable $depts
in APPPATH\Views\SurveyPage\Question.php on line 149.
 1 APPPATH\Views\SurveyPage\Question.php(149): CodeIgniter\Debug\Exceptions->errorHandler(2, 'Undefined variable $depts', 'C:\\Users\\user 1\\Desktop\\Starter\\app\\Views\\SurveyPage\\Question.php', 149)
 2 SYSTEMPATH\View\View.php(224): include('C:\\Users\\user 1\\Desktop\\Starter\\app\\Views\\SurveyPage\\Question.php')
 3 SYSTEMPATH\View\View.php(227): CodeIgniter\View\View->CodeIgniter\View\{closure}()
 4 SYSTEMPATH\Common.php(1180): CodeIgniter\View\View->render('SurveyPage/Question', [], true)
 5 APPPATH\Controllers\Survey.php(100): view('SurveyPage/Question', [...])
 6 SYSTEMPATH\CodeIgniter.php(932): App\Controllers\Survey->loadQuestions()
 7 SYSTEMPATH\CodeIgniter.php(497): CodeIgniter\CodeIgniter->runController(Object(App\Controllers\Survey))
 8 SYSTEMPATH\CodeIgniter.php(366): CodeIgniter\CodeIgniter->handleRequest(null, Object(Config\Cache), false)
 9 FCPATH\index.php(67): CodeIgniter\CodeIgniter->run()
10 SYSTEMPATH\Commands\Server\rewrite.php(47): require_once('C:\\Users\\user 1\\Desktop\\Starter\\public\\index.php')
CRITICAL - 2024-10-25 08:15:09 --> Undefined variable $depts
in APPPATH\Views\SurveyPage\Question.php on line 149.
 1 APPPATH\Views\SurveyPage\Question.php(149): CodeIgniter\Debug\Exceptions->errorHandler(2, 'Undefined variable $depts', 'C:\\Users\\user 1\\Desktop\\Starter\\app\\Views\\SurveyPage\\Question.php', 149)
 2 SYSTEMPATH\View\View.php(224): include('C:\\Users\\user 1\\Desktop\\Starter\\app\\Views\\SurveyPage\\Question.php')
 3 SYSTEMPATH\View\View.php(227): CodeIgniter\View\View->CodeIgniter\View\{closure}()
 4 SYSTEMPATH\Common.php(1180): CodeIgniter\View\View->render('SurveyPage/Question', [], true)
 5 APPPATH\Controllers\Survey.php(100): view('SurveyPage/Question', [...])
 6 SYSTEMPATH\CodeIgniter.php(932): App\Controllers\Survey->loadQuestions()
 7 SYSTEMPATH\CodeIgniter.php(497): CodeIgniter\CodeIgniter->runController(Object(App\Controllers\Survey))
 8 SYSTEMPATH\CodeIgniter.php(366): CodeIgniter\CodeIgniter->handleRequest(null, Object(Config\Cache), false)
 9 FCPATH\index.php(67): CodeIgniter\CodeIgniter->run()
10 SYSTEMPATH\Commands\Server\rewrite.php(47): require_once('C:\\Users\\user 1\\Desktop\\Starter\\public\\index.php')
CRITICAL - 2024-10-25 08:15:11 --> Undefined variable $depts
in APPPATH\Views\SurveyPage\Question.php on line 149.
 1 APPPATH\Views\SurveyPage\Question.php(149): CodeIgniter\Debug\Exceptions->errorHandler(2, 'Undefined variable $depts', 'C:\\Users\\user 1\\Desktop\\Starter\\app\\Views\\SurveyPage\\Question.php', 149)
 2 SYSTEMPATH\View\View.php(224): include('C:\\Users\\user 1\\Desktop\\Starter\\app\\Views\\SurveyPage\\Question.php')
 3 SYSTEMPATH\View\View.php(227): CodeIgniter\View\View->CodeIgniter\View\{closure}()
 4 SYSTEMPATH\Common.php(1180): CodeIgniter\View\View->render('SurveyPage/Question', [], true)
 5 APPPATH\Controllers\Survey.php(100): view('SurveyPage/Question', [...])
 6 SYSTEMPATH\CodeIgniter.php(932): App\Controllers\Survey->loadQuestions()
 7 SYSTEMPATH\CodeIgniter.php(497): CodeIgniter\CodeIgniter->runController(Object(App\Controllers\Survey))
 8 SYSTEMPATH\CodeIgniter.php(366): CodeIgniter\CodeIgniter->handleRequest(null, Object(Config\Cache), false)
 9 FCPATH\index.php(67): CodeIgniter\CodeIgniter->run()
10 SYSTEMPATH\Commands\Server\rewrite.php(47): require_once('C:\\Users\\user 1\\Desktop\\Starter\\public\\index.php')
CRITICAL - 2024-10-25 08:15:42 --> Undefined variable $depts
in APPPATH\Views\SurveyPage\Question.php on line 149.
 1 APPPATH\Views\SurveyPage\Question.php(149): CodeIgniter\Debug\Exceptions->errorHandler(2, 'Undefined variable $depts', 'C:\\Users\\user 1\\Desktop\\Starter\\app\\Views\\SurveyPage\\Question.php', 149)
 2 SYSTEMPATH\View\View.php(224): include('C:\\Users\\user 1\\Desktop\\Starter\\app\\Views\\SurveyPage\\Question.php')
 3 SYSTEMPATH\View\View.php(227): CodeIgniter\View\View->CodeIgniter\View\{closure}()
 4 SYSTEMPATH\Common.php(1180): CodeIgniter\View\View->render('SurveyPage/Question', [], true)
 5 APPPATH\Controllers\Survey.php(100): view('SurveyPage/Question', [...])
 6 SYSTEMPATH\CodeIgniter.php(932): App\Controllers\Survey->loadQuestions()
 7 SYSTEMPATH\CodeIgniter.php(497): CodeIgniter\CodeIgniter->runController(Object(App\Controllers\Survey))
 8 SYSTEMPATH\CodeIgniter.php(366): CodeIgniter\CodeIgniter->handleRequest(null, Object(Config\Cache), false)
 9 FCPATH\index.php(67): CodeIgniter\CodeIgniter->run()
10 SYSTEMPATH\Commands\Server\rewrite.php(47): require_once('C:\\Users\\user 1\\Desktop\\Starter\\public\\index.php')
CRITICAL - 2024-10-25 08:18:05 --> Undefined variable $depts
in APPPATH\Views\SurveyPage\Question.php on line 149.
 1 APPPATH\Views\SurveyPage\Question.php(149): CodeIgniter\Debug\Exceptions->errorHandler(2, 'Undefined variable $depts', 'C:\\Users\\user 1\\Desktop\\Starter\\app\\Views\\SurveyPage\\Question.php', 149)
 2 SYSTEMPATH\View\View.php(224): include('C:\\Users\\user 1\\Desktop\\Starter\\app\\Views\\SurveyPage\\Question.php')
 3 SYSTEMPATH\View\View.php(227): CodeIgniter\View\View->CodeIgniter\View\{closure}()
 4 SYSTEMPATH\Common.php(1180): CodeIgniter\View\View->render('SurveyPage/Question', [], true)
 5 APPPATH\Controllers\Survey.php(100): view('SurveyPage/Question', [...])
 6 SYSTEMPATH\CodeIgniter.php(932): App\Controllers\Survey->loadQuestions()
 7 SYSTEMPATH\CodeIgniter.php(497): CodeIgniter\CodeIgniter->runController(Object(App\Controllers\Survey))
 8 SYSTEMPATH\CodeIgniter.php(366): CodeIgniter\CodeIgniter->handleRequest(null, Object(Config\Cache), false)
 9 FCPATH\index.php(67): CodeIgniter\CodeIgniter->run()
10 SYSTEMPATH\Commands\Server\rewrite.php(47): require_once('C:\\Users\\user 1\\Desktop\\Starter\\public\\index.php')
INFO - 2024-10-25 08:19:24 --> Session: Class initialized using 'CodeIgniter\Session\Handlers\FileHandler' driver.
CRITICAL - 2024-10-25 08:19:45 --> Undefined variable $depts
in APPPATH\Views\SurveyPage\Question.php on line 149.
 1 APPPATH\Views\SurveyPage\Question.php(149): CodeIgniter\Debug\Exceptions->errorHandler(2, 'Undefined variable $depts', 'C:\\Users\\user 1\\Desktop\\Starter\\app\\Views\\SurveyPage\\Question.php', 149)
 2 SYSTEMPATH\View\View.php(224): include('C:\\Users\\user 1\\Desktop\\Starter\\app\\Views\\SurveyPage\\Question.php')
 3 SYSTEMPATH\View\View.php(227): CodeIgniter\View\View->CodeIgniter\View\{closure}()
 4 SYSTEMPATH\Common.php(1180): CodeIgniter\View\View->render('SurveyPage/Question', [], true)
 5 APPPATH\Controllers\Survey.php(100): view('SurveyPage/Question', [...])
 6 SYSTEMPATH\CodeIgniter.php(932): App\Controllers\Survey->loadQuestions()
 7 SYSTEMPATH\CodeIgniter.php(497): CodeIgniter\CodeIgniter->runController(Object(App\Controllers\Survey))
 8 SYSTEMPATH\CodeIgniter.php(366): CodeIgniter\CodeIgniter->handleRequest(null, Object(Config\Cache), false)
 9 FCPATH\index.php(67): CodeIgniter\CodeIgniter->run()
10 SYSTEMPATH\Commands\Server\rewrite.php(47): require_once('C:\\Users\\user 1\\Desktop\\Starter\\public\\index.php')
CRITICAL - 2024-10-25 08:23:44 --> syntax error, unexpected token "else", expecting end of file
in APPPATH\Views\SurveyPage\Question.php on line 153.
 1 SYSTEMPATH\View\View.php(227): CodeIgniter\View\View->CodeIgniter\View\{closure}()
 2 SYSTEMPATH\Common.php(1180): CodeIgniter\View\View->render('SurveyPage/Question', [], true)
 3 APPPATH\Controllers\Survey.php(100): view('SurveyPage/Question', [...])
 4 SYSTEMPATH\CodeIgniter.php(932): App\Controllers\Survey->loadQuestions()
 5 SYSTEMPATH\CodeIgniter.php(497): CodeIgniter\CodeIgniter->runController(Object(App\Controllers\Survey))
 6 SYSTEMPATH\CodeIgniter.php(366): CodeIgniter\CodeIgniter->handleRequest(null, Object(Config\Cache), false)
 7 FCPATH\index.php(67): CodeIgniter\CodeIgniter->run()
 8 SYSTEMPATH\Commands\Server\rewrite.php(47): require_once('C:\\Users\\user 1\\Desktop\\Starter\\public\\index.php')
CRITICAL - 2024-10-25 08:42:43 --> Unsupported operand types: string + int
in APPPATH\Views\SurveyPage\Question.php on line 166.
 1 SYSTEMPATH\View\View.php(224): include()
 2 SYSTEMPATH\View\View.php(227): CodeIgniter\View\View->CodeIgniter\View\{closure}()
 3 SYSTEMPATH\Common.php(1180): CodeIgniter\View\View->render('SurveyPage/Question', [], true)
 4 APPPATH\Controllers\Survey.php(102): view('SurveyPage/Question', [...])
 5 SYSTEMPATH\CodeIgniter.php(932): App\Controllers\Survey->loadQuestions()
 6 SYSTEMPATH\CodeIgniter.php(497): CodeIgniter\CodeIgniter->runController(Object(App\Controllers\Survey))
 7 SYSTEMPATH\CodeIgniter.php(366): CodeIgniter\CodeIgniter->handleRequest(null, Object(Config\Cache), false)
 8 FCPATH\index.php(67): CodeIgniter\CodeIgniter->run()
 9 SYSTEMPATH\Commands\Server\rewrite.php(47): require_once('C:\\Users\\user 1\\Desktop\\Starter\\public\\index.php')
CRITICAL - 2024-10-25 08:42:50 --> Unsupported operand types: string + int
in APPPATH\Views\SurveyPage\Question.php on line 166.
 1 SYSTEMPATH\View\View.php(224): include()
 2 SYSTEMPATH\View\View.php(227): CodeIgniter\View\View->CodeIgniter\View\{closure}()
 3 SYSTEMPATH\Common.php(1180): CodeIgniter\View\View->render('SurveyPage/Question', [], true)
 4 APPPATH\Controllers\Survey.php(102): view('SurveyPage/Question', [...])
 5 SYSTEMPATH\CodeIgniter.php(932): App\Controllers\Survey->loadQuestions()
 6 SYSTEMPATH\CodeIgniter.php(497): CodeIgniter\CodeIgniter->runController(Object(App\Controllers\Survey))
 7 SYSTEMPATH\CodeIgniter.php(366): CodeIgniter\CodeIgniter->handleRequest(null, Object(Config\Cache), false)
 8 FCPATH\index.php(67): CodeIgniter\CodeIgniter->run()
 9 SYSTEMPATH\Commands\Server\rewrite.php(47): require_once('C:\\Users\\user 1\\Desktop\\Starter\\public\\index.php')
CRITICAL - 2024-10-25 08:42:52 --> Unsupported operand types: string + int
in APPPATH\Views\SurveyPage\Question.php on line 166.
 1 SYSTEMPATH\View\View.php(224): include()
 2 SYSTEMPATH\View\View.php(227): CodeIgniter\View\View->CodeIgniter\View\{closure}()
 3 SYSTEMPATH\Common.php(1180): CodeIgniter\View\View->render('SurveyPage/Question', [], true)
 4 APPPATH\Controllers\Survey.php(102): view('SurveyPage/Question', [...])
 5 SYSTEMPATH\CodeIgniter.php(932): App\Controllers\Survey->loadQuestions()
 6 SYSTEMPATH\CodeIgniter.php(497): CodeIgniter\CodeIgniter->runController(Object(App\Controllers\Survey))
 7 SYSTEMPATH\CodeIgniter.php(366): CodeIgniter\CodeIgniter->handleRequest(null, Object(Config\Cache), false)
 8 FCPATH\index.php(67): CodeIgniter\CodeIgniter->run()
 9 SYSTEMPATH\Commands\Server\rewrite.php(47): require_once('C:\\Users\\user 1\\Desktop\\Starter\\public\\index.php')
CRITICAL - 2024-10-25 08:42:55 --> Unsupported operand types: string + int
in APPPATH\Views\SurveyPage\Question.php on line 166.
 1 SYSTEMPATH\View\View.php(224): include()
 2 SYSTEMPATH\View\View.php(227): CodeIgniter\View\View->CodeIgniter\View\{closure}()
 3 SYSTEMPATH\Common.php(1180): CodeIgniter\View\View->render('SurveyPage/Question', [], true)
 4 APPPATH\Controllers\Survey.php(102): view('SurveyPage/Question', [...])
 5 SYSTEMPATH\CodeIgniter.php(932): App\Controllers\Survey->loadQuestions()
 6 SYSTEMPATH\CodeIgniter.php(497): CodeIgniter\CodeIgniter->runController(Object(App\Controllers\Survey))
 7 SYSTEMPATH\CodeIgniter.php(366): CodeIgniter\CodeIgniter->handleRequest(null, Object(Config\Cache), false)
 8 FCPATH\index.php(67): CodeIgniter\CodeIgniter->run()
 9 SYSTEMPATH\Commands\Server\rewrite.php(47): require_once('C:\\Users\\user 1\\Desktop\\Starter\\public\\index.php')
