CRITICAL - 2024-10-08 02:08:53 --> Undefined variable $routes
in APPPATH\Views\Layouts\main.php on line 83.
 1 APPPATH\Views\Layouts\main.php(83): CodeIgniter\Debug\Exceptions->errorHandler(2, 'Undefined variable $routes', 'C:\\Users\\user 1\\Desktop\\Starter\\app\\Views\\Layouts\\main.php', 83)
 2 SYSTEMPATH\View\View.php(224): include('C:\\Users\\user 1\\Desktop\\Starter\\app\\Views\\Layouts\\main.php')
 3 SYSTEMPATH\View\View.php(227): CodeIgniter\View\View->CodeIgniter\View\{closure}()
 4 SYSTEMPATH\View\View.php(240): CodeIgniter\View\View->render('layouts/main', [], true)
 5 SYSTEMPATH\Common.php(1180): CodeIgniter\View\View->render('pages/createUser', [], true)
 6 APPPATH\Controllers\UserController.php(16): view('pages/createUser')
 7 SYSTEMPATH\CodeIgniter.php(932): App\Controllers\UserController->createUserAccount()
 8 SYSTEMPATH\CodeIgniter.php(497): CodeIgniter\CodeIgniter->runController(Object(App\Controllers\UserController))
 9 SYSTEMPATH\CodeIgniter.php(366): CodeIgniter\CodeIgniter->handleRequest(null, Object(Config\Cache), false)
10 FCPATH\index.php(67): CodeIgniter\CodeIgniter->run()
11 SYSTEMPATH\Commands\Server\rewrite.php(47): require_once('C:\\Users\\user 1\\Desktop\\Starter\\public\\index.php')
CRITICAL - 2024-10-08 02:09:01 --> Undefined variable $routes
in APPPATH\Views\Layouts\main.php on line 83.
 1 APPPATH\Views\Layouts\main.php(83): CodeIgniter\Debug\Exceptions->errorHandler(2, 'Undefined variable $routes', 'C:\\Users\\user 1\\Desktop\\Starter\\app\\Views\\Layouts\\main.php', 83)
 2 SYSTEMPATH\View\View.php(224): include('C:\\Users\\user 1\\Desktop\\Starter\\app\\Views\\Layouts\\main.php')
 3 SYSTEMPATH\View\View.php(227): CodeIgniter\View\View->CodeIgniter\View\{closure}()
 4 SYSTEMPATH\View\View.php(240): CodeIgniter\View\View->render('layouts/main', [], true)
 5 SYSTEMPATH\Common.php(1180): CodeIgniter\View\View->render('pages/createUser', [], true)
 6 APPPATH\Controllers\UserController.php(16): view('pages/createUser')
 7 SYSTEMPATH\CodeIgniter.php(932): App\Controllers\UserController->createUserAccount()
 8 SYSTEMPATH\CodeIgniter.php(497): CodeIgniter\CodeIgniter->runController(Object(App\Controllers\UserController))
 9 SYSTEMPATH\CodeIgniter.php(366): CodeIgniter\CodeIgniter->handleRequest(null, Object(Config\Cache), false)
10 FCPATH\index.php(67): CodeIgniter\CodeIgniter->run()
11 SYSTEMPATH\Commands\Server\rewrite.php(47): require_once('C:\\Users\\user 1\\Desktop\\Starter\\public\\index.php')
CRITICAL - 2024-10-08 02:09:05 --> Undefined variable $routes
in APPPATH\Views\Layouts\main.php on line 83.
 1 APPPATH\Views\Layouts\main.php(83): CodeIgniter\Debug\Exceptions->errorHandler(2, 'Undefined variable $routes', 'C:\\Users\\user 1\\Desktop\\Starter\\app\\Views\\Layouts\\main.php', 83)
 2 SYSTEMPATH\View\View.php(224): include('C:\\Users\\user 1\\Desktop\\Starter\\app\\Views\\Layouts\\main.php')
 3 SYSTEMPATH\View\View.php(227): CodeIgniter\View\View->CodeIgniter\View\{closure}()
 4 SYSTEMPATH\View\View.php(240): CodeIgniter\View\View->render('layouts/main', [], true)
 5 SYSTEMPATH\Common.php(1180): CodeIgniter\View\View->render('students/add', [], true)
 6 APPPATH\Controllers\StudentsController.php(16): view('students/add')
 7 SYSTEMPATH\CodeIgniter.php(932): App\Controllers\StudentsController->createStudent()
 8 SYSTEMPATH\CodeIgniter.php(497): CodeIgniter\CodeIgniter->runController(Object(App\Controllers\StudentsController))
 9 SYSTEMPATH\CodeIgniter.php(366): CodeIgniter\CodeIgniter->handleRequest(null, Object(Config\Cache), false)
10 FCPATH\index.php(67): CodeIgniter\CodeIgniter->run()
11 SYSTEMPATH\Commands\Server\rewrite.php(47): require_once('C:\\Users\\user 1\\Desktop\\Starter\\public\\index.php')
CRITICAL - 2024-10-08 02:09:06 --> Undefined variable $routes
in APPPATH\Views\Layouts\main.php on line 83.
 1 APPPATH\Views\Layouts\main.php(83): CodeIgniter\Debug\Exceptions->errorHandler(2, 'Undefined variable $routes', 'C:\\Users\\user 1\\Desktop\\Starter\\app\\Views\\Layouts\\main.php', 83)
 2 SYSTEMPATH\View\View.php(224): include('C:\\Users\\user 1\\Desktop\\Starter\\app\\Views\\Layouts\\main.php')
 3 SYSTEMPATH\View\View.php(227): CodeIgniter\View\View->CodeIgniter\View\{closure}()
 4 SYSTEMPATH\View\View.php(240): CodeIgniter\View\View->render('layouts/main', [], true)
 5 SYSTEMPATH\Common.php(1180): CodeIgniter\View\View->render('/pages/blog', [], true)
 6 APPPATH\Controllers\Home.php(9): view('/pages/blog')
 7 SYSTEMPATH\CodeIgniter.php(932): App\Controllers\Home->index()
 8 SYSTEMPATH\CodeIgniter.php(497): CodeIgniter\CodeIgniter->runController(Object(App\Controllers\Home))
 9 SYSTEMPATH\CodeIgniter.php(366): CodeIgniter\CodeIgniter->handleRequest(null, Object(Config\Cache), false)
10 FCPATH\index.php(67): CodeIgniter\CodeIgniter->run()
11 SYSTEMPATH\Commands\Server\rewrite.php(47): require_once('C:\\Users\\user 1\\Desktop\\Starter\\public\\index.php')
CRITICAL - 2024-10-08 02:09:08 --> Undefined variable $routes
in APPPATH\Views\Layouts\main.php on line 83.
 1 APPPATH\Views\Layouts\main.php(83): CodeIgniter\Debug\Exceptions->errorHandler(2, 'Undefined variable $routes', 'C:\\Users\\user 1\\Desktop\\Starter\\app\\Views\\Layouts\\main.php', 83)
 2 SYSTEMPATH\View\View.php(224): include('C:\\Users\\user 1\\Desktop\\Starter\\app\\Views\\Layouts\\main.php')
 3 SYSTEMPATH\View\View.php(227): CodeIgniter\View\View->CodeIgniter\View\{closure}()
 4 SYSTEMPATH\View\View.php(240): CodeIgniter\View\View->render('layouts/main', [], true)
 5 SYSTEMPATH\Common.php(1180): CodeIgniter\View\View->render('/pages/blog', [], true)
 6 APPPATH\Controllers\Home.php(9): view('/pages/blog')
 7 SYSTEMPATH\CodeIgniter.php(932): App\Controllers\Home->index()
 8 SYSTEMPATH\CodeIgniter.php(497): CodeIgniter\CodeIgniter->runController(Object(App\Controllers\Home))
 9 SYSTEMPATH\CodeIgniter.php(366): CodeIgniter\CodeIgniter->handleRequest(null, Object(Config\Cache), false)
10 FCPATH\index.php(67): CodeIgniter\CodeIgniter->run()
11 SYSTEMPATH\Commands\Server\rewrite.php(47): require_once('C:\\Users\\user 1\\Desktop\\Starter\\public\\index.php')
CRITICAL - 2024-10-08 05:19:00 --> syntax error, unexpected token "return"
in APPPATH\Controllers\UserController.php on line 18.
 1 SYSTEMPATH\Autoloader\Autoloader.php(289): CodeIgniter\Autoloader\Autoloader->includeFile('C:\\Users\\user 1\\Desktop\\Starter\\app\\Controllers\\UserController.php')
 2 SYSTEMPATH\Autoloader\Autoloader.php(267): CodeIgniter\Autoloader\Autoloader->loadInNamespace('App\\Controllers\\UserController')
 3 [internal function]: CodeIgniter\Autoloader\Autoloader->loadClass('App\\Controllers\\UserController')
 4 SYSTEMPATH\CodeIgniter.php(890): class_exists('\\App\\Controllers\\UserController', true)
 5 SYSTEMPATH\CodeIgniter.php(484): CodeIgniter\CodeIgniter->startController()
 6 SYSTEMPATH\CodeIgniter.php(366): CodeIgniter\CodeIgniter->handleRequest(null, Object(Config\Cache), false)
 7 FCPATH\index.php(67): CodeIgniter\CodeIgniter->run()
 8 SYSTEMPATH\Commands\Server\rewrite.php(47): require_once('C:\\Users\\user 1\\Desktop\\Starter\\public\\index.php')
CRITICAL - 2024-10-08 05:19:03 --> syntax error, unexpected token "return"
in APPPATH\Controllers\UserController.php on line 18.
 1 SYSTEMPATH\Autoloader\Autoloader.php(289): CodeIgniter\Autoloader\Autoloader->includeFile('C:\\Users\\user 1\\Desktop\\Starter\\app\\Controllers\\UserController.php')
 2 SYSTEMPATH\Autoloader\Autoloader.php(267): CodeIgniter\Autoloader\Autoloader->loadInNamespace('App\\Controllers\\UserController')
 3 [internal function]: CodeIgniter\Autoloader\Autoloader->loadClass('App\\Controllers\\UserController')
 4 SYSTEMPATH\CodeIgniter.php(890): class_exists('\\App\\Controllers\\UserController', true)
 5 SYSTEMPATH\CodeIgniter.php(484): CodeIgniter\CodeIgniter->startController()
 6 SYSTEMPATH\CodeIgniter.php(366): CodeIgniter\CodeIgniter->handleRequest(null, Object(Config\Cache), false)
 7 FCPATH\index.php(67): CodeIgniter\CodeIgniter->run()
 8 SYSTEMPATH\Commands\Server\rewrite.php(47): require_once('C:\\Users\\user 1\\Desktop\\Starter\\public\\index.php')
CRITICAL - 2024-10-08 05:19:31 --> syntax error, unexpected token "return"
in APPPATH\Controllers\UserController.php on line 18.
 1 SYSTEMPATH\Autoloader\Autoloader.php(289): CodeIgniter\Autoloader\Autoloader->includeFile('C:\\Users\\user 1\\Desktop\\Starter\\app\\Controllers\\UserController.php')
 2 SYSTEMPATH\Autoloader\Autoloader.php(267): CodeIgniter\Autoloader\Autoloader->loadInNamespace('App\\Controllers\\UserController')
 3 [internal function]: CodeIgniter\Autoloader\Autoloader->loadClass('App\\Controllers\\UserController')
 4 SYSTEMPATH\CodeIgniter.php(890): class_exists('\\App\\Controllers\\UserController', true)
 5 SYSTEMPATH\CodeIgniter.php(484): CodeIgniter\CodeIgniter->startController()
 6 SYSTEMPATH\CodeIgniter.php(366): CodeIgniter\CodeIgniter->handleRequest(null, Object(Config\Cache), false)
 7 FCPATH\index.php(67): CodeIgniter\CodeIgniter->run()
 8 SYSTEMPATH\Commands\Server\rewrite.php(47): require_once('C:\\Users\\user 1\\Desktop\\Starter\\public\\index.php')
CRITICAL - 2024-10-08 05:34:33 --> Undefined variable $firstname
in APPPATH\Views\pages\UserProfile.php on line 92.
 1 APPPATH\Views\pages\UserProfile.php(92): CodeIgniter\Debug\Exceptions->errorHandler(2, 'Undefined variable $firstname', 'C:\\Users\\user 1\\Desktop\\Starter\\app\\Views\\pages\\UserProfile.php', 92)
 2 SYSTEMPATH\View\View.php(224): include('C:\\Users\\user 1\\Desktop\\Starter\\app\\Views\\pages\\UserProfile.php')
 3 SYSTEMPATH\View\View.php(227): CodeIgniter\View\View->CodeIgniter\View\{closure}()
 4 SYSTEMPATH\Common.php(1180): CodeIgniter\View\View->render('pages/UserProfile', [], true)
 5 APPPATH\Controllers\UserController.php(18): view('pages/UserProfile')
 6 SYSTEMPATH\CodeIgniter.php(932): App\Controllers\UserController->createUserAccount()
 7 SYSTEMPATH\CodeIgniter.php(497): CodeIgniter\CodeIgniter->runController(Object(App\Controllers\UserController))
 8 SYSTEMPATH\CodeIgniter.php(366): CodeIgniter\CodeIgniter->handleRequest(null, Object(Config\Cache), false)
 9 FCPATH\index.php(67): CodeIgniter\CodeIgniter->run()
10 SYSTEMPATH\Commands\Server\rewrite.php(47): require_once('C:\\Users\\user 1\\Desktop\\Starter\\public\\index.php')
CRITICAL - 2024-10-08 05:34:35 --> Undefined variable $firstname
in APPPATH\Views\pages\UserProfile.php on line 92.
 1 APPPATH\Views\pages\UserProfile.php(92): CodeIgniter\Debug\Exceptions->errorHandler(2, 'Undefined variable $firstname', 'C:\\Users\\user 1\\Desktop\\Starter\\app\\Views\\pages\\UserProfile.php', 92)
 2 SYSTEMPATH\View\View.php(224): include('C:\\Users\\user 1\\Desktop\\Starter\\app\\Views\\pages\\UserProfile.php')
 3 SYSTEMPATH\View\View.php(227): CodeIgniter\View\View->CodeIgniter\View\{closure}()
 4 SYSTEMPATH\Common.php(1180): CodeIgniter\View\View->render('pages/UserProfile', [], true)
 5 APPPATH\Controllers\UserController.php(18): view('pages/UserProfile')
 6 SYSTEMPATH\CodeIgniter.php(932): App\Controllers\UserController->createUserAccount()
 7 SYSTEMPATH\CodeIgniter.php(497): CodeIgniter\CodeIgniter->runController(Object(App\Controllers\UserController))
 8 SYSTEMPATH\CodeIgniter.php(366): CodeIgniter\CodeIgniter->handleRequest(null, Object(Config\Cache), false)
 9 FCPATH\index.php(67): CodeIgniter\CodeIgniter->run()
10 SYSTEMPATH\Commands\Server\rewrite.php(47): require_once('C:\\Users\\user 1\\Desktop\\Starter\\public\\index.php')
CRITICAL - 2024-10-08 05:34:40 --> Undefined variable $firstname
in APPPATH\Views\pages\UserProfile.php on line 92.
 1 APPPATH\Views\pages\UserProfile.php(92): CodeIgniter\Debug\Exceptions->errorHandler(2, 'Undefined variable $firstname', 'C:\\Users\\user 1\\Desktop\\Starter\\app\\Views\\pages\\UserProfile.php', 92)
 2 SYSTEMPATH\View\View.php(224): include('C:\\Users\\user 1\\Desktop\\Starter\\app\\Views\\pages\\UserProfile.php')
 3 SYSTEMPATH\View\View.php(227): CodeIgniter\View\View->CodeIgniter\View\{closure}()
 4 SYSTEMPATH\Common.php(1180): CodeIgniter\View\View->render('pages/UserProfile', [], true)
 5 APPPATH\Controllers\UserController.php(18): view('pages/UserProfile')
 6 SYSTEMPATH\CodeIgniter.php(932): App\Controllers\UserController->createUserAccount()
 7 SYSTEMPATH\CodeIgniter.php(497): CodeIgniter\CodeIgniter->runController(Object(App\Controllers\UserController))
 8 SYSTEMPATH\CodeIgniter.php(366): CodeIgniter\CodeIgniter->handleRequest(null, Object(Config\Cache), false)
 9 FCPATH\index.php(67): CodeIgniter\CodeIgniter->run()
10 SYSTEMPATH\Commands\Server\rewrite.php(47): require_once('C:\\Users\\user 1\\Desktop\\Starter\\public\\index.php')
CRITICAL - 2024-10-08 05:34:52 --> Undefined variable $firstname
in APPPATH\Views\pages\UserProfile.php on line 85.
 1 APPPATH\Views\pages\UserProfile.php(85): CodeIgniter\Debug\Exceptions->errorHandler(2, 'Undefined variable $firstname', 'C:\\Users\\user 1\\Desktop\\Starter\\app\\Views\\pages\\UserProfile.php', 85)
 2 SYSTEMPATH\View\View.php(224): include('C:\\Users\\user 1\\Desktop\\Starter\\app\\Views\\pages\\UserProfile.php')
 3 SYSTEMPATH\View\View.php(227): CodeIgniter\View\View->CodeIgniter\View\{closure}()
 4 SYSTEMPATH\Common.php(1180): CodeIgniter\View\View->render('pages/UserProfile', [], true)
 5 APPPATH\Controllers\UserController.php(18): view('pages/UserProfile')
 6 SYSTEMPATH\CodeIgniter.php(932): App\Controllers\UserController->createUserAccount()
 7 SYSTEMPATH\CodeIgniter.php(497): CodeIgniter\CodeIgniter->runController(Object(App\Controllers\UserController))
 8 SYSTEMPATH\CodeIgniter.php(366): CodeIgniter\CodeIgniter->handleRequest(null, Object(Config\Cache), false)
 9 FCPATH\index.php(67): CodeIgniter\CodeIgniter->run()
10 SYSTEMPATH\Commands\Server\rewrite.php(47): require_once('C:\\Users\\user 1\\Desktop\\Starter\\public\\index.php')
CRITICAL - 2024-10-08 05:34:54 --> Undefined variable $firstname
in APPPATH\Views\pages\UserProfile.php on line 85.
 1 APPPATH\Views\pages\UserProfile.php(85): CodeIgniter\Debug\Exceptions->errorHandler(2, 'Undefined variable $firstname', 'C:\\Users\\user 1\\Desktop\\Starter\\app\\Views\\pages\\UserProfile.php', 85)
 2 SYSTEMPATH\View\View.php(224): include('C:\\Users\\user 1\\Desktop\\Starter\\app\\Views\\pages\\UserProfile.php')
 3 SYSTEMPATH\View\View.php(227): CodeIgniter\View\View->CodeIgniter\View\{closure}()
 4 SYSTEMPATH\Common.php(1180): CodeIgniter\View\View->render('pages/UserProfile', [], true)
 5 APPPATH\Controllers\UserController.php(18): view('pages/UserProfile')
 6 SYSTEMPATH\CodeIgniter.php(932): App\Controllers\UserController->createUserAccount()
 7 SYSTEMPATH\CodeIgniter.php(497): CodeIgniter\CodeIgniter->runController(Object(App\Controllers\UserController))
 8 SYSTEMPATH\CodeIgniter.php(366): CodeIgniter\CodeIgniter->handleRequest(null, Object(Config\Cache), false)
 9 FCPATH\index.php(67): CodeIgniter\CodeIgniter->run()
10 SYSTEMPATH\Commands\Server\rewrite.php(47): require_once('C:\\Users\\user 1\\Desktop\\Starter\\public\\index.php')
CRITICAL - 2024-10-08 05:40:20 --> Undefined variable $firstname
in APPPATH\Views\pages\UserProfile.php on line 85.
 1 APPPATH\Views\pages\UserProfile.php(85): CodeIgniter\Debug\Exceptions->errorHandler(2, 'Undefined variable $firstname', 'C:\\Users\\user 1\\Desktop\\Starter\\app\\Views\\pages\\UserProfile.php', 85)
 2 SYSTEMPATH\View\View.php(224): include('C:\\Users\\user 1\\Desktop\\Starter\\app\\Views\\pages\\UserProfile.php')
 3 SYSTEMPATH\View\View.php(227): CodeIgniter\View\View->CodeIgniter\View\{closure}()
 4 SYSTEMPATH\Common.php(1180): CodeIgniter\View\View->render('pages/UserProfile', [], true)
 5 APPPATH\Controllers\UserController.php(18): view('pages/UserProfile')
 6 SYSTEMPATH\CodeIgniter.php(932): App\Controllers\UserController->createUserAccount()
 7 SYSTEMPATH\CodeIgniter.php(497): CodeIgniter\CodeIgniter->runController(Object(App\Controllers\UserController))
 8 SYSTEMPATH\CodeIgniter.php(366): CodeIgniter\CodeIgniter->handleRequest(null, Object(Config\Cache), false)
 9 FCPATH\index.php(67): CodeIgniter\CodeIgniter->run()
10 SYSTEMPATH\Commands\Server\rewrite.php(47): require_once('C:\\Users\\user 1\\Desktop\\Starter\\public\\index.php')
CRITICAL - 2024-10-08 05:40:45 --> Undefined variable $firstname
in APPPATH\Views\pages\UserProfile.php on line 85.
 1 APPPATH\Views\pages\UserProfile.php(85): CodeIgniter\Debug\Exceptions->errorHandler(2, 'Undefined variable $firstname', 'C:\\Users\\user 1\\Desktop\\Starter\\app\\Views\\pages\\UserProfile.php', 85)
 2 SYSTEMPATH\View\View.php(224): include('C:\\Users\\user 1\\Desktop\\Starter\\app\\Views\\pages\\UserProfile.php')
 3 SYSTEMPATH\View\View.php(227): CodeIgniter\View\View->CodeIgniter\View\{closure}()
 4 SYSTEMPATH\Common.php(1180): CodeIgniter\View\View->render('pages/UserProfile', [], true)
 5 APPPATH\Controllers\UserController.php(18): view('pages/UserProfile')
 6 SYSTEMPATH\CodeIgniter.php(932): App\Controllers\UserController->createUserAccount()
 7 SYSTEMPATH\CodeIgniter.php(497): CodeIgniter\CodeIgniter->runController(Object(App\Controllers\UserController))
 8 SYSTEMPATH\CodeIgniter.php(366): CodeIgniter\CodeIgniter->handleRequest(null, Object(Config\Cache), false)
 9 FCPATH\index.php(67): CodeIgniter\CodeIgniter->run()
10 SYSTEMPATH\Commands\Server\rewrite.php(47): require_once('C:\\Users\\user 1\\Desktop\\Starter\\public\\index.php')
CRITICAL - 2024-10-08 05:44:45 --> Undefined variable $firstname
in APPPATH\Views\pages\UserProfile.php on line 85.
 1 APPPATH\Views\pages\UserProfile.php(85): CodeIgniter\Debug\Exceptions->errorHandler(2, 'Undefined variable $firstname', 'C:\\Users\\user 1\\Desktop\\Starter\\app\\Views\\pages\\UserProfile.php', 85)
 2 SYSTEMPATH\View\View.php(224): include('C:\\Users\\user 1\\Desktop\\Starter\\app\\Views\\pages\\UserProfile.php')
 3 SYSTEMPATH\View\View.php(227): CodeIgniter\View\View->CodeIgniter\View\{closure}()
 4 SYSTEMPATH\Common.php(1180): CodeIgniter\View\View->render('pages/UserProfile', [], true)
 5 APPPATH\Controllers\UserController.php(18): view('pages/UserProfile')
 6 SYSTEMPATH\CodeIgniter.php(932): App\Controllers\UserController->createUserAccount()
 7 SYSTEMPATH\CodeIgniter.php(497): CodeIgniter\CodeIgniter->runController(Object(App\Controllers\UserController))
 8 SYSTEMPATH\CodeIgniter.php(366): CodeIgniter\CodeIgniter->handleRequest(null, Object(Config\Cache), false)
 9 FCPATH\index.php(67): CodeIgniter\CodeIgniter->run()
10 SYSTEMPATH\Commands\Server\rewrite.php(47): require_once('C:\\Users\\user 1\\Desktop\\Starter\\public\\index.php')
CRITICAL - 2024-10-08 05:44:47 --> Undefined variable $firstname
in APPPATH\Views\pages\UserProfile.php on line 85.
 1 APPPATH\Views\pages\UserProfile.php(85): CodeIgniter\Debug\Exceptions->errorHandler(2, 'Undefined variable $firstname', 'C:\\Users\\user 1\\Desktop\\Starter\\app\\Views\\pages\\UserProfile.php', 85)
 2 SYSTEMPATH\View\View.php(224): include('C:\\Users\\user 1\\Desktop\\Starter\\app\\Views\\pages\\UserProfile.php')
 3 SYSTEMPATH\View\View.php(227): CodeIgniter\View\View->CodeIgniter\View\{closure}()
 4 SYSTEMPATH\Common.php(1180): CodeIgniter\View\View->render('pages/UserProfile', [], true)
 5 APPPATH\Controllers\UserController.php(18): view('pages/UserProfile')
 6 SYSTEMPATH\CodeIgniter.php(932): App\Controllers\UserController->createUserAccount()
 7 SYSTEMPATH\CodeIgniter.php(497): CodeIgniter\CodeIgniter->runController(Object(App\Controllers\UserController))
 8 SYSTEMPATH\CodeIgniter.php(366): CodeIgniter\CodeIgniter->handleRequest(null, Object(Config\Cache), false)
 9 FCPATH\index.php(67): CodeIgniter\CodeIgniter->run()
10 SYSTEMPATH\Commands\Server\rewrite.php(47): require_once('C:\\Users\\user 1\\Desktop\\Starter\\public\\index.php')
CRITICAL - 2024-10-08 05:44:53 --> Undefined variable $firstname
in APPPATH\Views\pages\UserProfile.php on line 85.
 1 APPPATH\Views\pages\UserProfile.php(85): CodeIgniter\Debug\Exceptions->errorHandler(2, 'Undefined variable $firstname', 'C:\\Users\\user 1\\Desktop\\Starter\\app\\Views\\pages\\UserProfile.php', 85)
 2 SYSTEMPATH\View\View.php(224): include('C:\\Users\\user 1\\Desktop\\Starter\\app\\Views\\pages\\UserProfile.php')
 3 SYSTEMPATH\View\View.php(227): CodeIgniter\View\View->CodeIgniter\View\{closure}()
 4 SYSTEMPATH\Common.php(1180): CodeIgniter\View\View->render('pages/UserProfile', [], true)
 5 APPPATH\Controllers\UserController.php(18): view('pages/UserProfile')
 6 SYSTEMPATH\CodeIgniter.php(932): App\Controllers\UserController->createUserAccount()
 7 SYSTEMPATH\CodeIgniter.php(497): CodeIgniter\CodeIgniter->runController(Object(App\Controllers\UserController))
 8 SYSTEMPATH\CodeIgniter.php(366): CodeIgniter\CodeIgniter->handleRequest(null, Object(Config\Cache), false)
 9 FCPATH\index.php(67): CodeIgniter\CodeIgniter->run()
10 SYSTEMPATH\Commands\Server\rewrite.php(47): require_once('C:\\Users\\user 1\\Desktop\\Starter\\public\\index.php')
CRITICAL - 2024-10-08 05:45:07 --> Undefined variable $firstname
in APPPATH\Views\pages\UserProfile.php on line 85.
 1 APPPATH\Views\pages\UserProfile.php(85): CodeIgniter\Debug\Exceptions->errorHandler(2, 'Undefined variable $firstname', 'C:\\Users\\user 1\\Desktop\\Starter\\app\\Views\\pages\\UserProfile.php', 85)
 2 SYSTEMPATH\View\View.php(224): include('C:\\Users\\user 1\\Desktop\\Starter\\app\\Views\\pages\\UserProfile.php')
 3 SYSTEMPATH\View\View.php(227): CodeIgniter\View\View->CodeIgniter\View\{closure}()
 4 SYSTEMPATH\Common.php(1180): CodeIgniter\View\View->render('pages/UserProfile', [], true)
 5 APPPATH\Controllers\UserController.php(18): view('pages/UserProfile')
 6 SYSTEMPATH\CodeIgniter.php(932): App\Controllers\UserController->createUserAccount()
 7 SYSTEMPATH\CodeIgniter.php(497): CodeIgniter\CodeIgniter->runController(Object(App\Controllers\UserController))
 8 SYSTEMPATH\CodeIgniter.php(366): CodeIgniter\CodeIgniter->handleRequest(null, Object(Config\Cache), false)
 9 FCPATH\index.php(67): CodeIgniter\CodeIgniter->run()
10 SYSTEMPATH\Commands\Server\rewrite.php(47): require_once('C:\\Users\\user 1\\Desktop\\Starter\\public\\index.php')
CRITICAL - 2024-10-08 05:53:27 --> Undefined variable $firstname
in APPPATH\Views\pages\UserProfile.php on line 86.
 1 APPPATH\Views\pages\UserProfile.php(86): CodeIgniter\Debug\Exceptions->errorHandler(2, 'Undefined variable $firstname', 'C:\\Users\\user 1\\Desktop\\Starter\\app\\Views\\pages\\UserProfile.php', 86)
 2 SYSTEMPATH\View\View.php(224): include('C:\\Users\\user 1\\Desktop\\Starter\\app\\Views\\pages\\UserProfile.php')
 3 SYSTEMPATH\View\View.php(227): CodeIgniter\View\View->CodeIgniter\View\{closure}()
 4 SYSTEMPATH\Common.php(1180): CodeIgniter\View\View->render('pages/UserProfile', [], true)
 5 APPPATH\Controllers\UserController.php(18): view('pages/UserProfile')
 6 SYSTEMPATH\CodeIgniter.php(932): App\Controllers\UserController->createUserAccount()
 7 SYSTEMPATH\CodeIgniter.php(497): CodeIgniter\CodeIgniter->runController(Object(App\Controllers\UserController))
 8 SYSTEMPATH\CodeIgniter.php(366): CodeIgniter\CodeIgniter->handleRequest(null, Object(Config\Cache), false)
 9 FCPATH\index.php(67): CodeIgniter\CodeIgniter->run()
10 SYSTEMPATH\Commands\Server\rewrite.php(47): require_once('C:\\Users\\user 1\\Desktop\\Starter\\public\\index.php')
CRITICAL - 2024-10-08 05:53:49 --> Undefined variable $firstname
in APPPATH\Views\pages\UserProfile.php on line 86.
 1 APPPATH\Views\pages\UserProfile.php(86): CodeIgniter\Debug\Exceptions->errorHandler(2, 'Undefined variable $firstname', 'C:\\Users\\user 1\\Desktop\\Starter\\app\\Views\\pages\\UserProfile.php', 86)
 2 SYSTEMPATH\View\View.php(224): include('C:\\Users\\user 1\\Desktop\\Starter\\app\\Views\\pages\\UserProfile.php')
 3 SYSTEMPATH\View\View.php(227): CodeIgniter\View\View->CodeIgniter\View\{closure}()
 4 SYSTEMPATH\Common.php(1180): CodeIgniter\View\View->render('pages/UserProfile', [], true)
 5 APPPATH\Controllers\UserController.php(18): view('pages/UserProfile')
 6 SYSTEMPATH\CodeIgniter.php(932): App\Controllers\UserController->createUserAccount()
 7 SYSTEMPATH\CodeIgniter.php(497): CodeIgniter\CodeIgniter->runController(Object(App\Controllers\UserController))
 8 SYSTEMPATH\CodeIgniter.php(366): CodeIgniter\CodeIgniter->handleRequest(null, Object(Config\Cache), false)
 9 FCPATH\index.php(67): CodeIgniter\CodeIgniter->run()
10 SYSTEMPATH\Commands\Server\rewrite.php(47): require_once('C:\\Users\\user 1\\Desktop\\Starter\\public\\index.php')
CRITICAL - 2024-10-08 05:53:51 --> Undefined variable $firstname
in APPPATH\Views\pages\UserProfile.php on line 86.
 1 APPPATH\Views\pages\UserProfile.php(86): CodeIgniter\Debug\Exceptions->errorHandler(2, 'Undefined variable $firstname', 'C:\\Users\\user 1\\Desktop\\Starter\\app\\Views\\pages\\UserProfile.php', 86)
 2 SYSTEMPATH\View\View.php(224): include('C:\\Users\\user 1\\Desktop\\Starter\\app\\Views\\pages\\UserProfile.php')
 3 SYSTEMPATH\View\View.php(227): CodeIgniter\View\View->CodeIgniter\View\{closure}()
 4 SYSTEMPATH\Common.php(1180): CodeIgniter\View\View->render('pages/UserProfile', [], true)
 5 APPPATH\Controllers\UserController.php(18): view('pages/UserProfile')
 6 SYSTEMPATH\CodeIgniter.php(932): App\Controllers\UserController->createUserAccount()
 7 SYSTEMPATH\CodeIgniter.php(497): CodeIgniter\CodeIgniter->runController(Object(App\Controllers\UserController))
 8 SYSTEMPATH\CodeIgniter.php(366): CodeIgniter\CodeIgniter->handleRequest(null, Object(Config\Cache), false)
 9 FCPATH\index.php(67): CodeIgniter\CodeIgniter->run()
10 SYSTEMPATH\Commands\Server\rewrite.php(47): require_once('C:\\Users\\user 1\\Desktop\\Starter\\public\\index.php')
CRITICAL - 2024-10-08 05:56:55 --> Undefined variable $firstname
in APPPATH\Views\pages\UserProfile.php on line 86.
 1 APPPATH\Views\pages\UserProfile.php(86): CodeIgniter\Debug\Exceptions->errorHandler(2, 'Undefined variable $firstname', 'C:\\Users\\user 1\\Desktop\\Starter\\app\\Views\\pages\\UserProfile.php', 86)
 2 SYSTEMPATH\View\View.php(224): include('C:\\Users\\user 1\\Desktop\\Starter\\app\\Views\\pages\\UserProfile.php')
 3 SYSTEMPATH\View\View.php(227): CodeIgniter\View\View->CodeIgniter\View\{closure}()
 4 SYSTEMPATH\Common.php(1180): CodeIgniter\View\View->render('pages/UserProfile', [], true)
 5 APPPATH\Controllers\UserController.php(18): view('pages/UserProfile')
 6 SYSTEMPATH\CodeIgniter.php(932): App\Controllers\UserController->createUserAccount()
 7 SYSTEMPATH\CodeIgniter.php(497): CodeIgniter\CodeIgniter->runController(Object(App\Controllers\UserController))
 8 SYSTEMPATH\CodeIgniter.php(366): CodeIgniter\CodeIgniter->handleRequest(null, Object(Config\Cache), false)
 9 FCPATH\index.php(67): CodeIgniter\CodeIgniter->run()
10 SYSTEMPATH\Commands\Server\rewrite.php(47): require_once('C:\\Users\\user 1\\Desktop\\Starter\\public\\index.php')
CRITICAL - 2024-10-08 05:57:09 --> Undefined variable $firstname
in APPPATH\Views\pages\UserProfile.php on line 86.
 1 APPPATH\Views\pages\UserProfile.php(86): CodeIgniter\Debug\Exceptions->errorHandler(2, 'Undefined variable $firstname', 'C:\\Users\\user 1\\Desktop\\Starter\\app\\Views\\pages\\UserProfile.php', 86)
 2 SYSTEMPATH\View\View.php(224): include('C:\\Users\\user 1\\Desktop\\Starter\\app\\Views\\pages\\UserProfile.php')
 3 SYSTEMPATH\View\View.php(227): CodeIgniter\View\View->CodeIgniter\View\{closure}()
 4 SYSTEMPATH\Common.php(1180): CodeIgniter\View\View->render('pages/UserProfile', [], true)
 5 APPPATH\Controllers\UserController.php(18): view('pages/UserProfile')
 6 SYSTEMPATH\CodeIgniter.php(932): App\Controllers\UserController->createUserAccount()
 7 SYSTEMPATH\CodeIgniter.php(497): CodeIgniter\CodeIgniter->runController(Object(App\Controllers\UserController))
 8 SYSTEMPATH\CodeIgniter.php(366): CodeIgniter\CodeIgniter->handleRequest(null, Object(Config\Cache), false)
 9 FCPATH\index.php(67): CodeIgniter\CodeIgniter->run()
10 SYSTEMPATH\Commands\Server\rewrite.php(47): require_once('C:\\Users\\user 1\\Desktop\\Starter\\public\\index.php')
CRITICAL - 2024-10-08 05:57:15 --> Undefined variable $firstname
in APPPATH\Views\pages\UserProfile.php on line 86.
 1 APPPATH\Views\pages\UserProfile.php(86): CodeIgniter\Debug\Exceptions->errorHandler(2, 'Undefined variable $firstname', 'C:\\Users\\user 1\\Desktop\\Starter\\app\\Views\\pages\\UserProfile.php', 86)
 2 SYSTEMPATH\View\View.php(224): include('C:\\Users\\user 1\\Desktop\\Starter\\app\\Views\\pages\\UserProfile.php')
 3 SYSTEMPATH\View\View.php(227): CodeIgniter\View\View->CodeIgniter\View\{closure}()
 4 SYSTEMPATH\Common.php(1180): CodeIgniter\View\View->render('pages/UserProfile', [], true)
 5 APPPATH\Controllers\UserController.php(18): view('pages/UserProfile')
 6 SYSTEMPATH\CodeIgniter.php(932): App\Controllers\UserController->createUserAccount()
 7 SYSTEMPATH\CodeIgniter.php(497): CodeIgniter\CodeIgniter->runController(Object(App\Controllers\UserController))
 8 SYSTEMPATH\CodeIgniter.php(366): CodeIgniter\CodeIgniter->handleRequest(null, Object(Config\Cache), false)
 9 FCPATH\index.php(67): CodeIgniter\CodeIgniter->run()
10 SYSTEMPATH\Commands\Server\rewrite.php(47): require_once('C:\\Users\\user 1\\Desktop\\Starter\\public\\index.php')
CRITICAL - 2024-10-08 05:57:52 --> Undefined variable $firstname
in APPPATH\Views\pages\UserProfile.php on line 86.
 1 APPPATH\Views\pages\UserProfile.php(86): CodeIgniter\Debug\Exceptions->errorHandler(2, 'Undefined variable $firstname', 'C:\\Users\\user 1\\Desktop\\Starter\\app\\Views\\pages\\UserProfile.php', 86)
 2 SYSTEMPATH\View\View.php(224): include('C:\\Users\\user 1\\Desktop\\Starter\\app\\Views\\pages\\UserProfile.php')
 3 SYSTEMPATH\View\View.php(227): CodeIgniter\View\View->CodeIgniter\View\{closure}()
 4 SYSTEMPATH\Common.php(1180): CodeIgniter\View\View->render('pages/UserProfile', [], true)
 5 APPPATH\Controllers\UserController.php(18): view('pages/UserProfile')
 6 SYSTEMPATH\CodeIgniter.php(932): App\Controllers\UserController->createUserAccount()
 7 SYSTEMPATH\CodeIgniter.php(497): CodeIgniter\CodeIgniter->runController(Object(App\Controllers\UserController))
 8 SYSTEMPATH\CodeIgniter.php(366): CodeIgniter\CodeIgniter->handleRequest(null, Object(Config\Cache), false)
 9 FCPATH\index.php(67): CodeIgniter\CodeIgniter->run()
10 SYSTEMPATH\Commands\Server\rewrite.php(47): require_once('C:\\Users\\user 1\\Desktop\\Starter\\public\\index.php')
CRITICAL - 2024-10-08 05:58:02 --> Undefined variable $firstname
in APPPATH\Views\pages\UserProfile.php on line 85.
 1 APPPATH\Views\pages\UserProfile.php(85): CodeIgniter\Debug\Exceptions->errorHandler(2, 'Undefined variable $firstname', 'C:\\Users\\user 1\\Desktop\\Starter\\app\\Views\\pages\\UserProfile.php', 85)
 2 SYSTEMPATH\View\View.php(224): include('C:\\Users\\user 1\\Desktop\\Starter\\app\\Views\\pages\\UserProfile.php')
 3 SYSTEMPATH\View\View.php(227): CodeIgniter\View\View->CodeIgniter\View\{closure}()
 4 SYSTEMPATH\Common.php(1180): CodeIgniter\View\View->render('pages/UserProfile', [], true)
 5 APPPATH\Controllers\UserController.php(18): view('pages/UserProfile')
 6 SYSTEMPATH\CodeIgniter.php(932): App\Controllers\UserController->createUserAccount()
 7 SYSTEMPATH\CodeIgniter.php(497): CodeIgniter\CodeIgniter->runController(Object(App\Controllers\UserController))
 8 SYSTEMPATH\CodeIgniter.php(366): CodeIgniter\CodeIgniter->handleRequest(null, Object(Config\Cache), false)
 9 FCPATH\index.php(67): CodeIgniter\CodeIgniter->run()
10 SYSTEMPATH\Commands\Server\rewrite.php(47): require_once('C:\\Users\\user 1\\Desktop\\Starter\\public\\index.php')
CRITICAL - 2024-10-08 05:58:12 --> Undefined variable $firstname
in APPPATH\Views\pages\UserProfile.php on line 86.
 1 APPPATH\Views\pages\UserProfile.php(86): CodeIgniter\Debug\Exceptions->errorHandler(2, 'Undefined variable $firstname', 'C:\\Users\\user 1\\Desktop\\Starter\\app\\Views\\pages\\UserProfile.php', 86)
 2 SYSTEMPATH\View\View.php(224): include('C:\\Users\\user 1\\Desktop\\Starter\\app\\Views\\pages\\UserProfile.php')
 3 SYSTEMPATH\View\View.php(227): CodeIgniter\View\View->CodeIgniter\View\{closure}()
 4 SYSTEMPATH\Common.php(1180): CodeIgniter\View\View->render('pages/UserProfile', [], true)
 5 APPPATH\Controllers\UserController.php(18): view('pages/UserProfile')
 6 SYSTEMPATH\CodeIgniter.php(932): App\Controllers\UserController->createUserAccount()
 7 SYSTEMPATH\CodeIgniter.php(497): CodeIgniter\CodeIgniter->runController(Object(App\Controllers\UserController))
 8 SYSTEMPATH\CodeIgniter.php(366): CodeIgniter\CodeIgniter->handleRequest(null, Object(Config\Cache), false)
 9 FCPATH\index.php(67): CodeIgniter\CodeIgniter->run()
10 SYSTEMPATH\Commands\Server\rewrite.php(47): require_once('C:\\Users\\user 1\\Desktop\\Starter\\public\\index.php')
CRITICAL - 2024-10-08 05:58:32 --> Undefined variable $firstname
in APPPATH\Views\pages\UserProfile.php on line 85.
 1 APPPATH\Views\pages\UserProfile.php(85): CodeIgniter\Debug\Exceptions->errorHandler(2, 'Undefined variable $firstname', 'C:\\Users\\user 1\\Desktop\\Starter\\app\\Views\\pages\\UserProfile.php', 85)
 2 SYSTEMPATH\View\View.php(224): include('C:\\Users\\user 1\\Desktop\\Starter\\app\\Views\\pages\\UserProfile.php')
 3 SYSTEMPATH\View\View.php(227): CodeIgniter\View\View->CodeIgniter\View\{closure}()
 4 SYSTEMPATH\Common.php(1180): CodeIgniter\View\View->render('pages/UserProfile', [], true)
 5 APPPATH\Controllers\UserController.php(18): view('pages/UserProfile')
 6 SYSTEMPATH\CodeIgniter.php(932): App\Controllers\UserController->createUserAccount()
 7 SYSTEMPATH\CodeIgniter.php(497): CodeIgniter\CodeIgniter->runController(Object(App\Controllers\UserController))
 8 SYSTEMPATH\CodeIgniter.php(366): CodeIgniter\CodeIgniter->handleRequest(null, Object(Config\Cache), false)
 9 FCPATH\index.php(67): CodeIgniter\CodeIgniter->run()
10 SYSTEMPATH\Commands\Server\rewrite.php(47): require_once('C:\\Users\\user 1\\Desktop\\Starter\\public\\index.php')
CRITICAL - 2024-10-08 05:58:42 --> Undefined variable $firstname
in APPPATH\Views\pages\UserProfile.php on line 86.
 1 APPPATH\Views\pages\UserProfile.php(86): CodeIgniter\Debug\Exceptions->errorHandler(2, 'Undefined variable $firstname', 'C:\\Users\\user 1\\Desktop\\Starter\\app\\Views\\pages\\UserProfile.php', 86)
 2 SYSTEMPATH\View\View.php(224): include('C:\\Users\\user 1\\Desktop\\Starter\\app\\Views\\pages\\UserProfile.php')
 3 SYSTEMPATH\View\View.php(227): CodeIgniter\View\View->CodeIgniter\View\{closure}()
 4 SYSTEMPATH\Common.php(1180): CodeIgniter\View\View->render('pages/UserProfile', [], true)
 5 APPPATH\Controllers\UserController.php(18): view('pages/UserProfile')
 6 SYSTEMPATH\CodeIgniter.php(932): App\Controllers\UserController->createUserAccount()
 7 SYSTEMPATH\CodeIgniter.php(497): CodeIgniter\CodeIgniter->runController(Object(App\Controllers\UserController))
 8 SYSTEMPATH\CodeIgniter.php(366): CodeIgniter\CodeIgniter->handleRequest(null, Object(Config\Cache), false)
 9 FCPATH\index.php(67): CodeIgniter\CodeIgniter->run()
10 SYSTEMPATH\Commands\Server\rewrite.php(47): require_once('C:\\Users\\user 1\\Desktop\\Starter\\public\\index.php')
CRITICAL - 2024-10-08 05:58:48 --> Undefined variable $firstname
in APPPATH\Views\pages\UserProfile.php on line 86.
 1 APPPATH\Views\pages\UserProfile.php(86): CodeIgniter\Debug\Exceptions->errorHandler(2, 'Undefined variable $firstname', 'C:\\Users\\user 1\\Desktop\\Starter\\app\\Views\\pages\\UserProfile.php', 86)
 2 SYSTEMPATH\View\View.php(224): include('C:\\Users\\user 1\\Desktop\\Starter\\app\\Views\\pages\\UserProfile.php')
 3 SYSTEMPATH\View\View.php(227): CodeIgniter\View\View->CodeIgniter\View\{closure}()
 4 SYSTEMPATH\Common.php(1180): CodeIgniter\View\View->render('pages/UserProfile', [], true)
 5 APPPATH\Controllers\UserController.php(18): view('pages/UserProfile')
 6 SYSTEMPATH\CodeIgniter.php(932): App\Controllers\UserController->createUserAccount()
 7 SYSTEMPATH\CodeIgniter.php(497): CodeIgniter\CodeIgniter->runController(Object(App\Controllers\UserController))
 8 SYSTEMPATH\CodeIgniter.php(366): CodeIgniter\CodeIgniter->handleRequest(null, Object(Config\Cache), false)
 9 FCPATH\index.php(67): CodeIgniter\CodeIgniter->run()
10 SYSTEMPATH\Commands\Server\rewrite.php(47): require_once('C:\\Users\\user 1\\Desktop\\Starter\\public\\index.php')
CRITICAL - 2024-10-08 05:58:53 --> Undefined variable $firstname
in APPPATH\Views\pages\UserProfile.php on line 86.
 1 APPPATH\Views\pages\UserProfile.php(86): CodeIgniter\Debug\Exceptions->errorHandler(2, 'Undefined variable $firstname', 'C:\\Users\\user 1\\Desktop\\Starter\\app\\Views\\pages\\UserProfile.php', 86)
 2 SYSTEMPATH\View\View.php(224): include('C:\\Users\\user 1\\Desktop\\Starter\\app\\Views\\pages\\UserProfile.php')
 3 SYSTEMPATH\View\View.php(227): CodeIgniter\View\View->CodeIgniter\View\{closure}()
 4 SYSTEMPATH\Common.php(1180): CodeIgniter\View\View->render('pages/UserProfile', [], true)
 5 APPPATH\Controllers\UserController.php(18): view('pages/UserProfile')
 6 SYSTEMPATH\CodeIgniter.php(932): App\Controllers\UserController->createUserAccount()
 7 SYSTEMPATH\CodeIgniter.php(497): CodeIgniter\CodeIgniter->runController(Object(App\Controllers\UserController))
 8 SYSTEMPATH\CodeIgniter.php(366): CodeIgniter\CodeIgniter->handleRequest(null, Object(Config\Cache), false)
 9 FCPATH\index.php(67): CodeIgniter\CodeIgniter->run()
10 SYSTEMPATH\Commands\Server\rewrite.php(47): require_once('C:\\Users\\user 1\\Desktop\\Starter\\public\\index.php')
CRITICAL - 2024-10-08 06:08:30 --> Undefined variable $firstname
in APPPATH\Views\pages\UserProfile.php on line 85.
 1 APPPATH\Views\pages\UserProfile.php(85): CodeIgniter\Debug\Exceptions->errorHandler(2, 'Undefined variable $firstname', 'C:\\Users\\user 1\\Desktop\\Starter\\app\\Views\\pages\\UserProfile.php', 85)
 2 SYSTEMPATH\View\View.php(224): include('C:\\Users\\user 1\\Desktop\\Starter\\app\\Views\\pages\\UserProfile.php')
 3 SYSTEMPATH\View\View.php(227): CodeIgniter\View\View->CodeIgniter\View\{closure}()
 4 SYSTEMPATH\Common.php(1180): CodeIgniter\View\View->render('pages/UserProfile', [], true)
 5 APPPATH\Controllers\UserController.php(12): view('pages/UserProfile')
 6 SYSTEMPATH\CodeIgniter.php(932): App\Controllers\UserController->index()
 7 SYSTEMPATH\CodeIgniter.php(497): CodeIgniter\CodeIgniter->runController(Object(App\Controllers\UserController))
 8 SYSTEMPATH\CodeIgniter.php(366): CodeIgniter\CodeIgniter->handleRequest(null, Object(Config\Cache), false)
 9 FCPATH\index.php(67): CodeIgniter\CodeIgniter->run()
10 SYSTEMPATH\Commands\Server\rewrite.php(47): require_once('C:\\Users\\user 1\\Desktop\\Starter\\public\\index.php')
CRITICAL - 2024-10-08 06:08:35 --> Undefined variable $firstname
in APPPATH\Views\pages\UserProfile.php on line 85.
 1 APPPATH\Views\pages\UserProfile.php(85): CodeIgniter\Debug\Exceptions->errorHandler(2, 'Undefined variable $firstname', 'C:\\Users\\user 1\\Desktop\\Starter\\app\\Views\\pages\\UserProfile.php', 85)
 2 SYSTEMPATH\View\View.php(224): include('C:\\Users\\user 1\\Desktop\\Starter\\app\\Views\\pages\\UserProfile.php')
 3 SYSTEMPATH\View\View.php(227): CodeIgniter\View\View->CodeIgniter\View\{closure}()
 4 SYSTEMPATH\Common.php(1180): CodeIgniter\View\View->render('pages/UserProfile', [], true)
 5 APPPATH\Controllers\UserController.php(18): view('pages/UserProfile')
 6 SYSTEMPATH\CodeIgniter.php(932): App\Controllers\UserController->createUserAccount()
 7 SYSTEMPATH\CodeIgniter.php(497): CodeIgniter\CodeIgniter->runController(Object(App\Controllers\UserController))
 8 SYSTEMPATH\CodeIgniter.php(366): CodeIgniter\CodeIgniter->handleRequest(null, Object(Config\Cache), false)
 9 FCPATH\index.php(67): CodeIgniter\CodeIgniter->run()
10 SYSTEMPATH\Commands\Server\rewrite.php(47): require_once('C:\\Users\\user 1\\Desktop\\Starter\\public\\index.php')
ERROR - 2024-10-08 07:51:46 --> mysqli_sql_exception: Column 'first_name' cannot be null in C:\Users\user 1\Desktop\Starter\system\Database\MySQLi\Connection.php:295
Stack trace:
#0 C:\Users\user 1\Desktop\Starter\system\Database\MySQLi\Connection.php(295): mysqli->query('INSERT INTO `tb...', 0)
#1 C:\Users\user 1\Desktop\Starter\system\Database\BaseConnection.php(692): CodeIgniter\Database\MySQLi\Connection->execute('INSERT INTO `tb...')
#2 C:\Users\user 1\Desktop\Starter\system\Database\BaseConnection.php(606): CodeIgniter\Database\BaseConnection->simpleQuery('INSERT INTO `tb...')
#3 C:\Users\user 1\Desktop\Starter\system\Database\BaseBuilder.php(2309): CodeIgniter\Database\BaseConnection->query('INSERT INTO `tb...', Array, false)
#4 C:\Users\user 1\Desktop\Starter\system\Model.php(330): CodeIgniter\Database\BaseBuilder->insert()
#5 C:\Users\user 1\Desktop\Starter\system\BaseModel.php(782): CodeIgniter\Model->doInsert(Array)
#6 C:\Users\user 1\Desktop\Starter\system\Model.php(730): CodeIgniter\BaseModel->insert(Array, true)
#7 C:\Users\user 1\Desktop\Starter\app\Controllers\UserController.php(47): CodeIgniter\Model->insert(Array)
#8 C:\Users\user 1\Desktop\Starter\system\CodeIgniter.php(932): App\Controllers\UserController->storeUser()
#9 C:\Users\user 1\Desktop\Starter\system\CodeIgniter.php(497): CodeIgniter\CodeIgniter->runController(Object(App\Controllers\UserController))
#10 C:\Users\user 1\Desktop\Starter\system\CodeIgniter.php(366): CodeIgniter\CodeIgniter->handleRequest(NULL, Object(Config\Cache), false)
#11 C:\Users\user 1\Desktop\Starter\public\index.php(67): CodeIgniter\CodeIgniter->run()
#12 C:\Users\user 1\Desktop\Starter\system\Commands\Server\rewrite.php(47): require_once('C:\\Users\\user 1...')
#13 {main}
CRITICAL - 2024-10-08 07:51:46 --> Column 'first_name' cannot be null
in SYSTEMPATH\Database\MySQLi\Connection.php on line 295.
 1 SYSTEMPATH\Database\MySQLi\Connection.php(295): mysqli->query('INSERT INTO `tbl_user` (`username`, `first_name`, `last_name`, `password`, `email`, `profession`, `location`, `website`, `phone`, `roletype`) VALUES (\'wer\', NULL, NULL, NULL, \'rwer@gmail.com\', \'dfs\', \'sdf\', \'sdf\', \'sdf\', NULL)', 0)
 2 SYSTEMPATH\Database\BaseConnection.php(692): CodeIgniter\Database\MySQLi\Connection->execute('INSERT INTO `tbl_user` (`username`, `first_name`, `last_name`, `password`, `email`, `profession`, `location`, `website`, `phone`, `roletype`) VALUES (\'wer\', NULL, NULL, NULL, \'rwer@gmail.com\', \'dfs\', \'sdf\', \'sdf\', \'sdf\', NULL)')
 3 SYSTEMPATH\Database\BaseConnection.php(606): CodeIgniter\Database\BaseConnection->simpleQuery('INSERT INTO `tbl_user` (`username`, `first_name`, `last_name`, `password`, `email`, `profession`, `location`, `website`, `phone`, `roletype`) VALUES (\'wer\', NULL, NULL, NULL, \'rwer@gmail.com\', \'dfs\', \'sdf\', \'sdf\', \'sdf\', NULL)')
 4 SYSTEMPATH\Database\BaseBuilder.php(2309): CodeIgniter\Database\BaseConnection->query('INSERT INTO `tbl_user` (`username`, `first_name`, `last_name`, `password`, `email`, `profession`, `location`, `website`, `phone`, `roletype`) VALUES (:username:, :first_name:, :last_name:, :password:, :email:, :profession:, :location:, :website:, :phone:, :roletype:)', [...], false)
 5 SYSTEMPATH\Model.php(330): CodeIgniter\Database\BaseBuilder->insert()
 6 SYSTEMPATH\BaseModel.php(782): CodeIgniter\Model->doInsert([...])
 7 SYSTEMPATH\Model.php(730): CodeIgniter\BaseModel->insert([...], true)
 8 APPPATH\Controllers\UserController.php(47): CodeIgniter\Model->insert([...])
 9 SYSTEMPATH\CodeIgniter.php(932): App\Controllers\UserController->storeUser()
10 SYSTEMPATH\CodeIgniter.php(497): CodeIgniter\CodeIgniter->runController(Object(App\Controllers\UserController))
11 SYSTEMPATH\CodeIgniter.php(366): CodeIgniter\CodeIgniter->handleRequest(null, Object(Config\Cache), false)
12 FCPATH\index.php(67): CodeIgniter\CodeIgniter->run()
13 SYSTEMPATH\Commands\Server\rewrite.php(47): require_once('C:\\Users\\user 1\\Desktop\\Starter\\public\\index.php')
ERROR - 2024-10-08 07:55:36 --> mysqli_sql_exception: Column 'first_name' cannot be null in C:\Users\user 1\Desktop\Starter\system\Database\MySQLi\Connection.php:295
Stack trace:
#0 C:\Users\user 1\Desktop\Starter\system\Database\MySQLi\Connection.php(295): mysqli->query('INSERT INTO `tb...', 0)
#1 C:\Users\user 1\Desktop\Starter\system\Database\BaseConnection.php(692): CodeIgniter\Database\MySQLi\Connection->execute('INSERT INTO `tb...')
#2 C:\Users\user 1\Desktop\Starter\system\Database\BaseConnection.php(606): CodeIgniter\Database\BaseConnection->simpleQuery('INSERT INTO `tb...')
#3 C:\Users\user 1\Desktop\Starter\system\Database\BaseBuilder.php(2309): CodeIgniter\Database\BaseConnection->query('INSERT INTO `tb...', Array, false)
#4 C:\Users\user 1\Desktop\Starter\system\Model.php(330): CodeIgniter\Database\BaseBuilder->insert()
#5 C:\Users\user 1\Desktop\Starter\system\BaseModel.php(782): CodeIgniter\Model->doInsert(Array)
#6 C:\Users\user 1\Desktop\Starter\system\Model.php(730): CodeIgniter\BaseModel->insert(Array, true)
#7 C:\Users\user 1\Desktop\Starter\app\Controllers\UserController.php(47): CodeIgniter\Model->insert(Array)
#8 C:\Users\user 1\Desktop\Starter\system\CodeIgniter.php(932): App\Controllers\UserController->storeUser()
#9 C:\Users\user 1\Desktop\Starter\system\CodeIgniter.php(497): CodeIgniter\CodeIgniter->runController(Object(App\Controllers\UserController))
#10 C:\Users\user 1\Desktop\Starter\system\CodeIgniter.php(366): CodeIgniter\CodeIgniter->handleRequest(NULL, Object(Config\Cache), false)
#11 C:\Users\user 1\Desktop\Starter\public\index.php(67): CodeIgniter\CodeIgniter->run()
#12 C:\Users\user 1\Desktop\Starter\system\Commands\Server\rewrite.php(47): require_once('C:\\Users\\user 1...')
#13 {main}
CRITICAL - 2024-10-08 07:55:36 --> Column 'first_name' cannot be null
in SYSTEMPATH\Database\MySQLi\Connection.php on line 295.
 1 SYSTEMPATH\Database\MySQLi\Connection.php(295): mysqli->query('INSERT INTO `tbl_user` (`username`, `first_name`, `last_name`, `password`, `email`, `profession`, `location`, `website`, `phone`, `roletype`) VALUES (\'sdf\', NULL, NULL, NULL, \'sdfsdf@gmail.com\', \'sdf\', \'sdf\', \'sdf\', \'sdf\', NULL)', 0)
 2 SYSTEMPATH\Database\BaseConnection.php(692): CodeIgniter\Database\MySQLi\Connection->execute('INSERT INTO `tbl_user` (`username`, `first_name`, `last_name`, `password`, `email`, `profession`, `location`, `website`, `phone`, `roletype`) VALUES (\'sdf\', NULL, NULL, NULL, \'sdfsdf@gmail.com\', \'sdf\', \'sdf\', \'sdf\', \'sdf\', NULL)')
 3 SYSTEMPATH\Database\BaseConnection.php(606): CodeIgniter\Database\BaseConnection->simpleQuery('INSERT INTO `tbl_user` (`username`, `first_name`, `last_name`, `password`, `email`, `profession`, `location`, `website`, `phone`, `roletype`) VALUES (\'sdf\', NULL, NULL, NULL, \'sdfsdf@gmail.com\', \'sdf\', \'sdf\', \'sdf\', \'sdf\', NULL)')
 4 SYSTEMPATH\Database\BaseBuilder.php(2309): CodeIgniter\Database\BaseConnection->query('INSERT INTO `tbl_user` (`username`, `first_name`, `last_name`, `password`, `email`, `profession`, `location`, `website`, `phone`, `roletype`) VALUES (:username:, :first_name:, :last_name:, :password:, :email:, :profession:, :location:, :website:, :phone:, :roletype:)', [...], false)
 5 SYSTEMPATH\Model.php(330): CodeIgniter\Database\BaseBuilder->insert()
 6 SYSTEMPATH\BaseModel.php(782): CodeIgniter\Model->doInsert([...])
 7 SYSTEMPATH\Model.php(730): CodeIgniter\BaseModel->insert([...], true)
 8 APPPATH\Controllers\UserController.php(47): CodeIgniter\Model->insert([...])
 9 SYSTEMPATH\CodeIgniter.php(932): App\Controllers\UserController->storeUser()
10 SYSTEMPATH\CodeIgniter.php(497): CodeIgniter\CodeIgniter->runController(Object(App\Controllers\UserController))
11 SYSTEMPATH\CodeIgniter.php(366): CodeIgniter\CodeIgniter->handleRequest(null, Object(Config\Cache), false)
12 FCPATH\index.php(67): CodeIgniter\CodeIgniter->run()
13 SYSTEMPATH\Commands\Server\rewrite.php(47): require_once('C:\\Users\\user 1\\Desktop\\Starter\\public\\index.php')
CRITICAL - 2024-10-08 07:57:49 --> Undefined variable $firstname
in APPPATH\Views\pages\usertable.php on line 34.
 1 APPPATH\Views\pages\usertable.php(34): CodeIgniter\Debug\Exceptions->errorHandler(2, 'Undefined variable $firstname', 'C:\\Users\\user 1\\Desktop\\Starter\\app\\Views\\pages\\usertable.php', 34)
 2 SYSTEMPATH\View\View.php(224): include('C:\\Users\\user 1\\Desktop\\Starter\\app\\Views\\pages\\usertable.php')
 3 SYSTEMPATH\View\View.php(227): CodeIgniter\View\View->CodeIgniter\View\{closure}()
 4 SYSTEMPATH\Common.php(1180): CodeIgniter\View\View->render('pages/usertable', [], true)
 5 APPPATH\Controllers\UserController.php(23): view('pages/usertable')
 6 SYSTEMPATH\CodeIgniter.php(932): App\Controllers\UserController->UserTable()
 7 SYSTEMPATH\CodeIgniter.php(497): CodeIgniter\CodeIgniter->runController(Object(App\Controllers\UserController))
 8 SYSTEMPATH\CodeIgniter.php(366): CodeIgniter\CodeIgniter->handleRequest(null, Object(Config\Cache), false)
 9 FCPATH\index.php(67): CodeIgniter\CodeIgniter->run()
10 SYSTEMPATH\Commands\Server\rewrite.php(47): require_once('C:\\Users\\user 1\\Desktop\\Starter\\public\\index.php')
CRITICAL - 2024-10-08 07:58:23 --> Undefined variable $firstname
in APPPATH\Views\pages\usertable.php on line 34.
 1 APPPATH\Views\pages\usertable.php(34): CodeIgniter\Debug\Exceptions->errorHandler(2, 'Undefined variable $firstname', 'C:\\Users\\user 1\\Desktop\\Starter\\app\\Views\\pages\\usertable.php', 34)
 2 SYSTEMPATH\View\View.php(224): include('C:\\Users\\user 1\\Desktop\\Starter\\app\\Views\\pages\\usertable.php')
 3 SYSTEMPATH\View\View.php(227): CodeIgniter\View\View->CodeIgniter\View\{closure}()
 4 SYSTEMPATH\Common.php(1180): CodeIgniter\View\View->render('pages/usertable', [], true)
 5 APPPATH\Controllers\UserController.php(23): view('pages/usertable')
 6 SYSTEMPATH\CodeIgniter.php(932): App\Controllers\UserController->UserTable()
 7 SYSTEMPATH\CodeIgniter.php(497): CodeIgniter\CodeIgniter->runController(Object(App\Controllers\UserController))
 8 SYSTEMPATH\CodeIgniter.php(366): CodeIgniter\CodeIgniter->handleRequest(null, Object(Config\Cache), false)
 9 FCPATH\index.php(67): CodeIgniter\CodeIgniter->run()
10 SYSTEMPATH\Commands\Server\rewrite.php(47): require_once('C:\\Users\\user 1\\Desktop\\Starter\\public\\index.php')
CRITICAL - 2024-10-08 07:58:25 --> Undefined variable $firstname
in APPPATH\Views\pages\usertable.php on line 34.
 1 APPPATH\Views\pages\usertable.php(34): CodeIgniter\Debug\Exceptions->errorHandler(2, 'Undefined variable $firstname', 'C:\\Users\\user 1\\Desktop\\Starter\\app\\Views\\pages\\usertable.php', 34)
 2 SYSTEMPATH\View\View.php(224): include('C:\\Users\\user 1\\Desktop\\Starter\\app\\Views\\pages\\usertable.php')
 3 SYSTEMPATH\View\View.php(227): CodeIgniter\View\View->CodeIgniter\View\{closure}()
 4 SYSTEMPATH\Common.php(1180): CodeIgniter\View\View->render('pages/usertable', [], true)
 5 APPPATH\Controllers\UserController.php(23): view('pages/usertable')
 6 SYSTEMPATH\CodeIgniter.php(932): App\Controllers\UserController->UserTable()
 7 SYSTEMPATH\CodeIgniter.php(497): CodeIgniter\CodeIgniter->runController(Object(App\Controllers\UserController))
 8 SYSTEMPATH\CodeIgniter.php(366): CodeIgniter\CodeIgniter->handleRequest(null, Object(Config\Cache), false)
 9 FCPATH\index.php(67): CodeIgniter\CodeIgniter->run()
10 SYSTEMPATH\Commands\Server\rewrite.php(47): require_once('C:\\Users\\user 1\\Desktop\\Starter\\public\\index.php')
ERROR - 2024-10-08 07:59:28 --> mysqli_sql_exception: Column 'first_name' cannot be null in C:\Users\user 1\Desktop\Starter\system\Database\MySQLi\Connection.php:295
Stack trace:
#0 C:\Users\user 1\Desktop\Starter\system\Database\MySQLi\Connection.php(295): mysqli->query('INSERT INTO `tb...', 0)
#1 C:\Users\user 1\Desktop\Starter\system\Database\BaseConnection.php(692): CodeIgniter\Database\MySQLi\Connection->execute('INSERT INTO `tb...')
#2 C:\Users\user 1\Desktop\Starter\system\Database\BaseConnection.php(606): CodeIgniter\Database\BaseConnection->simpleQuery('INSERT INTO `tb...')
#3 C:\Users\user 1\Desktop\Starter\system\Database\BaseBuilder.php(2309): CodeIgniter\Database\BaseConnection->query('INSERT INTO `tb...', Array, false)
#4 C:\Users\user 1\Desktop\Starter\system\Model.php(330): CodeIgniter\Database\BaseBuilder->insert()
#5 C:\Users\user 1\Desktop\Starter\system\BaseModel.php(782): CodeIgniter\Model->doInsert(Array)
#6 C:\Users\user 1\Desktop\Starter\system\Model.php(730): CodeIgniter\BaseModel->insert(Array, true)
#7 C:\Users\user 1\Desktop\Starter\app\Controllers\UserController.php(47): CodeIgniter\Model->insert(Array)
#8 C:\Users\user 1\Desktop\Starter\system\CodeIgniter.php(932): App\Controllers\UserController->storeUser()
#9 C:\Users\user 1\Desktop\Starter\system\CodeIgniter.php(497): CodeIgniter\CodeIgniter->runController(Object(App\Controllers\UserController))
#10 C:\Users\user 1\Desktop\Starter\system\CodeIgniter.php(366): CodeIgniter\CodeIgniter->handleRequest(NULL, Object(Config\Cache), false)
#11 C:\Users\user 1\Desktop\Starter\public\index.php(67): CodeIgniter\CodeIgniter->run()
#12 C:\Users\user 1\Desktop\Starter\system\Commands\Server\rewrite.php(47): require_once('C:\\Users\\user 1...')
#13 {main}
CRITICAL - 2024-10-08 07:59:28 --> Column 'first_name' cannot be null
in SYSTEMPATH\Database\MySQLi\Connection.php on line 295.
 1 SYSTEMPATH\Database\MySQLi\Connection.php(295): mysqli->query('INSERT INTO `tbl_user` (`username`, `first_name`, `last_name`, `password`, `email`, `profession`, `location`, `website`, `phone`, `roletype`) VALUES (\'qwe\', NULL, NULL, NULL, \'qwe@gmail.com\', \'123\', \'123\', \'123\', \'123\', NULL)', 0)
 2 SYSTEMPATH\Database\BaseConnection.php(692): CodeIgniter\Database\MySQLi\Connection->execute('INSERT INTO `tbl_user` (`username`, `first_name`, `last_name`, `password`, `email`, `profession`, `location`, `website`, `phone`, `roletype`) VALUES (\'qwe\', NULL, NULL, NULL, \'qwe@gmail.com\', \'123\', \'123\', \'123\', \'123\', NULL)')
 3 SYSTEMPATH\Database\BaseConnection.php(606): CodeIgniter\Database\BaseConnection->simpleQuery('INSERT INTO `tbl_user` (`username`, `first_name`, `last_name`, `password`, `email`, `profession`, `location`, `website`, `phone`, `roletype`) VALUES (\'qwe\', NULL, NULL, NULL, \'qwe@gmail.com\', \'123\', \'123\', \'123\', \'123\', NULL)')
 4 SYSTEMPATH\Database\BaseBuilder.php(2309): CodeIgniter\Database\BaseConnection->query('INSERT INTO `tbl_user` (`username`, `first_name`, `last_name`, `password`, `email`, `profession`, `location`, `website`, `phone`, `roletype`) VALUES (:username:, :first_name:, :last_name:, :password:, :email:, :profession:, :location:, :website:, :phone:, :roletype:)', [...], false)
 5 SYSTEMPATH\Model.php(330): CodeIgniter\Database\BaseBuilder->insert()
 6 SYSTEMPATH\BaseModel.php(782): CodeIgniter\Model->doInsert([...])
 7 SYSTEMPATH\Model.php(730): CodeIgniter\BaseModel->insert([...], true)
 8 APPPATH\Controllers\UserController.php(47): CodeIgniter\Model->insert([...])
 9 SYSTEMPATH\CodeIgniter.php(932): App\Controllers\UserController->storeUser()
10 SYSTEMPATH\CodeIgniter.php(497): CodeIgniter\CodeIgniter->runController(Object(App\Controllers\UserController))
11 SYSTEMPATH\CodeIgniter.php(366): CodeIgniter\CodeIgniter->handleRequest(null, Object(Config\Cache), false)
12 FCPATH\index.php(67): CodeIgniter\CodeIgniter->run()
13 SYSTEMPATH\Commands\Server\rewrite.php(47): require_once('C:\\Users\\user 1\\Desktop\\Starter\\public\\index.php')
ERROR - 2024-10-08 08:06:23 --> mysqli_sql_exception: Column 'first_name' cannot be null in C:\Users\user 1\Desktop\Starter\system\Database\MySQLi\Connection.php:295
Stack trace:
#0 C:\Users\user 1\Desktop\Starter\system\Database\MySQLi\Connection.php(295): mysqli->query('INSERT INTO `tb...', 0)
#1 C:\Users\user 1\Desktop\Starter\system\Database\BaseConnection.php(692): CodeIgniter\Database\MySQLi\Connection->execute('INSERT INTO `tb...')
#2 C:\Users\user 1\Desktop\Starter\system\Database\BaseConnection.php(606): CodeIgniter\Database\BaseConnection->simpleQuery('INSERT INTO `tb...')
#3 C:\Users\user 1\Desktop\Starter\system\Database\BaseBuilder.php(2309): CodeIgniter\Database\BaseConnection->query('INSERT INTO `tb...', Array, false)
#4 C:\Users\user 1\Desktop\Starter\system\Model.php(330): CodeIgniter\Database\BaseBuilder->insert()
#5 C:\Users\user 1\Desktop\Starter\system\BaseModel.php(782): CodeIgniter\Model->doInsert(Array)
#6 C:\Users\user 1\Desktop\Starter\system\Model.php(730): CodeIgniter\BaseModel->insert(Array, true)
#7 C:\Users\user 1\Desktop\Starter\app\Controllers\UserController.php(47): CodeIgniter\Model->insert(Array)
#8 C:\Users\user 1\Desktop\Starter\system\CodeIgniter.php(932): App\Controllers\UserController->storeUser()
#9 C:\Users\user 1\Desktop\Starter\system\CodeIgniter.php(497): CodeIgniter\CodeIgniter->runController(Object(App\Controllers\UserController))
#10 C:\Users\user 1\Desktop\Starter\system\CodeIgniter.php(366): CodeIgniter\CodeIgniter->handleRequest(NULL, Object(Config\Cache), false)
#11 C:\Users\user 1\Desktop\Starter\public\index.php(67): CodeIgniter\CodeIgniter->run()
#12 C:\Users\user 1\Desktop\Starter\system\Commands\Server\rewrite.php(47): require_once('C:\\Users\\user 1...')
#13 {main}
CRITICAL - 2024-10-08 08:06:23 --> Column 'first_name' cannot be null
in SYSTEMPATH\Database\MySQLi\Connection.php on line 295.
 1 SYSTEMPATH\Database\MySQLi\Connection.php(295): mysqli->query('INSERT INTO `tbl_user` (`username`, `first_name`, `last_name`, `password`, `email`, `profession`, `location`, `website`, `phone`, `roletype`) VALUES (\'qwe\', NULL, NULL, NULL, \'qwe@gmai.com\', \'qwe\', \'qwe\', \'qweqw\', \'qwe\', NULL)', 0)
 2 SYSTEMPATH\Database\BaseConnection.php(692): CodeIgniter\Database\MySQLi\Connection->execute('INSERT INTO `tbl_user` (`username`, `first_name`, `last_name`, `password`, `email`, `profession`, `location`, `website`, `phone`, `roletype`) VALUES (\'qwe\', NULL, NULL, NULL, \'qwe@gmai.com\', \'qwe\', \'qwe\', \'qweqw\', \'qwe\', NULL)')
 3 SYSTEMPATH\Database\BaseConnection.php(606): CodeIgniter\Database\BaseConnection->simpleQuery('INSERT INTO `tbl_user` (`username`, `first_name`, `last_name`, `password`, `email`, `profession`, `location`, `website`, `phone`, `roletype`) VALUES (\'qwe\', NULL, NULL, NULL, \'qwe@gmai.com\', \'qwe\', \'qwe\', \'qweqw\', \'qwe\', NULL)')
 4 SYSTEMPATH\Database\BaseBuilder.php(2309): CodeIgniter\Database\BaseConnection->query('INSERT INTO `tbl_user` (`username`, `first_name`, `last_name`, `password`, `email`, `profession`, `location`, `website`, `phone`, `roletype`) VALUES (:username:, :first_name:, :last_name:, :password:, :email:, :profession:, :location:, :website:, :phone:, :roletype:)', [...], false)
 5 SYSTEMPATH\Model.php(330): CodeIgniter\Database\BaseBuilder->insert()
 6 SYSTEMPATH\BaseModel.php(782): CodeIgniter\Model->doInsert([...])
 7 SYSTEMPATH\Model.php(730): CodeIgniter\BaseModel->insert([...], true)
 8 APPPATH\Controllers\UserController.php(47): CodeIgniter\Model->insert([...])
 9 SYSTEMPATH\CodeIgniter.php(932): App\Controllers\UserController->storeUser()
10 SYSTEMPATH\CodeIgniter.php(497): CodeIgniter\CodeIgniter->runController(Object(App\Controllers\UserController))
11 SYSTEMPATH\CodeIgniter.php(366): CodeIgniter\CodeIgniter->handleRequest(null, Object(Config\Cache), false)
12 FCPATH\index.php(67): CodeIgniter\CodeIgniter->run()
13 SYSTEMPATH\Commands\Server\rewrite.php(47): require_once('C:\\Users\\user 1\\Desktop\\Starter\\public\\index.php')
INFO - 2024-10-08 08:14:00 --> Session: Class initialized using 'CodeIgniter\Session\Handlers\FileHandler' driver.
CRITICAL - 2024-10-08 08:14:00 --> Undefined variable $firstname
in APPPATH\Views\pages\usertable.php on line 34.
 1 APPPATH\Views\pages\usertable.php(34): CodeIgniter\Debug\Exceptions->errorHandler(2, 'Undefined variable $firstname', 'C:\\Users\\user 1\\Desktop\\Starter\\app\\Views\\pages\\usertable.php', 34)
 2 SYSTEMPATH\View\View.php(224): include('C:\\Users\\user 1\\Desktop\\Starter\\app\\Views\\pages\\usertable.php')
 3 SYSTEMPATH\View\View.php(227): CodeIgniter\View\View->CodeIgniter\View\{closure}()
 4 SYSTEMPATH\Common.php(1180): CodeIgniter\View\View->render('pages/usertable', [], true)
 5 APPPATH\Controllers\UserController.php(23): view('pages/usertable')
 6 SYSTEMPATH\CodeIgniter.php(932): App\Controllers\UserController->UserTable()
 7 SYSTEMPATH\CodeIgniter.php(497): CodeIgniter\CodeIgniter->runController(Object(App\Controllers\UserController))
 8 SYSTEMPATH\CodeIgniter.php(366): CodeIgniter\CodeIgniter->handleRequest(null, Object(Config\Cache), false)
 9 FCPATH\index.php(67): CodeIgniter\CodeIgniter->run()
10 SYSTEMPATH\Commands\Server\rewrite.php(47): require_once('C:\\Users\\user 1\\Desktop\\Starter\\public\\index.php')
ERROR - 2024-10-08 08:28:30 --> mysqli_sql_exception: Column 'password' cannot be null in C:\Users\user 1\Desktop\Starter\system\Database\MySQLi\Connection.php:295
Stack trace:
#0 C:\Users\user 1\Desktop\Starter\system\Database\MySQLi\Connection.php(295): mysqli->query('INSERT INTO `tb...', 0)
#1 C:\Users\user 1\Desktop\Starter\system\Database\BaseConnection.php(692): CodeIgniter\Database\MySQLi\Connection->execute('INSERT INTO `tb...')
#2 C:\Users\user 1\Desktop\Starter\system\Database\BaseConnection.php(606): CodeIgniter\Database\BaseConnection->simpleQuery('INSERT INTO `tb...')
#3 C:\Users\user 1\Desktop\Starter\system\Database\BaseBuilder.php(2309): CodeIgniter\Database\BaseConnection->query('INSERT INTO `tb...', Array, false)
#4 C:\Users\user 1\Desktop\Starter\system\Model.php(330): CodeIgniter\Database\BaseBuilder->insert()
#5 C:\Users\user 1\Desktop\Starter\system\BaseModel.php(782): CodeIgniter\Model->doInsert(Array)
#6 C:\Users\user 1\Desktop\Starter\system\Model.php(730): CodeIgniter\BaseModel->insert(Array, true)
#7 C:\Users\user 1\Desktop\Starter\app\Controllers\UserController.php(47): CodeIgniter\Model->insert(Array)
#8 C:\Users\user 1\Desktop\Starter\system\CodeIgniter.php(932): App\Controllers\UserController->storeUser()
#9 C:\Users\user 1\Desktop\Starter\system\CodeIgniter.php(497): CodeIgniter\CodeIgniter->runController(Object(App\Controllers\UserController))
#10 C:\Users\user 1\Desktop\Starter\system\CodeIgniter.php(366): CodeIgniter\CodeIgniter->handleRequest(NULL, Object(Config\Cache), false)
#11 C:\Users\user 1\Desktop\Starter\public\index.php(67): CodeIgniter\CodeIgniter->run()
#12 C:\Users\user 1\Desktop\Starter\system\Commands\Server\rewrite.php(47): require_once('C:\\Users\\user 1...')
#13 {main}
CRITICAL - 2024-10-08 08:28:30 --> Column 'password' cannot be null
in SYSTEMPATH\Database\MySQLi\Connection.php on line 295.
 1 SYSTEMPATH\Database\MySQLi\Connection.php(295): mysqli->query('INSERT INTO `tbl_user` (`username`, `first_name`, `last_name`, `password`, `email`, `profession`, `location`, `website`, `phone`, `roletype`) VALUES (\'qwda\', \'asd\', \'asd\', NULL, \'asd@gmail.com\', \'asd\', \'asd\', \'asd\', \'asd\', NULL)', 0)
 2 SYSTEMPATH\Database\BaseConnection.php(692): CodeIgniter\Database\MySQLi\Connection->execute('INSERT INTO `tbl_user` (`username`, `first_name`, `last_name`, `password`, `email`, `profession`, `location`, `website`, `phone`, `roletype`) VALUES (\'qwda\', \'asd\', \'asd\', NULL, \'asd@gmail.com\', \'asd\', \'asd\', \'asd\', \'asd\', NULL)')
 3 SYSTEMPATH\Database\BaseConnection.php(606): CodeIgniter\Database\BaseConnection->simpleQuery('INSERT INTO `tbl_user` (`username`, `first_name`, `last_name`, `password`, `email`, `profession`, `location`, `website`, `phone`, `roletype`) VALUES (\'qwda\', \'asd\', \'asd\', NULL, \'asd@gmail.com\', \'asd\', \'asd\', \'asd\', \'asd\', NULL)')
 4 SYSTEMPATH\Database\BaseBuilder.php(2309): CodeIgniter\Database\BaseConnection->query('INSERT INTO `tbl_user` (`username`, `first_name`, `last_name`, `password`, `email`, `profession`, `location`, `website`, `phone`, `roletype`) VALUES (:username:, :first_name:, :last_name:, :password:, :email:, :profession:, :location:, :website:, :phone:, :roletype:)', [...], false)
 5 SYSTEMPATH\Model.php(330): CodeIgniter\Database\BaseBuilder->insert()
 6 SYSTEMPATH\BaseModel.php(782): CodeIgniter\Model->doInsert([...])
 7 SYSTEMPATH\Model.php(730): CodeIgniter\BaseModel->insert([...], true)
 8 APPPATH\Controllers\UserController.php(47): CodeIgniter\Model->insert([...])
 9 SYSTEMPATH\CodeIgniter.php(932): App\Controllers\UserController->storeUser()
10 SYSTEMPATH\CodeIgniter.php(497): CodeIgniter\CodeIgniter->runController(Object(App\Controllers\UserController))
11 SYSTEMPATH\CodeIgniter.php(366): CodeIgniter\CodeIgniter->handleRequest(null, Object(Config\Cache), false)
12 FCPATH\index.php(67): CodeIgniter\CodeIgniter->run()
13 SYSTEMPATH\Commands\Server\rewrite.php(47): require_once('C:\\Users\\user 1\\Desktop\\Starter\\public\\index.php')
ERROR - 2024-10-08 08:41:25 --> mysqli_sql_exception: Column 'password' cannot be null in C:\Users\user 1\Desktop\Starter\system\Database\MySQLi\Connection.php:295
Stack trace:
#0 C:\Users\user 1\Desktop\Starter\system\Database\MySQLi\Connection.php(295): mysqli->query('INSERT INTO `tb...', 0)
#1 C:\Users\user 1\Desktop\Starter\system\Database\BaseConnection.php(692): CodeIgniter\Database\MySQLi\Connection->execute('INSERT INTO `tb...')
#2 C:\Users\user 1\Desktop\Starter\system\Database\BaseConnection.php(606): CodeIgniter\Database\BaseConnection->simpleQuery('INSERT INTO `tb...')
#3 C:\Users\user 1\Desktop\Starter\system\Database\BaseBuilder.php(2309): CodeIgniter\Database\BaseConnection->query('INSERT INTO `tb...', Array, false)
#4 C:\Users\user 1\Desktop\Starter\system\Model.php(330): CodeIgniter\Database\BaseBuilder->insert()
#5 C:\Users\user 1\Desktop\Starter\system\BaseModel.php(782): CodeIgniter\Model->doInsert(Array)
#6 C:\Users\user 1\Desktop\Starter\system\Model.php(730): CodeIgniter\BaseModel->insert(Array, true)
#7 C:\Users\user 1\Desktop\Starter\app\Controllers\UserController.php(47): CodeIgniter\Model->insert(Array)
#8 C:\Users\user 1\Desktop\Starter\system\CodeIgniter.php(932): App\Controllers\UserController->storeUser()
#9 C:\Users\user 1\Desktop\Starter\system\CodeIgniter.php(497): CodeIgniter\CodeIgniter->runController(Object(App\Controllers\UserController))
#10 C:\Users\user 1\Desktop\Starter\system\CodeIgniter.php(366): CodeIgniter\CodeIgniter->handleRequest(NULL, Object(Config\Cache), false)
#11 C:\Users\user 1\Desktop\Starter\public\index.php(67): CodeIgniter\CodeIgniter->run()
#12 C:\Users\user 1\Desktop\Starter\system\Commands\Server\rewrite.php(47): require_once('C:\\Users\\user 1...')
#13 {main}
CRITICAL - 2024-10-08 08:41:25 --> Column 'password' cannot be null
in SYSTEMPATH\Database\MySQLi\Connection.php on line 295.
 1 SYSTEMPATH\Database\MySQLi\Connection.php(295): mysqli->query('INSERT INTO `tbl_user` (`username`, `first_name`, `last_name`, `password`, `email`, `profession`, `location`, `website`, `phone`, `roletype`) VALUES (\'asd\', \'asd\', \'asdasd\', NULL, \'sadsd@gmail.com\', \'werwe\', \'wer\', \'werwer\', \'werwer\', NULL)', 0)
 2 SYSTEMPATH\Database\BaseConnection.php(692): CodeIgniter\Database\MySQLi\Connection->execute('INSERT INTO `tbl_user` (`username`, `first_name`, `last_name`, `password`, `email`, `profession`, `location`, `website`, `phone`, `roletype`) VALUES (\'asd\', \'asd\', \'asdasd\', NULL, \'sadsd@gmail.com\', \'werwe\', \'wer\', \'werwer\', \'werwer\', NULL)')
 3 SYSTEMPATH\Database\BaseConnection.php(606): CodeIgniter\Database\BaseConnection->simpleQuery('INSERT INTO `tbl_user` (`username`, `first_name`, `last_name`, `password`, `email`, `profession`, `location`, `website`, `phone`, `roletype`) VALUES (\'asd\', \'asd\', \'asdasd\', NULL, \'sadsd@gmail.com\', \'werwe\', \'wer\', \'werwer\', \'werwer\', NULL)')
 4 SYSTEMPATH\Database\BaseBuilder.php(2309): CodeIgniter\Database\BaseConnection->query('INSERT INTO `tbl_user` (`username`, `first_name`, `last_name`, `password`, `email`, `profession`, `location`, `website`, `phone`, `roletype`) VALUES (:username:, :first_name:, :last_name:, :password:, :email:, :profession:, :location:, :website:, :phone:, :roletype:)', [...], false)
 5 SYSTEMPATH\Model.php(330): CodeIgniter\Database\BaseBuilder->insert()
 6 SYSTEMPATH\BaseModel.php(782): CodeIgniter\Model->doInsert([...])
 7 SYSTEMPATH\Model.php(730): CodeIgniter\BaseModel->insert([...], true)
 8 APPPATH\Controllers\UserController.php(47): CodeIgniter\Model->insert([...])
 9 SYSTEMPATH\CodeIgniter.php(932): App\Controllers\UserController->storeUser()
10 SYSTEMPATH\CodeIgniter.php(497): CodeIgniter\CodeIgniter->runController(Object(App\Controllers\UserController))
11 SYSTEMPATH\CodeIgniter.php(366): CodeIgniter\CodeIgniter->handleRequest(null, Object(Config\Cache), false)
12 FCPATH\index.php(67): CodeIgniter\CodeIgniter->run()
13 SYSTEMPATH\Commands\Server\rewrite.php(47): require_once('C:\\Users\\user 1\\Desktop\\Starter\\public\\index.php')
ERROR - 2024-10-08 08:43:33 --> mysqli_sql_exception: Column 'password' cannot be null in C:\Users\user 1\Desktop\Starter\system\Database\MySQLi\Connection.php:295
Stack trace:
#0 C:\Users\user 1\Desktop\Starter\system\Database\MySQLi\Connection.php(295): mysqli->query('INSERT INTO `tb...', 0)
#1 C:\Users\user 1\Desktop\Starter\system\Database\BaseConnection.php(692): CodeIgniter\Database\MySQLi\Connection->execute('INSERT INTO `tb...')
#2 C:\Users\user 1\Desktop\Starter\system\Database\BaseConnection.php(606): CodeIgniter\Database\BaseConnection->simpleQuery('INSERT INTO `tb...')
#3 C:\Users\user 1\Desktop\Starter\system\Database\BaseBuilder.php(2309): CodeIgniter\Database\BaseConnection->query('INSERT INTO `tb...', Array, false)
#4 C:\Users\user 1\Desktop\Starter\system\Model.php(330): CodeIgniter\Database\BaseBuilder->insert()
#5 C:\Users\user 1\Desktop\Starter\system\BaseModel.php(782): CodeIgniter\Model->doInsert(Array)
#6 C:\Users\user 1\Desktop\Starter\system\Model.php(730): CodeIgniter\BaseModel->insert(Array, true)
#7 C:\Users\user 1\Desktop\Starter\app\Controllers\UserController.php(47): CodeIgniter\Model->insert(Array)
#8 C:\Users\user 1\Desktop\Starter\system\CodeIgniter.php(932): App\Controllers\UserController->storeUser()
#9 C:\Users\user 1\Desktop\Starter\system\CodeIgniter.php(497): CodeIgniter\CodeIgniter->runController(Object(App\Controllers\UserController))
#10 C:\Users\user 1\Desktop\Starter\system\CodeIgniter.php(366): CodeIgniter\CodeIgniter->handleRequest(NULL, Object(Config\Cache), false)
#11 C:\Users\user 1\Desktop\Starter\public\index.php(67): CodeIgniter\CodeIgniter->run()
#12 C:\Users\user 1\Desktop\Starter\system\Commands\Server\rewrite.php(47): require_once('C:\\Users\\user 1...')
#13 {main}
CRITICAL - 2024-10-08 08:43:33 --> Column 'password' cannot be null
in SYSTEMPATH\Database\MySQLi\Connection.php on line 295.
 1 SYSTEMPATH\Database\MySQLi\Connection.php(295): mysqli->query('INSERT INTO `tbl_user` (`username`, `first_name`, `last_name`, `password`, `email`, `profession`, `location`, `website`, `phone`, `roletype`) VALUES (\'asd\', \'asd\', \'asd\', NULL, \'asd@gmail.com\', \'wqweqw\', \'qwe\', \'qweqw\', \'qwe\', NULL)', 0)
 2 SYSTEMPATH\Database\BaseConnection.php(692): CodeIgniter\Database\MySQLi\Connection->execute('INSERT INTO `tbl_user` (`username`, `first_name`, `last_name`, `password`, `email`, `profession`, `location`, `website`, `phone`, `roletype`) VALUES (\'asd\', \'asd\', \'asd\', NULL, \'asd@gmail.com\', \'wqweqw\', \'qwe\', \'qweqw\', \'qwe\', NULL)')
 3 SYSTEMPATH\Database\BaseConnection.php(606): CodeIgniter\Database\BaseConnection->simpleQuery('INSERT INTO `tbl_user` (`username`, `first_name`, `last_name`, `password`, `email`, `profession`, `location`, `website`, `phone`, `roletype`) VALUES (\'asd\', \'asd\', \'asd\', NULL, \'asd@gmail.com\', \'wqweqw\', \'qwe\', \'qweqw\', \'qwe\', NULL)')
 4 SYSTEMPATH\Database\BaseBuilder.php(2309): CodeIgniter\Database\BaseConnection->query('INSERT INTO `tbl_user` (`username`, `first_name`, `last_name`, `password`, `email`, `profession`, `location`, `website`, `phone`, `roletype`) VALUES (:username:, :first_name:, :last_name:, :password:, :email:, :profession:, :location:, :website:, :phone:, :roletype:)', [...], false)
 5 SYSTEMPATH\Model.php(330): CodeIgniter\Database\BaseBuilder->insert()
 6 SYSTEMPATH\BaseModel.php(782): CodeIgniter\Model->doInsert([...])
 7 SYSTEMPATH\Model.php(730): CodeIgniter\BaseModel->insert([...], true)
 8 APPPATH\Controllers\UserController.php(47): CodeIgniter\Model->insert([...])
 9 SYSTEMPATH\CodeIgniter.php(932): App\Controllers\UserController->storeUser()
10 SYSTEMPATH\CodeIgniter.php(497): CodeIgniter\CodeIgniter->runController(Object(App\Controllers\UserController))
11 SYSTEMPATH\CodeIgniter.php(366): CodeIgniter\CodeIgniter->handleRequest(null, Object(Config\Cache), false)
12 FCPATH\index.php(67): CodeIgniter\CodeIgniter->run()
13 SYSTEMPATH\Commands\Server\rewrite.php(47): require_once('C:\\Users\\user 1\\Desktop\\Starter\\public\\index.php')
ERROR - 2024-10-08 08:45:21 --> mysqli_sql_exception: Column 'roletype' cannot be null in C:\Users\user 1\Desktop\Starter\system\Database\MySQLi\Connection.php:295
Stack trace:
#0 C:\Users\user 1\Desktop\Starter\system\Database\MySQLi\Connection.php(295): mysqli->query('INSERT INTO `tb...', 0)
#1 C:\Users\user 1\Desktop\Starter\system\Database\BaseConnection.php(692): CodeIgniter\Database\MySQLi\Connection->execute('INSERT INTO `tb...')
#2 C:\Users\user 1\Desktop\Starter\system\Database\BaseConnection.php(606): CodeIgniter\Database\BaseConnection->simpleQuery('INSERT INTO `tb...')
#3 C:\Users\user 1\Desktop\Starter\system\Database\BaseBuilder.php(2309): CodeIgniter\Database\BaseConnection->query('INSERT INTO `tb...', Array, false)
#4 C:\Users\user 1\Desktop\Starter\system\Model.php(330): CodeIgniter\Database\BaseBuilder->insert()
#5 C:\Users\user 1\Desktop\Starter\system\BaseModel.php(782): CodeIgniter\Model->doInsert(Array)
#6 C:\Users\user 1\Desktop\Starter\system\Model.php(730): CodeIgniter\BaseModel->insert(Array, true)
#7 C:\Users\user 1\Desktop\Starter\app\Controllers\UserController.php(47): CodeIgniter\Model->insert(Array)
#8 C:\Users\user 1\Desktop\Starter\system\CodeIgniter.php(932): App\Controllers\UserController->storeUser()
#9 C:\Users\user 1\Desktop\Starter\system\CodeIgniter.php(497): CodeIgniter\CodeIgniter->runController(Object(App\Controllers\UserController))
#10 C:\Users\user 1\Desktop\Starter\system\CodeIgniter.php(366): CodeIgniter\CodeIgniter->handleRequest(NULL, Object(Config\Cache), false)
#11 C:\Users\user 1\Desktop\Starter\public\index.php(67): CodeIgniter\CodeIgniter->run()
#12 C:\Users\user 1\Desktop\Starter\system\Commands\Server\rewrite.php(47): require_once('C:\\Users\\user 1...')
#13 {main}
CRITICAL - 2024-10-08 08:45:21 --> Column 'roletype' cannot be null
in SYSTEMPATH\Database\MySQLi\Connection.php on line 295.
 1 SYSTEMPATH\Database\MySQLi\Connection.php(295): mysqli->query('INSERT INTO `tbl_user` (`username`, `first_name`, `last_name`, `password`, `email`, `profession`, `location`, `website`, `phone`, `roletype`) VALUES (\'asdasd\', \'sad\', \'asd\', \'sdfdf\', \'daa@gami.com\', \'sdfasd\', \'sdf\', \'sdf\', \'sdf\', NULL)', 0)
 2 SYSTEMPATH\Database\BaseConnection.php(692): CodeIgniter\Database\MySQLi\Connection->execute('INSERT INTO `tbl_user` (`username`, `first_name`, `last_name`, `password`, `email`, `profession`, `location`, `website`, `phone`, `roletype`) VALUES (\'asdasd\', \'sad\', \'asd\', \'sdfdf\', \'daa@gami.com\', \'sdfasd\', \'sdf\', \'sdf\', \'sdf\', NULL)')
 3 SYSTEMPATH\Database\BaseConnection.php(606): CodeIgniter\Database\BaseConnection->simpleQuery('INSERT INTO `tbl_user` (`username`, `first_name`, `last_name`, `password`, `email`, `profession`, `location`, `website`, `phone`, `roletype`) VALUES (\'asdasd\', \'sad\', \'asd\', \'sdfdf\', \'daa@gami.com\', \'sdfasd\', \'sdf\', \'sdf\', \'sdf\', NULL)')
 4 SYSTEMPATH\Database\BaseBuilder.php(2309): CodeIgniter\Database\BaseConnection->query('INSERT INTO `tbl_user` (`username`, `first_name`, `last_name`, `password`, `email`, `profession`, `location`, `website`, `phone`, `roletype`) VALUES (:username:, :first_name:, :last_name:, :password:, :email:, :profession:, :location:, :website:, :phone:, :roletype:)', [...], false)
 5 SYSTEMPATH\Model.php(330): CodeIgniter\Database\BaseBuilder->insert()
 6 SYSTEMPATH\BaseModel.php(782): CodeIgniter\Model->doInsert([...])
 7 SYSTEMPATH\Model.php(730): CodeIgniter\BaseModel->insert([...], true)
 8 APPPATH\Controllers\UserController.php(47): CodeIgniter\Model->insert([...])
 9 SYSTEMPATH\CodeIgniter.php(932): App\Controllers\UserController->storeUser()
10 SYSTEMPATH\CodeIgniter.php(497): CodeIgniter\CodeIgniter->runController(Object(App\Controllers\UserController))
11 SYSTEMPATH\CodeIgniter.php(366): CodeIgniter\CodeIgniter->handleRequest(null, Object(Config\Cache), false)
12 FCPATH\index.php(67): CodeIgniter\CodeIgniter->run()
13 SYSTEMPATH\Commands\Server\rewrite.php(47): require_once('C:\\Users\\user 1\\Desktop\\Starter\\public\\index.php')
INFO - 2024-10-08 08:47:43 --> Session: Class initialized using 'CodeIgniter\Session\Handlers\FileHandler' driver.
CRITICAL - 2024-10-08 08:47:43 --> syntax error, unexpected end of file, expecting "elseif" or "else" or "endif"
in APPPATH\Views\pages\usertable.php on line 54.
 1 SYSTEMPATH\View\View.php(227): CodeIgniter\View\View->CodeIgniter\View\{closure}()
 2 SYSTEMPATH\Common.php(1180): CodeIgniter\View\View->render('pages/usertable', [], true)
 3 APPPATH\Controllers\UserController.php(23): view('pages/usertable')
 4 SYSTEMPATH\CodeIgniter.php(932): App\Controllers\UserController->UserTable()
 5 SYSTEMPATH\CodeIgniter.php(497): CodeIgniter\CodeIgniter->runController(Object(App\Controllers\UserController))
 6 SYSTEMPATH\CodeIgniter.php(366): CodeIgniter\CodeIgniter->handleRequest(null, Object(Config\Cache), false)
 7 FCPATH\index.php(67): CodeIgniter\CodeIgniter->run()
 8 SYSTEMPATH\Commands\Server\rewrite.php(47): require_once('C:\\Users\\user 1\\Desktop\\Starter\\public\\index.php')
INFO - 2024-10-08 08:53:59 --> Session: Class initialized using 'CodeIgniter\Session\Handlers\FileHandler' driver.
INFO - 2024-10-08 08:53:59 --> Session: Class initialized using 'CodeIgniter\Session\Handlers\FileHandler' driver.
CRITICAL - 2024-10-08 08:53:59 --> Undefined variable $pages
in APPPATH\Views\pages\usertable.php on line 32.
 1 APPPATH\Views\pages\usertable.php(32): CodeIgniter\Debug\Exceptions->errorHandler(2, 'Undefined variable $pages', 'C:\\Users\\user 1\\Desktop\\Starter\\app\\Views\\pages\\usertable.php', 32)
 2 SYSTEMPATH\View\View.php(224): include('C:\\Users\\user 1\\Desktop\\Starter\\app\\Views\\pages\\usertable.php')
 3 SYSTEMPATH\View\View.php(227): CodeIgniter\View\View->CodeIgniter\View\{closure}()
 4 SYSTEMPATH\Common.php(1180): CodeIgniter\View\View->render('pages/usertable', [], true)
 5 APPPATH\Controllers\UserController.php(23): view('pages/usertable')
 6 SYSTEMPATH\CodeIgniter.php(932): App\Controllers\UserController->UserTable()
 7 SYSTEMPATH\CodeIgniter.php(497): CodeIgniter\CodeIgniter->runController(Object(App\Controllers\UserController))
 8 SYSTEMPATH\CodeIgniter.php(366): CodeIgniter\CodeIgniter->handleRequest(null, Object(Config\Cache), false)
 9 FCPATH\index.php(67): CodeIgniter\CodeIgniter->run()
10 SYSTEMPATH\Commands\Server\rewrite.php(47): require_once('C:\\Users\\user 1\\Desktop\\Starter\\public\\index.php')
