WARNING - 2024-11-14 01:54:06 --> [DEPRECATED] strtotime(): Passing null to parameter #1 ($datetime) of type string is deprecated in APPPATH\Models\QuestionModel.php on line 96.
 1 APPPATH\Models\QuestionModel.php(96): strtotime(null)
 2 APPPATH\Controllers\Home.php(50): App\Models\QuestionModel->getMonthlyCounted()
 3 SYSTEMPATH\CodeIgniter.php(932): App\Controllers\Home->index()
 4 SYSTEMPATH\CodeIgniter.php(497): CodeIgniter\CodeIgniter->runController(Object(App\Controllers\Home))
 5 SYSTEMPATH\CodeIgniter.php(366): CodeIgniter\CodeIgniter->handleRequest(null, Object(Config\Cache), false)
 6 FCPATH\index.php(67): CodeIgniter\CodeIgniter->run()
 7 SYSTEMPATH\Commands\Server\rewrite.php(47): require_once('C:\\Users\\user 1\\Desktop\\Starter\\public\\index.php')
WARNING - 2024-11-14 01:54:06 --> [DEPRECATED] strtotime(): Passing null to parameter #1 ($datetime) of type string is deprecated in APPPATH\Models\QuestionModel.php on line 97.
 1 APPPATH\Models\QuestionModel.php(97): strtotime(null)
 2 APPPATH\Controllers\Home.php(50): App\Models\QuestionModel->getMonthlyCounted()
 3 SYSTEMPATH\CodeIgniter.php(932): App\Controllers\Home->index()
 4 SYSTEMPATH\CodeIgniter.php(497): CodeIgniter\CodeIgniter->runController(Object(App\Controllers\Home))
 5 SYSTEMPATH\CodeIgniter.php(366): CodeIgniter\CodeIgniter->handleRequest(null, Object(Config\Cache), false)
 6 FCPATH\index.php(67): CodeIgniter\CodeIgniter->run()
 7 SYSTEMPATH\Commands\Server\rewrite.php(47): require_once('C:\\Users\\user 1\\Desktop\\Starter\\public\\index.php')
INFO - 2024-11-14 01:54:07 --> Session: Class initialized using 'CodeIgniter\Session\Handlers\FileHandler' driver.
INFO - 2024-11-14 01:54:19 --> Session: Class initialized using 'CodeIgniter\Session\Handlers\FileHandler' driver.
INFO - 2024-11-14 01:54:30 --> Session: Class initialized using 'CodeIgniter\Session\Handlers\FileHandler' driver.
WARNING - 2024-11-14 01:54:30 --> [DEPRECATED] strtotime(): Passing null to parameter #1 ($datetime) of type string is deprecated in APPPATH\Models\QuestionModel.php on line 96.
 1 APPPATH\Models\QuestionModel.php(96): strtotime(null)
 2 APPPATH\Controllers\Home.php(50): App\Models\QuestionModel->getMonthlyCounted()
 3 SYSTEMPATH\CodeIgniter.php(932): App\Controllers\Home->index()
 4 SYSTEMPATH\CodeIgniter.php(497): CodeIgniter\CodeIgniter->runController(Object(App\Controllers\Home))
 5 SYSTEMPATH\CodeIgniter.php(366): CodeIgniter\CodeIgniter->handleRequest(null, Object(Config\Cache), false)
 6 FCPATH\index.php(67): CodeIgniter\CodeIgniter->run()
 7 SYSTEMPATH\Commands\Server\rewrite.php(47): require_once('C:\\Users\\user 1\\Desktop\\Starter\\public\\index.php')
WARNING - 2024-11-14 01:54:30 --> [DEPRECATED] strtotime(): Passing null to parameter #1 ($datetime) of type string is deprecated in APPPATH\Models\QuestionModel.php on line 97.
 1 APPPATH\Models\QuestionModel.php(97): strtotime(null)
 2 APPPATH\Controllers\Home.php(50): App\Models\QuestionModel->getMonthlyCounted()
 3 SYSTEMPATH\CodeIgniter.php(932): App\Controllers\Home->index()
 4 SYSTEMPATH\CodeIgniter.php(497): CodeIgniter\CodeIgniter->runController(Object(App\Controllers\Home))
 5 SYSTEMPATH\CodeIgniter.php(366): CodeIgniter\CodeIgniter->handleRequest(null, Object(Config\Cache), false)
 6 FCPATH\index.php(67): CodeIgniter\CodeIgniter->run()
 7 SYSTEMPATH\Commands\Server\rewrite.php(47): require_once('C:\\Users\\user 1\\Desktop\\Starter\\public\\index.php')
INFO - 2024-11-14 01:54:31 --> Session: Class initialized using 'CodeIgniter\Session\Handlers\FileHandler' driver.
INFO - 2024-11-14 01:54:46 --> Session: Class initialized using 'CodeIgniter\Session\Handlers\FileHandler' driver.
WARNING - 2024-11-14 01:54:52 --> [DEPRECATED] strtotime(): Passing null to parameter #1 ($datetime) of type string is deprecated in APPPATH\Models\QuestionModel.php on line 96.
 1 APPPATH\Models\QuestionModel.php(96): strtotime(null)
 2 APPPATH\Controllers\Home.php(50): App\Models\QuestionModel->getMonthlyCounted()
 3 SYSTEMPATH\CodeIgniter.php(932): App\Controllers\Home->index()
 4 SYSTEMPATH\CodeIgniter.php(497): CodeIgniter\CodeIgniter->runController(Object(App\Controllers\Home))
 5 SYSTEMPATH\CodeIgniter.php(366): CodeIgniter\CodeIgniter->handleRequest(null, Object(Config\Cache), false)
 6 FCPATH\index.php(67): CodeIgniter\CodeIgniter->run()
 7 SYSTEMPATH\Commands\Server\rewrite.php(47): require_once('C:\\Users\\user 1\\Desktop\\Starter\\public\\index.php')
WARNING - 2024-11-14 01:54:52 --> [DEPRECATED] strtotime(): Passing null to parameter #1 ($datetime) of type string is deprecated in APPPATH\Models\QuestionModel.php on line 97.
 1 APPPATH\Models\QuestionModel.php(97): strtotime(null)
 2 APPPATH\Controllers\Home.php(50): App\Models\QuestionModel->getMonthlyCounted()
 3 SYSTEMPATH\CodeIgniter.php(932): App\Controllers\Home->index()
 4 SYSTEMPATH\CodeIgniter.php(497): CodeIgniter\CodeIgniter->runController(Object(App\Controllers\Home))
 5 SYSTEMPATH\CodeIgniter.php(366): CodeIgniter\CodeIgniter->handleRequest(null, Object(Config\Cache), false)
 6 FCPATH\index.php(67): CodeIgniter\CodeIgniter->run()
 7 SYSTEMPATH\Commands\Server\rewrite.php(47): require_once('C:\\Users\\user 1\\Desktop\\Starter\\public\\index.php')
INFO - 2024-11-14 01:54:52 --> Session: Class initialized using 'CodeIgniter\Session\Handlers\FileHandler' driver.
WARNING - 2024-11-14 01:56:38 --> [DEPRECATED] strtotime(): Passing null to parameter #1 ($datetime) of type string is deprecated in APPPATH\Models\QuestionModel.php on line 96.
 1 APPPATH\Models\QuestionModel.php(96): strtotime(null)
 2 APPPATH\Controllers\Home.php(50): App\Models\QuestionModel->getMonthlyCounted()
 3 SYSTEMPATH\CodeIgniter.php(932): App\Controllers\Home->index()
 4 SYSTEMPATH\CodeIgniter.php(497): CodeIgniter\CodeIgniter->runController(Object(App\Controllers\Home))
 5 SYSTEMPATH\CodeIgniter.php(366): CodeIgniter\CodeIgniter->handleRequest(null, Object(Config\Cache), false)
 6 FCPATH\index.php(67): CodeIgniter\CodeIgniter->run()
 7 SYSTEMPATH\Commands\Server\rewrite.php(47): require_once('C:\\Users\\user 1\\Desktop\\Starter\\public\\index.php')
WARNING - 2024-11-14 01:56:38 --> [DEPRECATED] strtotime(): Passing null to parameter #1 ($datetime) of type string is deprecated in APPPATH\Models\QuestionModel.php on line 97.
 1 APPPATH\Models\QuestionModel.php(97): strtotime(null)
 2 APPPATH\Controllers\Home.php(50): App\Models\QuestionModel->getMonthlyCounted()
 3 SYSTEMPATH\CodeIgniter.php(932): App\Controllers\Home->index()
 4 SYSTEMPATH\CodeIgniter.php(497): CodeIgniter\CodeIgniter->runController(Object(App\Controllers\Home))
 5 SYSTEMPATH\CodeIgniter.php(366): CodeIgniter\CodeIgniter->handleRequest(null, Object(Config\Cache), false)
 6 FCPATH\index.php(67): CodeIgniter\CodeIgniter->run()
 7 SYSTEMPATH\Commands\Server\rewrite.php(47): require_once('C:\\Users\\user 1\\Desktop\\Starter\\public\\index.php')
INFO - 2024-11-14 01:56:38 --> Session: Class initialized using 'CodeIgniter\Session\Handlers\FileHandler' driver.
WARNING - 2024-11-14 01:56:50 --> [DEPRECATED] strtotime(): Passing null to parameter #1 ($datetime) of type string is deprecated in APPPATH\Models\QuestionModel.php on line 96.
 1 APPPATH\Models\QuestionModel.php(96): strtotime(null)
 2 APPPATH\Controllers\Home.php(50): App\Models\QuestionModel->getMonthlyCounted()
 3 SYSTEMPATH\CodeIgniter.php(932): App\Controllers\Home->index()
 4 SYSTEMPATH\CodeIgniter.php(497): CodeIgniter\CodeIgniter->runController(Object(App\Controllers\Home))
 5 SYSTEMPATH\CodeIgniter.php(366): CodeIgniter\CodeIgniter->handleRequest(null, Object(Config\Cache), false)
 6 FCPATH\index.php(67): CodeIgniter\CodeIgniter->run()
 7 SYSTEMPATH\Commands\Server\rewrite.php(47): require_once('C:\\Users\\user 1\\Desktop\\Starter\\public\\index.php')
WARNING - 2024-11-14 01:56:50 --> [DEPRECATED] strtotime(): Passing null to parameter #1 ($datetime) of type string is deprecated in APPPATH\Models\QuestionModel.php on line 97.
 1 APPPATH\Models\QuestionModel.php(97): strtotime(null)
 2 APPPATH\Controllers\Home.php(50): App\Models\QuestionModel->getMonthlyCounted()
 3 SYSTEMPATH\CodeIgniter.php(932): App\Controllers\Home->index()
 4 SYSTEMPATH\CodeIgniter.php(497): CodeIgniter\CodeIgniter->runController(Object(App\Controllers\Home))
 5 SYSTEMPATH\CodeIgniter.php(366): CodeIgniter\CodeIgniter->handleRequest(null, Object(Config\Cache), false)
 6 FCPATH\index.php(67): CodeIgniter\CodeIgniter->run()
 7 SYSTEMPATH\Commands\Server\rewrite.php(47): require_once('C:\\Users\\user 1\\Desktop\\Starter\\public\\index.php')
INFO - 2024-11-14 01:56:50 --> Session: Class initialized using 'CodeIgniter\Session\Handlers\FileHandler' driver.
WARNING - 2024-11-14 02:43:44 --> [DEPRECATED] strtotime(): Passing null to parameter #1 ($datetime) of type string is deprecated in APPPATH\Models\QuestionModel.php on line 96.
 1 APPPATH\Models\QuestionModel.php(96): strtotime(null)
 2 APPPATH\Controllers\Home.php(50): App\Models\QuestionModel->getMonthlyCounted()
 3 SYSTEMPATH\CodeIgniter.php(932): App\Controllers\Home->index()
 4 SYSTEMPATH\CodeIgniter.php(497): CodeIgniter\CodeIgniter->runController(Object(App\Controllers\Home))
 5 SYSTEMPATH\CodeIgniter.php(366): CodeIgniter\CodeIgniter->handleRequest(null, Object(Config\Cache), false)
 6 FCPATH\index.php(67): CodeIgniter\CodeIgniter->run()
 7 SYSTEMPATH\Commands\Server\rewrite.php(47): require_once('C:\\Users\\user 1\\Desktop\\Starter\\public\\index.php')
WARNING - 2024-11-14 02:43:44 --> [DEPRECATED] strtotime(): Passing null to parameter #1 ($datetime) of type string is deprecated in APPPATH\Models\QuestionModel.php on line 97.
 1 APPPATH\Models\QuestionModel.php(97): strtotime(null)
 2 APPPATH\Controllers\Home.php(50): App\Models\QuestionModel->getMonthlyCounted()
 3 SYSTEMPATH\CodeIgniter.php(932): App\Controllers\Home->index()
 4 SYSTEMPATH\CodeIgniter.php(497): CodeIgniter\CodeIgniter->runController(Object(App\Controllers\Home))
 5 SYSTEMPATH\CodeIgniter.php(366): CodeIgniter\CodeIgniter->handleRequest(null, Object(Config\Cache), false)
 6 FCPATH\index.php(67): CodeIgniter\CodeIgniter->run()
 7 SYSTEMPATH\Commands\Server\rewrite.php(47): require_once('C:\\Users\\user 1\\Desktop\\Starter\\public\\index.php')
INFO - 2024-11-14 02:43:45 --> Session: Class initialized using 'CodeIgniter\Session\Handlers\FileHandler' driver.
WARNING - 2024-11-14 03:00:45 --> [DEPRECATED] strtotime(): Passing null to parameter #1 ($datetime) of type string is deprecated in APPPATH\Models\QuestionModel.php on line 96.
 1 APPPATH\Models\QuestionModel.php(96): strtotime(null)
 2 APPPATH\Controllers\Home.php(50): App\Models\QuestionModel->getMonthlyCounted()
 3 SYSTEMPATH\CodeIgniter.php(932): App\Controllers\Home->index()
 4 SYSTEMPATH\CodeIgniter.php(497): CodeIgniter\CodeIgniter->runController(Object(App\Controllers\Home))
 5 SYSTEMPATH\CodeIgniter.php(366): CodeIgniter\CodeIgniter->handleRequest(null, Object(Config\Cache), false)
 6 FCPATH\index.php(67): CodeIgniter\CodeIgniter->run()
 7 SYSTEMPATH\Commands\Server\rewrite.php(47): require_once('C:\\Users\\user 1\\Desktop\\Starter\\public\\index.php')
WARNING - 2024-11-14 03:00:45 --> [DEPRECATED] strtotime(): Passing null to parameter #1 ($datetime) of type string is deprecated in APPPATH\Models\QuestionModel.php on line 97.
 1 APPPATH\Models\QuestionModel.php(97): strtotime(null)
 2 APPPATH\Controllers\Home.php(50): App\Models\QuestionModel->getMonthlyCounted()
 3 SYSTEMPATH\CodeIgniter.php(932): App\Controllers\Home->index()
 4 SYSTEMPATH\CodeIgniter.php(497): CodeIgniter\CodeIgniter->runController(Object(App\Controllers\Home))
 5 SYSTEMPATH\CodeIgniter.php(366): CodeIgniter\CodeIgniter->handleRequest(null, Object(Config\Cache), false)
 6 FCPATH\index.php(67): CodeIgniter\CodeIgniter->run()
 7 SYSTEMPATH\Commands\Server\rewrite.php(47): require_once('C:\\Users\\user 1\\Desktop\\Starter\\public\\index.php')
INFO - 2024-11-14 03:00:46 --> Session: Class initialized using 'CodeIgniter\Session\Handlers\FileHandler' driver.
INFO - 2024-11-14 03:01:02 --> Session: Class initialized using 'CodeIgniter\Session\Handlers\FileHandler' driver.
INFO - 2024-11-14 03:01:02 --> Session: Class initialized using 'CodeIgniter\Session\Handlers\FileHandler' driver.
INFO - 2024-11-14 03:01:33 --> Session: Class initialized using 'CodeIgniter\Session\Handlers\FileHandler' driver.
INFO - 2024-11-14 03:01:56 --> Session: Class initialized using 'CodeIgniter\Session\Handlers\FileHandler' driver.
INFO - 2024-11-14 03:03:33 --> Session: Class initialized using 'CodeIgniter\Session\Handlers\FileHandler' driver.
